#
# A fatal error has been detected by the Java Runtime Environment:
#
#  EXCEPTION_ACCESS_VIOLATION (0xc0000005) at pc=0x00007ffa39ccb0f6, pid=24192, tid=6756
#
# JRE version: OpenJDK Runtime Environment Temurin-22.0.2+9 (22.0.2+9) (build 22.0.2+9)
# Java VM: OpenJDK 64-Bit Server VM Temurin-22.0.2+9 (22.0.2+9, mixed mode, tiered, compressed oops, compressed class ptrs, g1 gc, windows-amd64)
# Problematic frame:
# C  [awt.dll+0xdb0f6]
#
# No core dump will be written. Minidumps are not enabled by default on client versions of Windows
#
# If you would like to submit a bug report, please visit:
#   https://github.com/adoptium/adoptium-support/issues
# The crash happened outside the Java Virtual Machine in native code.
# See problematic frame for where to report the bug.
#

---------------  S U M M A R Y ------------

Command Line: -Dfile.encoding=UTF-8 -Dstdout.encoding=UTF-8 -Dstderr.encoding=UTF-8 -XX:+ShowCodeDetailsInExceptionMessages event_Management.add_newitem

Host: Intel(R) Core(TM) i5-8265U CPU @ 1.60GHz, 8 cores, 7G,  Windows 11 , 64 bit Build 22621 (10.0.22621.3958)
Time: Thu Sep  5 23:09:06 2024 India Standard Time elapsed time: 20363.289903 seconds (0d 5h 39m 23s)

---------------  T H R E A D  ---------------

Current thread (0x000001804379d210):  JavaThread "AWT-EventQueue-0"        [_thread_in_native, id=6756, stack(0x0000001be6000000,0x0000001be6100000) (1024K)]

Stack: [0x0000001be6000000,0x0000001be6100000],  sp=0x0000001be60fea00,  free space=1018k
Native frames: (J=compiled Java code, j=interpreted, Vv=VM code, C=native code)
C  [awt.dll+0xdb0f6]  (no source info available)
C  [awt.dll+0xdc932]  (no source info available)
C  0x000001803589cf87  (no source info available)

The last pc belongs to native method entry point (kind = native) (printed below).
Java frames: (J=compiled Java code, j=interpreted, Vv=VM code)
j  sun.awt.Win32GraphicsDevice.initNativeScale(I)V+0 java.desktop@22.0.2
j  sun.awt.Win32GraphicsDevice.initScaleFactors()V+60 java.desktop@22.0.2
j  sun.awt.Win32GraphicsDevice.displayChanged()V+16 java.desktop@22.0.2
j  sun.awt.Win32GraphicsEnvironment.displayChanged()V+271 java.desktop@22.0.2
j  sun.awt.windows.WToolkit.lambda$displayChanged$4()V+15 java.desktop@22.0.2
j  sun.awt.windows.WToolkit$$Lambda+0x000000001516cf30.run()V+0 java.desktop@22.0.2
j  java.awt.event.InvocationEvent.dispatch()V+47 java.desktop@22.0.2
j  java.awt.EventQueue.dispatchEventImpl(Ljava/awt/AWTEvent;Ljava/lang/Object;)V+21 java.desktop@22.0.2
j  java.awt.EventQueue$4.run()Ljava/lang/Void;+32 java.desktop@22.0.2
j  java.awt.EventQueue$4.run()Ljava/lang/Object;+1 java.desktop@22.0.2
J 989 c1 java.security.AccessController.executePrivileged(Ljava/security/PrivilegedAction;Ljava/security/AccessControlContext;Ljava/lang/Class;)Ljava/lang/Object; java.base@22.0.2 (69 bytes) @ 0x000001802e4dd234 [0x000001802e4dd0e0+0x0000000000000154]
j  java.security.AccessController.doPrivileged(Ljava/security/PrivilegedAction;Ljava/security/AccessControlContext;)Ljava/lang/Object;+13 java.base@22.0.2
j  java.security.ProtectionDomain$JavaSecurityAccessImpl.doIntersectionPrivilege(Ljava/security/PrivilegedAction;Ljava/security/AccessControlContext;Ljava/security/AccessControlContext;)Ljava/lang/Object;+18 java.base@22.0.2
j  java.awt.EventQueue.dispatchEvent(Ljava/awt/AWTEvent;)V+46 java.desktop@22.0.2
j  java.awt.EventDispatchThread.pumpOneEventForFilters(I)V+81 java.desktop@22.0.2
j  java.awt.EventDispatchThread.pumpEventsForFilter(ILjava/awt/Conditional;Ljava/awt/EventFilter;)V+35 java.desktop@22.0.2
j  java.awt.EventDispatchThread.pumpEventsForHierarchy(ILjava/awt/Conditional;Ljava/awt/Component;)V+11 java.desktop@22.0.2
j  java.awt.EventDispatchThread.pumpEvents(ILjava/awt/Conditional;)V+4 java.desktop@22.0.2
j  java.awt.EventDispatchThread.pumpEvents(Ljava/awt/Conditional;)V+3 java.desktop@22.0.2
j  java.awt.EventDispatchThread.run()V+9 java.desktop@22.0.2
v  ~StubRoutines::call_stub 0x000001803589100d

siginfo: EXCEPTION_ACCESS_VIOLATION (0xc0000005), reading address 0x000000010000004e


Registers:
RAX=0x00000000fffffffe, RBX=0x00000180439c8bb0, RCX=0x00000000fffffffe, RDX=0x0000000000000000
RSP=0x0000001be60fea00, RBP=0x0000001be60feae0, RSI=0x0000000000000000, RDI=0x0000000000000000
R8 =0x0000000000000001, R9 =0x00000000000000dd, R10=0x000001803589cf58, R11=0x0000000000000100
R12=0x0000000000000000, R13=0x0000018044850578, R14=0x0000001be60feb08, R15=0x000001804379d210
RIP=0x00007ffa39ccb0f6, EFLAGS=0x0000000000010206


Register to memory mapping:

RAX=0x00000000fffffffe is an unallocated location in the heap
RBX=0x00000180439c8bb0 points into unknown readable memory: 0x0000018043898c60 | 60 8c 89 43 80 01 00 00
RCX=0x00000000fffffffe is an unallocated location in the heap
RDX=0x0 is null
RSP=0x0000001be60fea00 is pointing into the stack for thread: 0x000001804379d210
RBP=0x0000001be60feae0 is pointing into the stack for thread: 0x000001804379d210
RSI=0x0 is null
RDI=0x0 is null
R8 =0x0000000000000001 is an unknown value
R9 =0x00000000000000dd is an unknown value
R10=0x000001803589cf58 is at code_begin+1016 in an Interpreter codelet
native method entry point (kind = native)  [0x000001803589cb60, 0x000001803589d680]  2848 bytes
R11=0x0000000000000100 is an unknown value
R12=0x0 is null
R13={method} {0x0000018044850580} 'initNativeScale' '(I)V' in 'sun/awt/Win32GraphicsDevice'
R14=0x0000001be60feb08 is pointing into the stack for thread: 0x000001804379d210
R15=0x000001804379d210 is a thread

Top of Stack: (sp=0x0000001be60fea00)
0x0000001be60fea00:   0000018044c45e98 00007ff9fd23b34c
0x0000001be60fea10:   00000180439c8bb0 0000000000000000
0x0000001be60fea20:   00000180439c8bb0 00007ffa39ccc932
0x0000001be60fea30:   00007ffa39d29848 0000018044850578
0x0000001be60fea40:   0000001be60feaf0 0000018042ad34a0
0x0000001be60fea50:   0000018035898a40 000001803589cf87
0x0000001be60fea60:   0000018044850578 00000180358aabe7
0x0000001be60fea70:   000001804379d210 0000018035898a40
0x0000001be60fea80:   0000000000000000 00007ff9fd6addf9
0x0000001be60fea90:   0000001be60febd0 fffffffffffffff7
0x0000001be60feaa0:   0000000000000000 0000000000000005
0x0000001be60feab0:   0000018044853c40 0000000000000000
0x0000001be60feac0:   00000000899e72c0 0000018044850578
0x0000001be60fead0:   0000000000000000 0000001be60feb00
0x0000001be60feae0:   0000001be60feb58 00000180358988a6
0x0000001be60feaf0:   0000000000000000 000001803589a4d7
0x0000001be60feb00:   0000000000000000 000000008987b7d0
0x0000001be60feb10:   fffffffffffffff7 0000018044850bcc
0x0000001be60feb20:   0000000000000002 0000018044853c40
0x0000001be60feb30:   0000000000000000 00000000899e72c0
0x0000001be60feb40:   0000018044850c18 fffffffffffffff5
0x0000001be60feb50:   0000001be60feb68 0000001be60febb8
0x0000001be60feb60:   00000180358988a6 000000008987b7d0
0x0000001be60feb70:   fffffffffffffff7 0000018044852490
0x0000001be60feb80:   0000000000000003 0000018044853c40
0x0000001be60feb90:   0000000000000000 00000000899e72c0
0x0000001be60feba0:   00000180448524d8 fffffffffffffff6
0x0000001be60febb0:   0000001be60febd0 0000001be60fec20
0x0000001be60febc0:   00000180358988a6 0000000000000000
0x0000001be60febd0:   000000008987b7d0 fffffffffffffff7
0x0000001be60febe0:   0000018044759e1f 0000000000000008
0x0000001be60febf0:   000001804475e078 0000000000000000 

Instructions: (pc=0x00007ffa39ccb0f6)
0x00007ffa39ccaff6:   11 45 d4 0f 11 45 e4 0f 11 45 f4 89 45 04 c7 45
0x00007ffa39ccb006:   a0 68 00 00 00 0f 11 44 24 34 0f 11 44 24 44 0f
0x00007ffa39ccb016:   11 44 24 54 0f 11 44 24 64 0f 11 44 24 74 0f 11
0x00007ffa39ccb026:   45 84 89 45 94 c7 44 24 30 68 00 00 00 48 8d 55
0x00007ffa39ccb036:   a0 49 8b ce ff 15 88 7d 06 00 85 c0 74 41 48 8d
0x00007ffa39ccb046:   54 24 30 48 8b ce ff 15 76 7d 06 00 85 c0 74 2f
0x00007ffa39ccb056:   48 8d 54 24 34 48 8d 4d a4 ff 15 ab 78 06 00 85
0x00007ffa39ccb066:   c0 74 1c 48 8d 54 24 44 48 8d 4d b4 ff 15 98 78
0x00007ffa39ccb076:   06 00 85 c0 74 09 8b 44 24 54 39 45 c4 74 11 ff
0x00007ffa39ccb086:   c7 3b 7b 0c 0f 8c 40 ff ff ff 8b 3d 0a b3 06 00
0x00007ffa39ccb096:   48 8b cb e8 02 ce f4 ff 90 8b c7 48 8b 4d 10 48
0x00007ffa39ccb0a6:   33 cc e8 53 02 01 00 4c 8d 9c 24 20 01 00 00 49
0x00007ffa39ccb0b6:   8b 5b 28 49 8b 73 30 49 8b e3 41 5e 5f 5d c3 cc
0x00007ffa39ccb0c6:   cc cc cc cc cc cc cc cc cc cc 48 8b 41 08 48 8b
0x00007ffa39ccb0d6:   80 18 0c 00 00 c3 cc cc cc cc 48 8b 41 08 48 05
0x00007ffa39ccb0e6:   00 04 00 00 c3 cc cc cc cc cc 40 53 48 83 ec 20
0x00007ffa39ccb0f6:   83 79 50 00 48 8b d9 75 56 48 8b 49 28 4c 8d 44
0x00007ffa39ccb106:   24 38 48 8d 54 24 30 c7 44 24 30 00 00 80 bf c7
0x00007ffa39ccb116:   44 24 38 00 00 80 bf e8 be e1 00 00 f3 0f 10 54
0x00007ffa39ccb126:   24 30 0f 57 c0 0f 2f d0 76 25 f3 0f 10 4c 24 38
0x00007ffa39ccb136:   0f 2f c8 76 1a f3 0f 5e 15 d9 9b 02 00 f3 0f 5e
0x00007ffa39ccb146:   0d d1 9b 02 00 f3 0f 11 53 48 f3 0f 11 4b 4c 48
0x00007ffa39ccb156:   83 c4 20 5b c3 cc cc cc cc cc 48 89 5c 24 10 48
0x00007ffa39ccb166:   89 74 24 18 48 89 7c 24 20 41 56 48 83 ec 40 48
0x00007ffa39ccb176:   8b d9 48 83 79 18 00 75 14 b9 28 04 00 00 e8 97
0x00007ffa39ccb186:   97 00 00 48 89 43 18 c7 00 28 00 00 00 48 8b 43
0x00007ffa39ccb196:   18 33 ff 66 89 78 0e 48 8b 4b 28 e8 5a 03 00 00
0x00007ffa39ccb1a6:   48 8b f0 ba 01 00 00 00 44 8b c2 48 8b c8 ff 15
0x00007ffa39ccb1b6:   76 74 06 00 4c 8b f0 89 7c 24 30 48 8b 4b 18 48
0x00007ffa39ccb1c6:   89 4c 24 28 48 89 7c 24 20 44 8d 4f 01 45 33 c0
0x00007ffa39ccb1d6:   48 8b d0 48 8b ce ff 15 2e 75 06 00 48 8b 53 30
0x00007ffa39ccb1e6:   48 8b 0b 83 79 04 08 0f 8e 01 02 00 00 f6 42 24 


Stack slot to memory mapping:

stack at sp + 0 slots: 0x0000018044c45e98 is pointing into metadata
stack at sp + 1 slots: 0x00007ff9fd23b34c jvm.dll
stack at sp + 2 slots: 0x00000180439c8bb0 points into unknown readable memory: 0x0000018043898c60 | 60 8c 89 43 80 01 00 00
stack at sp + 3 slots: 0x0 is null
stack at sp + 4 slots: 0x00000180439c8bb0 points into unknown readable memory: 0x0000018043898c60 | 60 8c 89 43 80 01 00 00
stack at sp + 5 slots: 0x00007ffa39ccc932 awt.dll
stack at sp + 6 slots: 0x00007ffa39d29848 awt.dll
stack at sp + 7 slots: {method} {0x0000018044850580} 'initNativeScale' '(I)V' in 'sun/awt/Win32GraphicsDevice'

native method entry point (kind = native)  [0x000001803589cb60, 0x000001803589d680]  2848 bytes
[MachCode]
  0x000001803589cb60: 488b 4b08 | 0fb7 492e | 584c 8d74 | ccf8 6800 | 0000 0068 | 0000 0000 | 5055 488b | ec41 5568 
  0x000001803589cb80: 0000 0000 | 4c8b 6b08 | 4d8d 6d38 | 5348 8b53 | 0848 8b52 | 0848 8b52 | 1848 8b52 | 7048 8b12 
  0x000001803589cba0: 5248 8b53 | 1048 85d2 | 0f84 0700 | 0000 4881 | c210 0100 | 0052 488b | 5308 488b | 5208 488b 
  0x000001803589cbc0: 5210 5249 | 8bc6 482b | c548 c1e8 | 0350 6800 | 0000 0068 | f7ff ffff | 41c6 8781 | 0400 0001 
  0x000001803589cbe0: 488b 4310 | 4885 c074 | 208b 88cc | 0000 0083 | c102 8988 | cc00 0000 | 2388 e000 | 0000 0f84 
  0x000001803589cc00: cb09 0000 | e9cf 0000 | 0048 8b43 | 1848 85c0 | 0f85 b000 | 0000 e805 | 0000 00e9 | 9900 0000 
  0x000001803589cc20: 488b d348 | 8d44 2408 | 4c89 6dc0 | 498b cfc5 | f877 4989 | afb0 0300 | 0049 8987 | a003 0000 
  0x000001803589cc40: 4883 ec20 | 40f6 c40f | 0f84 1900 | 0000 4883 | ec08 48b8 | 800f 3ffd | f97f 0000 | ffd0 4883 
  0x000001803589cc60: c408 e90c | 0000 0048 | b880 0f3f | fdf9 7f00 | 00ff d048 | 83c4 2049 | c787 a003 | 0000 0000 
  0x000001803589cc80: 0000 49c7 | 87b0 0300 | 0000 0000 | 0049 c787 | a803 0000 | 0000 0000 | c5f8 7749 | 837f 0800 
  0x000001803589cca0: 0f84 0500 | 0000 e955 | 42ff ff4c | 8b6d c04c | 8b75 c84e | 8d74 f500 | c348 8b43 | 1848 85c0 
  0x000001803589ccc0: 0f84 1200 | 0000 8b48 | 0883 c102 | 8948 0823 | 481c 0f84 | f708 0000 | 493b a7f0 | 0400 000f 
  0x000001803589cce0: 8748 0000 | 0089 8424 | 00f0 ffff | 8984 2400 | e0ff ff89 | 8424 00d0 | ffff 8984 | 2400 c0ff 
  0x000001803589cd00: ff89 8424 | 00b0 ffff | 8984 2400 | a0ff ff89 | 8424 0090 | ffff 8984 | 2400 80ff | ff49 3ba7 
  0x000001803589cd20: e804 0000 | 7607 4989 | a7f0 0400 | 0041 c687 | 8104 0000 | 0049 ba4c | 84cc fdf9 | 7f00 0041 
  0x000001803589cd40: 803a 000f | 843e 0000 | 0048 8b55 | e849 8bcf | 4883 ec20 | 40f6 c40f | 0f84 1900 | 0000 4883 
  0x000001803589cd60: ec08 48b8 | 5046 76fd | f97f 0000 | ffd0 4883 | c408 e90c | 0000 0048 | b850 4676 | fdf9 7f00 
  0x000001803589cd80: 00ff d048 | 83c4 2048 | 8b5d e84c | 8b5b 0845 | 0fb7 5b2e | 41c1 e303 | 492b e348 | 83ec 2048 
  0x000001803589cda0: 83e4 f04c | 8b5b 604d | 85db 0f85 | ab00 0000 | e805 0000 | 00e9 9900 | 0000 488b | d348 8d44 
  0x000001803589cdc0: 2408 4c89 | 6dc0 498b | cfc5 f877 | 4989 afb0 | 0300 0049 | 8987 a003 | 0000 4883 | ec20 40f6 
  0x000001803589cde0: c40f 0f84 | 1900 0000 | 4883 ec08 | 48b8 a036 | 3ffd f97f | 0000 ffd0 | 4883 c408 | e90c 0000 
  0x000001803589ce00: 0048 b8a0 | 363f fdf9 | 7f00 00ff | d048 83c4 | 2049 c787 | a003 0000 | 0000 0000 | 49c7 87b0 
  0x000001803589ce20: 0300 0000 | 0000 0049 | c787 a803 | 0000 0000 | 0000 c5f8 | 7749 837f | 0800 0f84 | 0500 0000 
  0x000001803589ce40: e9bb 40ff | ff4c 8b6d | c04c 8b75 | c84e 8d74 | f500 c348 | 8b5d e84c | 8b5b 6041 | ffd3 488b 
  0x000001803589ce60: 5de8 4889 | 4518 448b | 5b28 41f6 | c308 0f84 | 1b00 0000 | 4c8b 5b08 | 4d8b 5b08 | 4d8b 5b18 
  0x000001803589ce80: 4d8b 5b70 | 4d8b 1b4c | 895d 1048 | 8d55 1048 | 8b43 5849 | ba40 9c76 | fdf9 7f00 | 0049 3bc2 
  0x000001803589cea0: 0f85 ab00 | 0000 e805 | 0000 00e9 | 9900 0000 | 488b d348 | 8d44 2408 | 4c89 6dc0 | 498b cfc5 
  0x000001803589cec0: f877 4989 | afb0 0300 | 0049 8987 | a003 0000 | 4883 ec20 | 40f6 c40f | 0f84 1900 | 0000 4883 
  0x000001803589cee0: ec08 48b8 | a036 3ffd | f97f 0000 | ffd0 4883 | c408 e90c | 0000 0048 | b8a0 363f | fdf9 7f00 
  0x000001803589cf00: 00ff d048 | 83c4 2049 | c787 a003 | 0000 0000 | 0000 49c7 | 87b0 0300 | 0000 0000 | 0049 c787 
  0x000001803589cf20: a803 0000 | 0000 0000 | c5f8 7749 | 837f 0800 | 0f84 0500 | 0000 e9c5 | 3fff ff4c | 8b6d c04c 
  0x000001803589cf40: 8b75 c84e | 8d74 f500 | c348 8b5d | e848 8b43 | 5849 8d8f | c003 0000 | c5f8 7749 | 89af b003 
  0x000001803589cf60: 0000 49ba | 58cf 8935 | 8001 0000 | 4d89 97a8 | 0300 0049 | 89a7 a003 | 0000 41c7 | 8754 0400 
  0x000001803589cf80: 0004 0000 | 00ff d0c5 | f877 4883 | ec10 c5fb | 1104 2448 | 83ec 1048 | 8904 2448 | c744 2408 
  0x000001803589cfa0: 0000 0000 | 41c7 8754 | 0400 0005 | 0000 00f0 | 8344 24c0 | 0049 3baf | 5804 0000 | 0f87 0e00 
  0x000001803589cfc0: 0000 4183 | bf50 0400 | 0000 0f84 | 2000 0000 | 498b cf4c | 8be4 4883 | ec20 4883 | e4f0 48b8 
  0x000001803589cfe0: d08b 40fd | f97f 0000 | ffd0 498b | e44d 33e4 | 41c7 8754 | 0400 0008 | 0000 0049 | c787 a003 
  0x000001803589d000: 0000 0000 | 0000 49c7 | 87b0 0300 | 0000 0000 | 0049 c787 | a803 0000 | 0000 0000 | c5f8 774d 
  0x000001803589d020: 8b9f 3004 | 0000 41c7 | 8300 0100 | 0000 0000 | 0049 bbda | a489 3580 | 0100 004c | 3b5d 180f 
  0x000001803589d040: 8524 0200 | 0048 8b04 | 2448 83c4 | 1048 85c0 | 0f84 fe01 | 0000 a803 | 0f85 0800 | 0000 488b 
  0x000001803589d060: 00e9 ee01 | 0000 a801 | 0f85 0900 | 0000 488b | 40fe e9dd | 0100 0048 | 8b40 ff41 | 807f 3800 
  0x000001803589d080: 0f84 ce01 | 0000 4883 | f800 0f84 | c401 0000 | 4d8b 5f28 | 4983 fb00 | 0f84 1400 | 0000 4983 
  0x000001803589d0a0: eb08 4d89 | 5f28 4d03 | 5f30 4989 | 03e9 a201 | 0000 4881 | ecd0 0000 | 0048 8904 | 2448 894c 
  0x000001803589d0c0: 2408 4889 | 5424 1048 | 8974 2418 | 4889 7c24 | 204c 8944 | 2428 4c89 | 4c24 304c | 8954 2438 
  0x000001803589d0e0: 4c89 5c24 | 40c5 fb11 | 4424 50c5 | fb11 4c24 | 58c5 fb11 | 5424 60c5 | fb11 5c24 | 68c5 fb11 
  0x000001803589d100: 6424 70c5 | fb11 6c24 | 78c5 fb11 | b424 8000 | 0000 c5fb | 11bc 2488 | 0000 00c5 | 7b11 8424 
  0x000001803589d120: 9000 0000 | c57b 118c | 2498 0000 | 00c5 7b11 | 9424 a000 | 0000 c57b | 119c 24a8 | 0000 00c5 
  0x000001803589d140: 7b11 a424 | b000 0000 | c57b 11ac | 24b8 0000 | 00c5 7b11 | b424 c000 | 0000 c57b | 11bc 24c8 
  0x000001803589d160: 0000 0049 | 8bd7 488b | c848 83ec | 2040 f6c4 | 0f0f 8419 | 0000 0048 | 83ec 0848 | b800 b633 
  0x000001803589d180: fdf9 7f00 | 00ff d048 | 83c4 08e9 | 0c00 0000 | 48b8 00b6 | 33fd f97f | 0000 ffd0 | 4883 c420 
  0x000001803589d1a0: c57b 10bc | 24c8 0000 | 00c5 7b10 | b424 c000 | 0000 c57b | 10ac 24b8 | 0000 00c5 | 7b10 a424 
  0x000001803589d1c0: b000 0000 | c57b 109c | 24a8 0000 | 00c5 7b10 | 9424 a000 | 0000 c57b | 108c 2498 | 0000 00c5 
  0x000001803589d1e0: 7b10 8424 | 9000 0000 | c5fb 10bc | 2488 0000 | 00c5 fb10 | b424 8000 | 0000 c5fb | 106c 2478 
  0x000001803589d200: c5fb 1064 | 2470 c5fb | 105c 2468 | c5fb 1054 | 2460 c5fb | 104c 2458 | c5fb 1044 | 2450 4c8b 
  0x000001803589d220: 5c24 404c | 8b54 2438 | 4c8b 4c24 | 304c 8b44 | 2428 488b | 7c24 2048 | 8b74 2418 | 488b 5424 
  0x000001803589d240: 1048 8b4c | 2408 488b | 0424 4881 | c4d0 0000 | 00c5 f877 | 4889 4510 | 4883 ec10 | 4889 0424 
  0x000001803589d260: 48c7 4424 | 0800 0000 | 0041 83bf | d004 0000 | 020f 85bf | 0000 0048 | 81ec 8000 | 0000 4889 
  0x000001803589d280: 4424 7848 | 894c 2470 | 4889 5424 | 6848 895c | 2460 4889 | 6c24 5048 | 8974 2448 | 4889 7c24 
  0x000001803589d2a0: 404c 8944 | 2438 4c89 | 4c24 304c | 8954 2428 | 4c89 5c24 | 204c 8964 | 2418 4c89 | 6c24 104c 
  0x000001803589d2c0: 8974 2408 | 4c89 3c24 | 4c8b e448 | 83ec 2048 | 83e4 f048 | b890 7e76 | fdf9 7f00 | 00ff d049 
  0x000001803589d2e0: 8be4 4c8b | 3c24 4c8b | 7424 084c | 8b6c 2410 | 4c8b 6424 | 184c 8b5c | 2420 4c8b | 5424 284c 
  0x000001803589d300: 8b4c 2430 | 4c8b 4424 | 3848 8b7c | 2440 488b | 7424 4848 | 8b6c 2450 | 488b 5c24 | 6048 8b54 
  0x000001803589d320: 2468 488b | 4c24 7048 | 8b44 2478 | 4881 c480 | 0000 004d | 33e4 488b | 5de8 4c8b | 6b08 4d8d 
  0x000001803589d340: 6d38 4983 | 7f08 000f | 84bb 0000 | 00e8 0500 | 0000 e996 | 0000 0048 | 8d44 2408 | 4c89 6dc0 
  0x000001803589d360: 498b cfc5 | f877 4989 | afb0 0300 | 0049 8987 | a003 0000 | 4883 ec20 | 40f6 c40f | 0f84 1900 
  0x000001803589d380: 0000 4883 | ec08 48b8 | f054 3ffd | f97f 0000 | ffd0 4883 | c408 e90c | 0000 0048 | b8f0 543f 
  0x000001803589d3a0: fdf9 7f00 | 00ff d048 | 83c4 2049 | c787 a003 | 0000 0000 | 0000 49c7 | 87b0 0300 | 0000 0000 
  0x000001803589d3c0: 0049 c787 | a803 0000 | 0000 0000 | c5f8 7749 | 837f 0800 | 0f84 0500 | 0000 e921 | 3bff ff4c 
  0x000001803589d3e0: 8b6d c04c | 8b75 c84e | 8d74 f500 | c348 b978 | b1a2 fdf9 | 7f00 0048 | 83e4 f048 | b8a0 fe64 
  0x000001803589d400: fdf9 7f00 | 00ff d0f4 | 448b 5b28 | 41f6 c320 | 0f84 4401 | 0000 488d | 55a8 4c8b | 5a08 4d85 
  0x000001803589d420: db0f 85bb | 0000 00e8 | 0500 0000 | e996 0000 | 0048 8d44 | 2408 4c89 | 6dc0 498b | cfc5 f877 
  0x000001803589d440: 4989 afb0 | 0300 0049 | 8987 a003 | 0000 4883 | ec20 40f6 | c40f 0f84 | 1900 0000 | 4883 ec08 
  0x000001803589d460: 48b8 2054 | 3ffd f97f | 0000 ffd0 | 4883 c408 | e90c 0000 | 0048 b820 | 543f fdf9 | 7f00 00ff 
  0x000001803589d480: d048 83c4 | 2049 c787 | a003 0000 | 0000 0000 | 49c7 87b0 | 0300 0000 | 0000 0049 | c787 a803 
  0x000001803589d4a0: 0000 0000 | 0000 c5f8 | 7749 837f | 0800 0f84 | 0500 0000 | e947 3aff | ff4c 8b6d | c04c 8b75 
  0x000001803589d4c0: c84e 8d74 | f500 c348 | b978 b1a2 | fdf9 7f00 | 0048 83e4 | f048 b8a0 | fe64 fdf9 | 7f00 00ff 
  0x000001803589d4e0: d0f4 4c89 | 6dc0 488d | 024c 8b4a | 0848 c742 | 0800 0000 | 004c 8b00 | 4d85 c00f | 840b 0000 
  0x000001803589d500: 00f0 4d0f | b101 0f85 | 0c00 0000 | 49ff 8f58 | 0500 00e9 | 3e00 0000 | 4c89 4a08 | 488b ca48 
  0x000001803589d520: 83ec 2040 | f6c4 0f0f | 8419 0000 | 0048 83ec | 0848 b8a0 | 263f fdf9 | 7f00 00ff | d048 83c4 
  0x000001803589d540: 08e9 0c00 | 0000 48b8 | a026 3ffd | f97f 0000 | ffd0 4883 | c420 4c8b | 6dc0 49ba | 4c84 ccfd 
  0x000001803589d560: f97f 0000 | 4180 3a00 | 0f84 3e00 | 0000 488b | 55e8 498b | cf48 83ec | 2040 f6c4 | 0f0f 8419 
  0x000001803589d580: 0000 0048 | 83ec 0848 | b850 4676 | fdf9 7f00 | 00ff d048 | 83c4 08e9 | 0c00 0000 | 48b8 5046 
  0x000001803589d5a0: 76fd f97f | 0000 ffd0 | 4883 c420 | 488b 0424 | 4883 c410 | c5fb 1004 | 2448 83c4 | 104c 8b5d 
  0x000001803589d5c0: 1841 ffd3 | 4c8b 5df8 | c95f 498b | e3ff e7ba | 0000 0000 | e805 0000 | 00e9 9600 | 0000 488d 
  0x000001803589d5e0: 4424 084c | 896d c049 | 8bcf c5f8 | 7749 89af | b003 0000 | 4989 87a0 | 0300 0048 | 83ec 2040 
  0x000001803589d600: f6c4 0f0f | 8419 0000 | 0048 83ec | 0848 b860 | 1a3f fdf9 | 7f00 00ff | d048 83c4 | 08e9 0c00 
  0x000001803589d620: 0000 48b8 | 601a 3ffd | f97f 0000 | ffd0 4883 | c420 49c7 | 87a0 0300 | 0000 0000 | 0049 c787 
  0x000001803589d640: b003 0000 | 0000 0000 | 49c7 87a8 | 0300 0000 | 0000 00c5 | f877 4983 | 7f08 000f | 8405 0000 
  0x000001803589d660: 00e9 9a38 | ffff 4c8b | 6dc0 4c8b | 75c8 4e8d | 74f5 00c3 | 488b 5de8 | e95b f6ff | ff66 6690 
[/MachCode]

Compiled method (c1) 20363817  989       3       java.security.AccessController::executePrivileged (69 bytes)
 total in heap  [0x000001802e4dcf10,0x000001802e4dd538] = 1576
 relocation     [0x000001802e4dd068,0x000001802e4dd0d8] = 112
 main code      [0x000001802e4dd0e0,0x000001802e4dd3a0] = 704
 stub code      [0x000001802e4dd3a0,0x000001802e4dd3f8] = 88
 metadata       [0x000001802e4dd3f8,0x000001802e4dd408] = 16
 scopes data    [0x000001802e4dd408,0x000001802e4dd490] = 136
 scopes pcs     [0x000001802e4dd490,0x000001802e4dd520] = 144
 dependencies   [0x000001802e4dd520,0x000001802e4dd528] = 8
 nul chk table  [0x000001802e4dd528,0x000001802e4dd538] = 16

[Constant Pool (empty)]

[MachCode]
[Verified Entry Point]
  # {method} {0x0000018044040020} 'executePrivileged' '(Ljava/security/PrivilegedAction;Ljava/security/AccessControlContext;Ljava/lang/Class;)Ljava/lang/Object;' in 'java/security/AccessController'
  # parm0:    rdx:rdx   = 'java/security/PrivilegedAction'
  # parm1:    r8:r8     = 'java/security/AccessControlContext'
  # parm2:    r9:r9     = 'java/lang/Class'
  #           [sp+0x60]  (sp of caller)
  0x000001802e4dd0e0: 8984 2400 | 80ff ff55 | 4883 ec50 | 4181 7f20 | 0100 0000 

  0x000001802e4dd0f4: ;   {runtime_call StubRoutines (final stubs)}
  0x000001802e4dd0f4: 7405 e805 | 7c3e 074c | 8944 2430 | 4c89 4c24 

  0x000001802e4dd104: ;   {metadata(method data for {method} {0x0000018044040020} 'executePrivileged' '(Ljava/security/PrivilegedAction;Ljava/security/AccessControlContext;Ljava/lang/Class;)Ljava/lang/Object;' in 'java/security/AccessController')}
  0x000001802e4dd104: 2848 be10 | 9674 4480 | 0100 008b | becc 0000 | 0083 c702 | 89be cc00 | 0000 81e7 | fe07 0000 
  0x000001802e4dd124: 85ff 0f84 | d201 0000 

  0x000001802e4dd12c: ;   {metadata(method data for {method} {0x0000018044040020} 'executePrivileged' '(Ljava/security/PrivilegedAction;Ljava/security/AccessControlContext;Ljava/lang/Class;)Ljava/lang/Object;' in 'java/security/AccessController')}
  0x000001802e4dd12c: 4d85 c048 | be10 9674 | 4480 0100 | 0048 c7c7 | 1801 0000 | 7407 48c7 | c728 0100 | 0048 8b1c 
  0x000001802e4dd14c: 3e48 8d5b | 0148 891c | 3e48 8954 | 2420 0f84 | 2400 0000 

  0x000001802e4dd160: ;   {metadata(method data for {method} {0x0000018044040020} 'executePrivileged' '(Ljava/security/PrivilegedAction;Ljava/security/AccessControlContext;Ljava/lang/Class;)Ljava/lang/Object;' in 'java/security/AccessController')}
  0x000001802e4dd160: 48be 1096 | 7444 8001 | 0000 4883 | 8638 0100 | 0001 498b 

  0x000001802e4dd174: ;   {static_call}
  0x000001802e4dd174: d066 90e8 

  0x000001802e4dd178: ; ImmutableOopMap {[32]=Oop [40]=Oop [48]=Oop }
                      ;*invokestatic ensureMaterializedForStackWalk {reexecute=0 rethrow=0 return_oop=0}
                      ; - java.security.AccessController::executePrivileged@5 (line 774)
  0x000001802e4dd178: 3c0f 9807 

  0x000001802e4dd17c: ;   {other}
  0x000001802e4dd17c: 0f1f 8400 | 6c02 0000 

  0x000001802e4dd184: ;   {metadata(method data for {method} {0x0000018044040020} 'executePrivileged' '(Ljava/security/PrivilegedAction;Ljava/security/AccessControlContext;Ljava/lang/Class;)Ljava/lang/Object;' in 'java/security/AccessController')}
  0x000001802e4dd184: 48ba 1096 | 7444 8001 | 0000 ff82 | 4801 0000 | 488b 5424 | 2048 3b02 

  0x000001802e4dd19c: ;   {metadata(method data for {method} {0x0000018044040020} 'executePrivileged' '(Ljava/security/PrivilegedAction;Ljava/security/AccessControlContext;Ljava/lang/Class;)Ljava/lang/Object;' in 'java/security/AccessController')}
  0x000001802e4dd19c: 488b f248 | bf10 9674 | 4480 0100 | 008b 7608 | 483b b7b0 | 0100 0075 | 0d48 8387 | b801 0000 
  0x000001802e4dd1bc: 01e9 6000 | 0000 483b | b7c0 0100 | 0075 0d48 | 8387 c801 | 0000 01e9 | 4a00 0000 | 4883 bfb0 
  0x000001802e4dd1dc: 0100 0000 | 7517 4889 | b7b0 0100 | 0048 c787 | b801 0000 | 0100 0000 | e929 0000 | 0048 83bf 
  0x000001802e4dd1fc: c001 0000 | 0075 1748 | 89b7 c001 | 0000 48c7 | 87c8 0100 | 0001 0000 | 00e9 0800 | 0000 4883 
  0x000001802e4dd21c: 87a8 0100 | 0001 6666 | 9048 b8c0 | ca7f 4380 

  0x000001802e4dd22c: ;   {virtual_call}
  0x000001802e4dd22c: 0100 00e8 

  0x000001802e4dd230: ; ImmutableOopMap {[40]=Oop [48]=Oop }
                      ;*invokeinterface run {reexecute=0 rethrow=0 return_oop=0}
                      ; - java.security.AccessController::executePrivileged@29 (line 778)
  0x000001802e4dd230: fc37 4d07 

  0x000001802e4dd234: ;   {other}
  0x000001802e4dd234: 0f1f 8400 | 2403 0001 

  0x000001802e4dd23c: ;   {metadata(method data for {method} {0x0000018044040020} 'executePrivileged' '(Ljava/security/PrivilegedAction;Ljava/security/AccessControlContext;Ljava/lang/Class;)Ljava/lang/Object;' in 'java/security/AccessController')}
  0x000001802e4dd23c: 48ba 1096 | 7444 8001 | 0000 ff82 | d801 0000 

  0x000001802e4dd24c: ;   {metadata(method data for {method} {0x0000018044040020} 'executePrivileged' '(Ljava/security/PrivilegedAction;Ljava/security/AccessControlContext;Ljava/lang/Class;)Ljava/lang/Object;' in 'java/security/AccessController')}
  0x000001802e4dd24c: 48ba 1096 | 7444 8001 | 0000 4883 | 8238 0200 | 0001 488b | d048 8944 

  0x000001802e4dd264: ;   {static_call}
  0x000001802e4dd264: 2438 90e8 

  0x000001802e4dd268: ; ImmutableOopMap {[40]=Oop [48]=Oop [56]=Oop }
                      ;*invokestatic ensureMaterializedForStackWalk {reexecute=0 rethrow=0 return_oop=0}
                      ; - java.security.AccessController::executePrivileged@56 (line 786)
  0x000001802e4dd268: 4c0e 9807 

  0x000001802e4dd26c: ;   {other}
  0x000001802e4dd26c: 0f1f 8400 | 5c03 0002 

  0x000001802e4dd274: ;   {metadata(method data for {method} {0x0000018044040020} 'executePrivileged' '(Ljava/security/PrivilegedAction;Ljava/security/AccessControlContext;Ljava/lang/Class;)Ljava/lang/Object;' in 'java/security/AccessController')}
  0x000001802e4dd274: 48b8 1096 | 7444 8001 | 0000 4883 | 8048 0200 

  0x000001802e4dd284: ;   {metadata(method data for {method} {0x0000018044046108} 'reachabilityFence' '(Ljava/lang/Object;)V' in 'java/lang/ref/Reference')}
  0x000001802e4dd284: 0001 48b8 | 8846 4744 | 8001 0000 | 8bb0 cc00 | 0000 83c6 | 0289 b0cc | 0000 0081 | e6fe ff1f 
  0x000001802e4dd2a4: 0085 f60f | 8477 0000 

  0x000001802e4dd2ac: ;   {metadata(method data for {method} {0x0000018044040020} 'executePrivileged' '(Ljava/security/PrivilegedAction;Ljava/security/AccessControlContext;Ljava/lang/Class;)Ljava/lang/Object;' in 'java/security/AccessController')}
  0x000001802e4dd2ac: 0048 b810 | 9674 4480 | 0100 0048 | 8380 5802 

  0x000001802e4dd2bc: ;   {metadata(method data for {method} {0x0000018044046108} 'reachabilityFence' '(Ljava/lang/Object;)V' in 'java/lang/ref/Reference')}
  0x000001802e4dd2bc: 0000 0148 | b888 4647 | 4480 0100 | 008b b0cc | 0000 0083 | c602 89b0 | cc00 0000 | 81e6 feff 
  0x000001802e4dd2dc: 1f00 85f6 | 0f84 5f00 | 0000 488b | 4424 3848 | 83c4 505d 

  0x000001802e4dd2f0: ;   {poll_return}
  0x000001802e4dd2f0: 493b a758 | 0400 000f | 8766 0000 

  0x000001802e4dd2fc: ;   {metadata({method} {0x0000018044040020} 'executePrivileged' '(Ljava/security/PrivilegedAction;Ljava/security/AccessControlContext;Ljava/lang/Class;)Ljava/lang/Object;' in 'java/security/AccessController')}
  0x000001802e4dd2fc: 00c3 49ba | 1800 0444 | 8001 0000 | 4c89 5424 | 0848 c704 | 24ff ffff 

  0x000001802e4dd314: ;   {runtime_call counter_overflow Runtime1 stub}
  0x000001802e4dd314: ffe8 e681 

  0x000001802e4dd318: ; ImmutableOopMap {rdx=Oop r8=Oop r9=Oop [40]=Oop [48]=Oop }
                      ;*synchronization entry
                      ; - java.security.AccessController::executePrivileged@-1 (line 773)
  0x000001802e4dd318: 4c07 e90d 

  0x000001802e4dd31c: ;   {runtime_call throw_null_pointer_exception Runtime1 stub}
  0x000001802e4dd31c: feff ffe8 

  0x000001802e4dd320: ; ImmutableOopMap {rdx=Oop [40]=Oop [48]=Oop }
                      ;*invokeinterface run {reexecute=0 rethrow=0 return_oop=0}
                      ; - java.security.AccessController::executePrivileged@29 (line 778)
  0x000001802e4dd320: dc30 4c07 

  0x000001802e4dd324: ;   {metadata({method} {0x0000018044046108} 'reachabilityFence' '(Ljava/lang/Object;)V' in 'java/lang/ref/Reference')}
  0x000001802e4dd324: 49ba 0061 | 0444 8001 | 0000 4c89 | 5424 0848 | c704 24ff 

  0x000001802e4dd338: ;   {runtime_call counter_overflow Runtime1 stub}
  0x000001802e4dd338: ffff ffe8 

  0x000001802e4dd33c: ; ImmutableOopMap {[40]=Oop [56]=Oop }
                      ;*synchronization entry
                      ; - java.lang.ref.Reference::reachabilityFence@-1 (line 628)
                      ; - java.security.AccessController::executePrivileged@60 (line 790)
  0x000001802e4dd33c: c081 4c07 | e968 ffff 

  0x000001802e4dd344: ;   {metadata({method} {0x0000018044046108} 'reachabilityFence' '(Ljava/lang/Object;)V' in 'java/lang/ref/Reference')}
  0x000001802e4dd344: ff49 ba00 | 6104 4480 | 0100 004c | 8954 2408 | 48c7 0424 | ffff ffff 

  0x000001802e4dd35c: ;   {runtime_call counter_overflow Runtime1 stub}
  0x000001802e4dd35c: e89f 814c 

  0x000001802e4dd360: ; ImmutableOopMap {[56]=Oop }
                      ;*synchronization entry
                      ; - java.lang.ref.Reference::reachabilityFence@-1 (line 628)
                      ; - java.security.AccessController::executePrivileged@64 (line 791)
                      ;   {internal_word}
  0x000001802e4dd360: 07eb 8349 | baf0 d24d | 2e80 0100 | 004d 8997 | 7004 0000 

  0x000001802e4dd374: ;   {runtime_call SafepointBlob}
  0x000001802e4dd374: e987 8340 | 0749 8b87 | 0805 0000 | 49c7 8708 | 0500 0000 | 0000 0049 | c787 1005 | 0000 0000 
  0x000001802e4dd394: 0000 4883 

  0x000001802e4dd398: ;   {runtime_call unwind_exception Runtime1 stub}
  0x000001802e4dd398: c450 5de9 | 6021 4c07 
[Stub Code]
  0x000001802e4dd3a0: ;   {no_reloc}
  0x000001802e4dd3a0: 0f1f 4400 

  0x000001802e4dd3a4: ;   {static_stub}
  0x000001802e4dd3a4: 0048 bb00 | 0000 0000 

  0x000001802e4dd3ac: ;   {runtime_call}
  0x000001802e4dd3ac: 0000 00e9 | fbff ffff 

  0x000001802e4dd3b4: ;   {static_stub}
  0x000001802e4dd3b4: 48bb 0000 | 0000 0000 

  0x000001802e4dd3bc: ;   {runtime_call}
  0x000001802e4dd3bc: 0000 e9fb 

  0x000001802e4dd3c0: ;   {runtime_call handle_exception_from_callee Runtime1 stub}
  0x000001802e4dd3c0: ffff ffe8 | 384e 4c07 

  0x000001802e4dd3c8: ;   {external_word}
  0x000001802e4dd3c8: 48b9 78b1 | a2fd f97f | 0000 4883 

  0x000001802e4dd3d4: ;   {runtime_call}
  0x000001802e4dd3d4: e4f0 48b8 | a0fe 64fd | f97f 0000 

  0x000001802e4dd3e0: ;   {section_word}
  0x000001802e4dd3e0: ffd0 f449 | bae3 d34d | 2e80 0100 

  0x000001802e4dd3ec: ;   {runtime_call DeoptimizationBlob}
  0x000001802e4dd3ec: 0041 52e9 | ac75 4007 | f4f4 f4f4 
[/MachCode]


---------------  P R O C E S S  ---------------

Threads class SMR info:
_java_thread_list=0x0000018043d8c020, length=15, elements={
0x0000018043119210, 0x000001804311b040, 0x000001804316c0f0, 0x000001804316f8f0,
0x000001804316a420, 0x000001804314c470, 0x000001804314eee0, 0x0000018043139fe0,
0x0000018043300430, 0x000001804332e520, 0x00000180437205e0, 0x00000180437213a0,
0x0000018043721e20, 0x000001804379d210, 0x0000018028f40c50
}

Java Threads: ( => current thread )
  0x0000018043119210 JavaThread "Reference Handler"          daemon [_thread_blocked, id=13476, stack(0x0000001be5300000,0x0000001be5400000) (1024K)]
  0x000001804311b040 JavaThread "Finalizer"                  daemon [_thread_blocked, id=11168, stack(0x0000001be5400000,0x0000001be5500000) (1024K)]
  0x000001804316c0f0 JavaThread "Signal Dispatcher"          daemon [_thread_blocked, id=5908, stack(0x0000001be5500000,0x0000001be5600000) (1024K)]
  0x000001804316f8f0 JavaThread "Attach Listener"            daemon [_thread_blocked, id=10772, stack(0x0000001be5600000,0x0000001be5700000) (1024K)]
  0x000001804316a420 JavaThread "Service Thread"             daemon [_thread_blocked, id=12000, stack(0x0000001be5700000,0x0000001be5800000) (1024K)]
  0x000001804314c470 JavaThread "Monitor Deflation Thread"   daemon [_thread_blocked, id=8784, stack(0x0000001be5800000,0x0000001be5900000) (1024K)]
  0x000001804314eee0 JavaThread "C2 CompilerThread0"         daemon [_thread_blocked, id=2336, stack(0x0000001be5900000,0x0000001be5a00000) (1024K)]
  0x0000018043139fe0 JavaThread "C1 CompilerThread0"         daemon [_thread_blocked, id=14528, stack(0x0000001be5a00000,0x0000001be5b00000) (1024K)]
  0x0000018043300430 JavaThread "Notification Thread"        daemon [_thread_blocked, id=22100, stack(0x0000001be5b00000,0x0000001be5c00000) (1024K)]
  0x000001804332e520 JavaThread "Common-Cleaner"             daemon [_thread_blocked, id=9720, stack(0x0000001be5c00000,0x0000001be5d00000) (1024K)]
  0x00000180437205e0 JavaThread "Java2D Disposer"            daemon [_thread_blocked, id=21084, stack(0x0000001be5d00000,0x0000001be5e00000) (1024K)]
  0x00000180437213a0 JavaThread "AWT-Shutdown"                      [_thread_blocked, id=20828, stack(0x0000001be5e00000,0x0000001be5f00000) (1024K)]
  0x0000018043721e20 JavaThread "AWT-Windows"                daemon [_thread_in_native, id=17916, stack(0x0000001be5f00000,0x0000001be6000000) (1024K)]
=>0x000001804379d210 JavaThread "AWT-EventQueue-0"                  [_thread_in_native, id=6756, stack(0x0000001be6000000,0x0000001be6100000) (1024K)]
  0x0000018028f40c50 JavaThread "DestroyJavaVM"                     [_thread_blocked, id=13376, stack(0x0000001be4b00000,0x0000001be4c00000) (1024K)]
Total: 15

Other Threads:
  0x00000180430d8740 VMThread "VM Thread"                           [id=10708, stack(0x0000001be5200000,0x0000001be5300000) (1024K)]
  0x0000018029056ee0 WatcherThread "VM Periodic Task Thread"        [id=8976, stack(0x0000001be5100000,0x0000001be5200000) (1024K)]
  0x00000180290b56e0 WorkerThread "GC Thread#0"                     [id=1496, stack(0x0000001be4c00000,0x0000001be4d00000) (1024K)]
  0x0000018029108010 ConcurrentGCThread "G1 Main Marker"            [id=17776, stack(0x0000001be4d00000,0x0000001be4e00000) (1024K)]
  0x0000018029108b20 WorkerThread "G1 Conc#0"                       [id=9488, stack(0x0000001be4e00000,0x0000001be4f00000) (1024K)]
  0x0000018042ad66c0 ConcurrentGCThread "G1 Refine#0"               [id=16368, stack(0x0000001be4f00000,0x0000001be5000000) (1024K)]
  0x0000018042ad7240 ConcurrentGCThread "G1 Service"                [id=22072, stack(0x0000001be5000000,0x0000001be5100000) (1024K)]
Total: 7

Threads with active compile tasks:
Total: 0

VM state: not at safepoint (normal execution)

VM Mutex/Monitor currently owned by a thread: None

Heap address: 0x0000000081c00000, size: 2020 MB, Compressed Oops mode: 32-bit

CDS archive(s) not mapped
Compressed class space mapped at: 0x0000000015000000-0x0000000055000000, reserved size: 1073741824
Narrow klass base: 0x0000000000000000, Narrow klass shift: 0, Narrow klass range: 0x55000000

GC Precious Log:
 CardTable entry size: 512
 Card Set container configuration: InlinePtr #cards 5 size 8 Array Of Cards #cards 12 size 40 Howl #buckets 4 coarsen threshold 1843 Howl Bitmap #cards 512 size 80 coarsen threshold 460 Card regions per heap region 1 cards per card region 2048
 CPUs: 8 total, 8 available
 Memory: 8079M
 Large Page Support: Disabled
 NUMA Support: Disabled
 Compressed Oops: Enabled (32-bit)
 Heap Region Size: 1M
 Heap Min Capacity: 8M
 Heap Initial Capacity: 128M
 Heap Max Capacity: 2020M
 Pre-touch: Disabled
 Parallel Workers: 8
 Concurrent Workers: 2
 Concurrent Refinement Workers: 8
 Periodic GC: Disabled

Heap:
 garbage-first heap   total reserved 2068480K, committed 131072K, used 17408K [0x0000000081c00000, 0x0000000100000000)
  region size 1024K, 15 young (15360K), 0 survivors (0K)
 Metaspace       used 13823K, committed 14016K, reserved 1114112K
  class space    used 1311K, committed 1408K, reserved 1048576K

Heap Regions: E=young(eden), S=young(survivor), O=old, HS=humongous(starts), HC=humongous(continues), CS=collection set, F=free, TAMS=top-at-mark-start, PB=parsable bottom
|   0|0x0000000081c00000, 0x0000000081d00000, 0x0000000081d00000|100%|HS|  |TAMS 0x0000000081c00000| PB 0x0000000081c00000| Complete |  0
|   1|0x0000000081d00000, 0x0000000081e00000, 0x0000000081e00000|100%|HC|  |TAMS 0x0000000081d00000| PB 0x0000000081d00000| Complete |  0
|   2|0x0000000081e00000, 0x0000000081f00000, 0x0000000081f00000|100%|HC|  |TAMS 0x0000000081e00000| PB 0x0000000081e00000| Complete |  0
|   3|0x0000000081f00000, 0x0000000081f00000, 0x0000000082000000|  0%| F|  |TAMS 0x0000000081f00000| PB 0x0000000081f00000| Untracked |  0
|   4|0x0000000082000000, 0x0000000082000000, 0x0000000082100000|  0%| F|  |TAMS 0x0000000082000000| PB 0x0000000082000000| Untracked |  0
|   5|0x0000000082100000, 0x0000000082100000, 0x0000000082200000|  0%| F|  |TAMS 0x0000000082100000| PB 0x0000000082100000| Untracked |  0
|   6|0x0000000082200000, 0x0000000082200000, 0x0000000082300000|  0%| F|  |TAMS 0x0000000082200000| PB 0x0000000082200000| Untracked |  0
|   7|0x0000000082300000, 0x0000000082300000, 0x0000000082400000|  0%| F|  |TAMS 0x0000000082300000| PB 0x0000000082300000| Untracked |  0
|   8|0x0000000082400000, 0x0000000082400000, 0x0000000082500000|  0%| F|  |TAMS 0x0000000082400000| PB 0x0000000082400000| Untracked |  0
|   9|0x0000000082500000, 0x0000000082500000, 0x0000000082600000|  0%| F|  |TAMS 0x0000000082500000| PB 0x0000000082500000| Untracked |  0
|  10|0x0000000082600000, 0x0000000082600000, 0x0000000082700000|  0%| F|  |TAMS 0x0000000082600000| PB 0x0000000082600000| Untracked |  0
|  11|0x0000000082700000, 0x0000000082700000, 0x0000000082800000|  0%| F|  |TAMS 0x0000000082700000| PB 0x0000000082700000| Untracked |  0
|  12|0x0000000082800000, 0x0000000082800000, 0x0000000082900000|  0%| F|  |TAMS 0x0000000082800000| PB 0x0000000082800000| Untracked |  0
|  13|0x0000000082900000, 0x0000000082900000, 0x0000000082a00000|  0%| F|  |TAMS 0x0000000082900000| PB 0x0000000082900000| Untracked |  0
|  14|0x0000000082a00000, 0x0000000082a00000, 0x0000000082b00000|  0%| F|  |TAMS 0x0000000082a00000| PB 0x0000000082a00000| Untracked |  0
|  15|0x0000000082b00000, 0x0000000082b00000, 0x0000000082c00000|  0%| F|  |TAMS 0x0000000082b00000| PB 0x0000000082b00000| Untracked |  0
|  16|0x0000000082c00000, 0x0000000082c00000, 0x0000000082d00000|  0%| F|  |TAMS 0x0000000082c00000| PB 0x0000000082c00000| Untracked |  0
|  17|0x0000000082d00000, 0x0000000082d00000, 0x0000000082e00000|  0%| F|  |TAMS 0x0000000082d00000| PB 0x0000000082d00000| Untracked |  0
|  18|0x0000000082e00000, 0x0000000082e00000, 0x0000000082f00000|  0%| F|  |TAMS 0x0000000082e00000| PB 0x0000000082e00000| Untracked |  0
|  19|0x0000000082f00000, 0x0000000082f00000, 0x0000000083000000|  0%| F|  |TAMS 0x0000000082f00000| PB 0x0000000082f00000| Untracked |  0
|  20|0x0000000083000000, 0x0000000083000000, 0x0000000083100000|  0%| F|  |TAMS 0x0000000083000000| PB 0x0000000083000000| Untracked |  0
|  21|0x0000000083100000, 0x0000000083100000, 0x0000000083200000|  0%| F|  |TAMS 0x0000000083100000| PB 0x0000000083100000| Untracked |  0
|  22|0x0000000083200000, 0x0000000083200000, 0x0000000083300000|  0%| F|  |TAMS 0x0000000083200000| PB 0x0000000083200000| Untracked |  0
|  23|0x0000000083300000, 0x0000000083300000, 0x0000000083400000|  0%| F|  |TAMS 0x0000000083300000| PB 0x0000000083300000| Untracked |  0
|  24|0x0000000083400000, 0x0000000083400000, 0x0000000083500000|  0%| F|  |TAMS 0x0000000083400000| PB 0x0000000083400000| Untracked |  0
|  25|0x0000000083500000, 0x0000000083500000, 0x0000000083600000|  0%| F|  |TAMS 0x0000000083500000| PB 0x0000000083500000| Untracked |  0
|  26|0x0000000083600000, 0x0000000083600000, 0x0000000083700000|  0%| F|  |TAMS 0x0000000083600000| PB 0x0000000083600000| Untracked |  0
|  27|0x0000000083700000, 0x0000000083700000, 0x0000000083800000|  0%| F|  |TAMS 0x0000000083700000| PB 0x0000000083700000| Untracked |  0
|  28|0x0000000083800000, 0x0000000083800000, 0x0000000083900000|  0%| F|  |TAMS 0x0000000083800000| PB 0x0000000083800000| Untracked |  0
|  29|0x0000000083900000, 0x0000000083900000, 0x0000000083a00000|  0%| F|  |TAMS 0x0000000083900000| PB 0x0000000083900000| Untracked |  0
|  30|0x0000000083a00000, 0x0000000083a00000, 0x0000000083b00000|  0%| F|  |TAMS 0x0000000083a00000| PB 0x0000000083a00000| Untracked |  0
|  31|0x0000000083b00000, 0x0000000083b00000, 0x0000000083c00000|  0%| F|  |TAMS 0x0000000083b00000| PB 0x0000000083b00000| Untracked |  0
|  32|0x0000000083c00000, 0x0000000083c00000, 0x0000000083d00000|  0%| F|  |TAMS 0x0000000083c00000| PB 0x0000000083c00000| Untracked |  0
|  33|0x0000000083d00000, 0x0000000083d00000, 0x0000000083e00000|  0%| F|  |TAMS 0x0000000083d00000| PB 0x0000000083d00000| Untracked |  0
|  34|0x0000000083e00000, 0x0000000083e00000, 0x0000000083f00000|  0%| F|  |TAMS 0x0000000083e00000| PB 0x0000000083e00000| Untracked |  0
|  35|0x0000000083f00000, 0x0000000083f00000, 0x0000000084000000|  0%| F|  |TAMS 0x0000000083f00000| PB 0x0000000083f00000| Untracked |  0
|  36|0x0000000084000000, 0x0000000084000000, 0x0000000084100000|  0%| F|  |TAMS 0x0000000084000000| PB 0x0000000084000000| Untracked |  0
|  37|0x0000000084100000, 0x0000000084100000, 0x0000000084200000|  0%| F|  |TAMS 0x0000000084100000| PB 0x0000000084100000| Untracked |  0
|  38|0x0000000084200000, 0x0000000084200000, 0x0000000084300000|  0%| F|  |TAMS 0x0000000084200000| PB 0x0000000084200000| Untracked |  0
|  39|0x0000000084300000, 0x0000000084300000, 0x0000000084400000|  0%| F|  |TAMS 0x0000000084300000| PB 0x0000000084300000| Untracked |  0
|  40|0x0000000084400000, 0x0000000084400000, 0x0000000084500000|  0%| F|  |TAMS 0x0000000084400000| PB 0x0000000084400000| Untracked |  0
|  41|0x0000000084500000, 0x0000000084500000, 0x0000000084600000|  0%| F|  |TAMS 0x0000000084500000| PB 0x0000000084500000| Untracked |  0
|  42|0x0000000084600000, 0x0000000084600000, 0x0000000084700000|  0%| F|  |TAMS 0x0000000084600000| PB 0x0000000084600000| Untracked |  0
|  43|0x0000000084700000, 0x0000000084700000, 0x0000000084800000|  0%| F|  |TAMS 0x0000000084700000| PB 0x0000000084700000| Untracked |  0
|  44|0x0000000084800000, 0x0000000084800000, 0x0000000084900000|  0%| F|  |TAMS 0x0000000084800000| PB 0x0000000084800000| Untracked |  0
|  45|0x0000000084900000, 0x0000000084900000, 0x0000000084a00000|  0%| F|  |TAMS 0x0000000084900000| PB 0x0000000084900000| Untracked |  0
|  46|0x0000000084a00000, 0x0000000084a00000, 0x0000000084b00000|  0%| F|  |TAMS 0x0000000084a00000| PB 0x0000000084a00000| Untracked |  0
|  47|0x0000000084b00000, 0x0000000084b00000, 0x0000000084c00000|  0%| F|  |TAMS 0x0000000084b00000| PB 0x0000000084b00000| Untracked |  0
|  48|0x0000000084c00000, 0x0000000084c00000, 0x0000000084d00000|  0%| F|  |TAMS 0x0000000084c00000| PB 0x0000000084c00000| Untracked |  0
|  49|0x0000000084d00000, 0x0000000084d00000, 0x0000000084e00000|  0%| F|  |TAMS 0x0000000084d00000| PB 0x0000000084d00000| Untracked |  0
|  50|0x0000000084e00000, 0x0000000084e00000, 0x0000000084f00000|  0%| F|  |TAMS 0x0000000084e00000| PB 0x0000000084e00000| Untracked |  0
|  51|0x0000000084f00000, 0x0000000084f00000, 0x0000000085000000|  0%| F|  |TAMS 0x0000000084f00000| PB 0x0000000084f00000| Untracked |  0
|  52|0x0000000085000000, 0x0000000085000000, 0x0000000085100000|  0%| F|  |TAMS 0x0000000085000000| PB 0x0000000085000000| Untracked |  0
|  53|0x0000000085100000, 0x0000000085100000, 0x0000000085200000|  0%| F|  |TAMS 0x0000000085100000| PB 0x0000000085100000| Untracked |  0
|  54|0x0000000085200000, 0x0000000085200000, 0x0000000085300000|  0%| F|  |TAMS 0x0000000085200000| PB 0x0000000085200000| Untracked |  0
|  55|0x0000000085300000, 0x0000000085300000, 0x0000000085400000|  0%| F|  |TAMS 0x0000000085300000| PB 0x0000000085300000| Untracked |  0
|  56|0x0000000085400000, 0x0000000085400000, 0x0000000085500000|  0%| F|  |TAMS 0x0000000085400000| PB 0x0000000085400000| Untracked |  0
|  57|0x0000000085500000, 0x0000000085500000, 0x0000000085600000|  0%| F|  |TAMS 0x0000000085500000| PB 0x0000000085500000| Untracked |  0
|  58|0x0000000085600000, 0x0000000085600000, 0x0000000085700000|  0%| F|  |TAMS 0x0000000085600000| PB 0x0000000085600000| Untracked |  0
|  59|0x0000000085700000, 0x0000000085700000, 0x0000000085800000|  0%| F|  |TAMS 0x0000000085700000| PB 0x0000000085700000| Untracked |  0
|  60|0x0000000085800000, 0x0000000085800000, 0x0000000085900000|  0%| F|  |TAMS 0x0000000085800000| PB 0x0000000085800000| Untracked |  0
|  61|0x0000000085900000, 0x0000000085900000, 0x0000000085a00000|  0%| F|  |TAMS 0x0000000085900000| PB 0x0000000085900000| Untracked |  0
|  62|0x0000000085a00000, 0x0000000085a00000, 0x0000000085b00000|  0%| F|  |TAMS 0x0000000085a00000| PB 0x0000000085a00000| Untracked |  0
|  63|0x0000000085b00000, 0x0000000085b00000, 0x0000000085c00000|  0%| F|  |TAMS 0x0000000085b00000| PB 0x0000000085b00000| Untracked |  0
|  64|0x0000000085c00000, 0x0000000085c00000, 0x0000000085d00000|  0%| F|  |TAMS 0x0000000085c00000| PB 0x0000000085c00000| Untracked |  0
|  65|0x0000000085d00000, 0x0000000085d00000, 0x0000000085e00000|  0%| F|  |TAMS 0x0000000085d00000| PB 0x0000000085d00000| Untracked |  0
|  66|0x0000000085e00000, 0x0000000085e00000, 0x0000000085f00000|  0%| F|  |TAMS 0x0000000085e00000| PB 0x0000000085e00000| Untracked |  0
|  67|0x0000000085f00000, 0x0000000085f00000, 0x0000000086000000|  0%| F|  |TAMS 0x0000000085f00000| PB 0x0000000085f00000| Untracked |  0
|  68|0x0000000086000000, 0x0000000086000000, 0x0000000086100000|  0%| F|  |TAMS 0x0000000086000000| PB 0x0000000086000000| Untracked |  0
|  69|0x0000000086100000, 0x0000000086100000, 0x0000000086200000|  0%| F|  |TAMS 0x0000000086100000| PB 0x0000000086100000| Untracked |  0
|  70|0x0000000086200000, 0x0000000086200000, 0x0000000086300000|  0%| F|  |TAMS 0x0000000086200000| PB 0x0000000086200000| Untracked |  0
|  71|0x0000000086300000, 0x0000000086300000, 0x0000000086400000|  0%| F|  |TAMS 0x0000000086300000| PB 0x0000000086300000| Untracked |  0
|  72|0x0000000086400000, 0x0000000086400000, 0x0000000086500000|  0%| F|  |TAMS 0x0000000086400000| PB 0x0000000086400000| Untracked |  0
|  73|0x0000000086500000, 0x0000000086500000, 0x0000000086600000|  0%| F|  |TAMS 0x0000000086500000| PB 0x0000000086500000| Untracked |  0
|  74|0x0000000086600000, 0x0000000086600000, 0x0000000086700000|  0%| F|  |TAMS 0x0000000086600000| PB 0x0000000086600000| Untracked |  0
|  75|0x0000000086700000, 0x0000000086700000, 0x0000000086800000|  0%| F|  |TAMS 0x0000000086700000| PB 0x0000000086700000| Untracked |  0
|  76|0x0000000086800000, 0x0000000086800000, 0x0000000086900000|  0%| F|  |TAMS 0x0000000086800000| PB 0x0000000086800000| Untracked |  0
|  77|0x0000000086900000, 0x0000000086900000, 0x0000000086a00000|  0%| F|  |TAMS 0x0000000086900000| PB 0x0000000086900000| Untracked |  0
|  78|0x0000000086a00000, 0x0000000086a00000, 0x0000000086b00000|  0%| F|  |TAMS 0x0000000086a00000| PB 0x0000000086a00000| Untracked |  0
|  79|0x0000000086b00000, 0x0000000086b00000, 0x0000000086c00000|  0%| F|  |TAMS 0x0000000086b00000| PB 0x0000000086b00000| Untracked |  0
|  80|0x0000000086c00000, 0x0000000086c00000, 0x0000000086d00000|  0%| F|  |TAMS 0x0000000086c00000| PB 0x0000000086c00000| Untracked |  0
|  81|0x0000000086d00000, 0x0000000086d00000, 0x0000000086e00000|  0%| F|  |TAMS 0x0000000086d00000| PB 0x0000000086d00000| Untracked |  0
|  82|0x0000000086e00000, 0x0000000086e00000, 0x0000000086f00000|  0%| F|  |TAMS 0x0000000086e00000| PB 0x0000000086e00000| Untracked |  0
|  83|0x0000000086f00000, 0x0000000086f00000, 0x0000000087000000|  0%| F|  |TAMS 0x0000000086f00000| PB 0x0000000086f00000| Untracked |  0
|  84|0x0000000087000000, 0x0000000087000000, 0x0000000087100000|  0%| F|  |TAMS 0x0000000087000000| PB 0x0000000087000000| Untracked |  0
|  85|0x0000000087100000, 0x0000000087100000, 0x0000000087200000|  0%| F|  |TAMS 0x0000000087100000| PB 0x0000000087100000| Untracked |  0
|  86|0x0000000087200000, 0x0000000087200000, 0x0000000087300000|  0%| F|  |TAMS 0x0000000087200000| PB 0x0000000087200000| Untracked |  0
|  87|0x0000000087300000, 0x0000000087300000, 0x0000000087400000|  0%| F|  |TAMS 0x0000000087300000| PB 0x0000000087300000| Untracked |  0
|  88|0x0000000087400000, 0x0000000087400000, 0x0000000087500000|  0%| F|  |TAMS 0x0000000087400000| PB 0x0000000087400000| Untracked |  0
|  89|0x0000000087500000, 0x0000000087500000, 0x0000000087600000|  0%| F|  |TAMS 0x0000000087500000| PB 0x0000000087500000| Untracked |  0
|  90|0x0000000087600000, 0x0000000087600000, 0x0000000087700000|  0%| F|  |TAMS 0x0000000087600000| PB 0x0000000087600000| Untracked |  0
|  91|0x0000000087700000, 0x0000000087700000, 0x0000000087800000|  0%| F|  |TAMS 0x0000000087700000| PB 0x0000000087700000| Untracked |  0
|  92|0x0000000087800000, 0x0000000087800000, 0x0000000087900000|  0%| F|  |TAMS 0x0000000087800000| PB 0x0000000087800000| Untracked |  0
|  93|0x0000000087900000, 0x0000000087900000, 0x0000000087a00000|  0%| F|  |TAMS 0x0000000087900000| PB 0x0000000087900000| Untracked |  0
|  94|0x0000000087a00000, 0x0000000087a00000, 0x0000000087b00000|  0%| F|  |TAMS 0x0000000087a00000| PB 0x0000000087a00000| Untracked |  0
|  95|0x0000000087b00000, 0x0000000087b00000, 0x0000000087c00000|  0%| F|  |TAMS 0x0000000087b00000| PB 0x0000000087b00000| Untracked |  0
|  96|0x0000000087c00000, 0x0000000087c00000, 0x0000000087d00000|  0%| F|  |TAMS 0x0000000087c00000| PB 0x0000000087c00000| Untracked |  0
|  97|0x0000000087d00000, 0x0000000087d00000, 0x0000000087e00000|  0%| F|  |TAMS 0x0000000087d00000| PB 0x0000000087d00000| Untracked |  0
|  98|0x0000000087e00000, 0x0000000087e00000, 0x0000000087f00000|  0%| F|  |TAMS 0x0000000087e00000| PB 0x0000000087e00000| Untracked |  0
|  99|0x0000000087f00000, 0x0000000087f00000, 0x0000000088000000|  0%| F|  |TAMS 0x0000000087f00000| PB 0x0000000087f00000| Untracked |  0
| 100|0x0000000088000000, 0x0000000088000000, 0x0000000088100000|  0%| F|  |TAMS 0x0000000088000000| PB 0x0000000088000000| Untracked |  0
| 101|0x0000000088100000, 0x0000000088100000, 0x0000000088200000|  0%| F|  |TAMS 0x0000000088100000| PB 0x0000000088100000| Untracked |  0
| 102|0x0000000088200000, 0x0000000088200000, 0x0000000088300000|  0%| F|  |TAMS 0x0000000088200000| PB 0x0000000088200000| Untracked |  0
| 103|0x0000000088300000, 0x0000000088300000, 0x0000000088400000|  0%| F|  |TAMS 0x0000000088300000| PB 0x0000000088300000| Untracked |  0
| 104|0x0000000088400000, 0x0000000088400000, 0x0000000088500000|  0%| F|  |TAMS 0x0000000088400000| PB 0x0000000088400000| Untracked |  0
| 105|0x0000000088500000, 0x0000000088500000, 0x0000000088600000|  0%| F|  |TAMS 0x0000000088500000| PB 0x0000000088500000| Untracked |  0
| 106|0x0000000088600000, 0x0000000088600000, 0x0000000088700000|  0%| F|  |TAMS 0x0000000088600000| PB 0x0000000088600000| Untracked |  0
| 107|0x0000000088700000, 0x0000000088700000, 0x0000000088800000|  0%| F|  |TAMS 0x0000000088700000| PB 0x0000000088700000| Untracked |  0
| 108|0x0000000088800000, 0x0000000088800000, 0x0000000088900000|  0%| F|  |TAMS 0x0000000088800000| PB 0x0000000088800000| Untracked |  0
| 109|0x0000000088900000, 0x0000000088900000, 0x0000000088a00000|  0%| F|  |TAMS 0x0000000088900000| PB 0x0000000088900000| Untracked |  0
| 110|0x0000000088a00000, 0x0000000088a00000, 0x0000000088b00000|  0%| F|  |TAMS 0x0000000088a00000| PB 0x0000000088a00000| Untracked |  0
| 111|0x0000000088b00000, 0x0000000088b00000, 0x0000000088c00000|  0%| F|  |TAMS 0x0000000088b00000| PB 0x0000000088b00000| Untracked |  0
| 112|0x0000000088c00000, 0x0000000088c00000, 0x0000000088d00000|  0%| F|  |TAMS 0x0000000088c00000| PB 0x0000000088c00000| Untracked |  0
| 113|0x0000000088d00000, 0x0000000088d7ae30, 0x0000000088e00000| 48%| E|  |TAMS 0x0000000088d00000| PB 0x0000000088d00000| Complete |  0
| 114|0x0000000088e00000, 0x0000000088f00000, 0x0000000088f00000|100%| E|CS|TAMS 0x0000000088e00000| PB 0x0000000088e00000| Complete |  0
| 115|0x0000000088f00000, 0x0000000089000000, 0x0000000089000000|100%| E|CS|TAMS 0x0000000088f00000| PB 0x0000000088f00000| Complete |  0
| 116|0x0000000089000000, 0x0000000089100000, 0x0000000089100000|100%| E|CS|TAMS 0x0000000089000000| PB 0x0000000089000000| Complete |  0
| 117|0x0000000089100000, 0x0000000089200000, 0x0000000089200000|100%| E|CS|TAMS 0x0000000089100000| PB 0x0000000089100000| Complete |  0
| 118|0x0000000089200000, 0x0000000089300000, 0x0000000089300000|100%| E|CS|TAMS 0x0000000089200000| PB 0x0000000089200000| Complete |  0
| 119|0x0000000089300000, 0x0000000089400000, 0x0000000089400000|100%| E|CS|TAMS 0x0000000089300000| PB 0x0000000089300000| Complete |  0
| 120|0x0000000089400000, 0x0000000089500000, 0x0000000089500000|100%| E|CS|TAMS 0x0000000089400000| PB 0x0000000089400000| Complete |  0
| 121|0x0000000089500000, 0x0000000089600000, 0x0000000089600000|100%| E|CS|TAMS 0x0000000089500000| PB 0x0000000089500000| Complete |  0
| 122|0x0000000089600000, 0x0000000089700000, 0x0000000089700000|100%| E|CS|TAMS 0x0000000089600000| PB 0x0000000089600000| Complete |  0
| 123|0x0000000089700000, 0x0000000089800000, 0x0000000089800000|100%| E|CS|TAMS 0x0000000089700000| PB 0x0000000089700000| Complete |  0
| 124|0x0000000089800000, 0x0000000089900000, 0x0000000089900000|100%| E|CS|TAMS 0x0000000089800000| PB 0x0000000089800000| Complete |  0
| 125|0x0000000089900000, 0x0000000089a00000, 0x0000000089a00000|100%| E|CS|TAMS 0x0000000089900000| PB 0x0000000089900000| Complete |  0
| 126|0x0000000089a00000, 0x0000000089b00000, 0x0000000089b00000|100%| E|CS|TAMS 0x0000000089a00000| PB 0x0000000089a00000| Complete |  0
| 127|0x0000000089b00000, 0x0000000089c00000, 0x0000000089c00000|100%| E|CS|TAMS 0x0000000089b00000| PB 0x0000000089b00000| Complete |  0

Card table byte_map: [0x000001803e1f0000,0x000001803e5f0000] _byte_map_base: 0x000001803dde2000

Marking Bits: (CMBitMap*) 0x00000180290b5df0
 Bits: [0x000001803e5f0000, 0x0000018040580000)

Polling page: 0x0000018029120000

Metaspace:

Usage:
  Non-class:     12.22 MB used.
      Class:      1.28 MB used.
       Both:     13.50 MB used.

Virtual space:
  Non-class space:       64.00 MB reserved,      12.31 MB ( 19%) committed,  1 nodes.
      Class space:        1.00 GB reserved,       1.38 MB ( <1%) committed,  1 nodes.
             Both:        1.06 GB reserved,      13.69 MB (  1%) committed. 

Chunk freelists:
   Non-Class:  3.01 MB
       Class:  14.61 MB
        Both:  17.62 MB

MaxMetaspaceSize: unlimited
CompressedClassSpaceSize: 1.00 GB
Initial GC threshold: 21.00 MB
Current GC threshold: 21.00 MB
CDS: off
 - commit_granule_bytes: 65536.
 - commit_granule_words: 8192.
 - virtual_space_node_default_size: 8388608.
 - enlarge_chunks_in_place: 1.
 - use_allocation_guard: 0.


Internal statistics:

num_allocs_failed_limit: 0.
num_arena_births: 140.
num_arena_deaths: 0.
num_vsnodes_births: 2.
num_vsnodes_deaths: 0.
num_space_committed: 219.
num_space_uncommitted: 0.
num_chunks_returned_to_freelist: 0.
num_chunks_taken_from_freelist: 209.
num_chunk_merges: 0.
num_chunk_splits: 109.
num_chunks_enlarged: 37.
num_inconsistent_stats: 0.

CodeHeap 'non-profiled nmethods': size=120000Kb used=311Kb max_used=311Kb free=119689Kb
 bounds [0x0000018035e30000, 0x00000180360a0000, 0x000001803d360000]
CodeHeap 'profiled nmethods': size=120000Kb used=1617Kb max_used=1617Kb free=118382Kb
 bounds [0x000001802e360000, 0x000001802e5d0000, 0x0000018035890000]
CodeHeap 'non-nmethods': size=5760Kb used=1520Kb max_used=1564Kb free=4239Kb
 bounds [0x0000018035890000, 0x0000018035b00000, 0x0000018035e30000]
 total_blobs=1640 nmethods=1045 adapters=500
 compilation: enabled
              stopped_count=0, restarted_count=0
 full_count=0

Compilation events (20 events):
Event: 12061.794 Thread 0x0000018043139fe0 1035       3       jdk.internal.misc.Unsafe::putIntOpaque (9 bytes)
Event: 12061.794 Thread 0x0000018043139fe0 nmethod 1035 0x000001802e4ee890 code [0x000001802e4eea20, 0x000001802e4eeb38]
Event: 12061.794 Thread 0x0000018043139fe0 1037   !   3       java.util.concurrent.locks.AbstractQueuedSynchronizer::acquire (424 bytes)
Event: 12061.818 Thread 0x0000018043139fe0 nmethod 1037 0x000001802e4eec10 code [0x000001802e4eefc0, 0x000001802e4f07e8]
Event: 12121.810 Thread 0x0000018043139fe0 1038       3       java.util.concurrent.locks.AbstractQueuedSynchronizer$Node::getAndUnsetStatus (14 bytes)
Event: 12121.812 Thread 0x0000018043139fe0 nmethod 1038 0x000001802e4f1010 code [0x000001802e4f11c0, 0x000001802e4f1490]
Event: 16809.557 Thread 0x0000018043139fe0 1039   !   3       jdk.internal.ref.PhantomCleanable::isListEmpty (34 bytes)
Event: 16809.562 Thread 0x0000018043139fe0 nmethod 1039 0x000001802e4f1590 code [0x000001802e4f1740, 0x000001802e4f1998]
Event: 16809.563 Thread 0x0000018043139fe0 1040       3       jdk.internal.misc.InnocuousThread::eraseThreadLocals (23 bytes)
Event: 16809.564 Thread 0x0000018043139fe0 nmethod 1040 0x000001802e4f1a90 code [0x000001802e4f1c20, 0x000001802e4f1e08]
Event: 16869.569 Thread 0x0000018043139fe0 1041       3       java.util.concurrent.locks.AbstractQueuedSynchronizer$ConditionObject::unlinkCancelledWaiters (91 bytes)
Event: 16869.569 Thread 0x0000018043139fe0 nmethod 1041 0x000001802e4f1e90 code [0x000001802e4f2060, 0x000001802e4f24c0]
Event: 19269.875 Thread 0x000001804314eee0 1042       4       java.util.concurrent.locks.AbstractQueuedSynchronizer::compareAndSetState (13 bytes)
Event: 19269.881 Thread 0x000001804314eee0 nmethod 1042 0x0000018035e7d910 code [0x0000018035e7da80, 0x0000018035e7db10]
Event: 20362.139 Thread 0x0000018043139fe0 1043       3       jdk.internal.org.objectweb.asm.MethodVisitor::<init> (7 bytes)
Event: 20362.139 Thread 0x0000018043139fe0 nmethod 1043 0x000001802e4f2610 code [0x000001802e4f27c0, 0x000001802e4f2908]
Event: 20362.147 Thread 0x0000018043139fe0 1044       3       jdk.internal.org.objectweb.asm.MethodWriter::visitMaxs (60 bytes)
Event: 20362.172 Thread 0x0000018043139fe0 nmethod 1044 0x000001802e4f2990 code [0x000001802e4f2b60, 0x000001802e4f2e18]
Event: 20362.172 Thread 0x0000018043139fe0 1046       3       jdk.internal.org.objectweb.asm.MethodWriter::computeMethodInfoSize (571 bytes)
Event: 20362.284 Thread 0x0000018043139fe0 nmethod 1046 0x000001802e4f2f10 code [0x000001802e4f3240, 0x000001802e4f4088]

GC Heap History (0 events):
No events

Dll operation events (9 events):
Event: 0.011 Loaded shared library C:\Users\hp\.p2\pool\plugins\org.eclipse.justj.openjdk.hotspot.jre.full.win32.x86_64_22.0.2.v20240802-1626\jre\bin\java.dll
Event: 0.017 Loaded shared library C:\Users\hp\.p2\pool\plugins\org.eclipse.justj.openjdk.hotspot.jre.full.win32.x86_64_22.0.2.v20240802-1626\jre\bin\zip.dll
Event: 0.195 Loaded shared library C:\Users\hp\.p2\pool\plugins\org.eclipse.justj.openjdk.hotspot.jre.full.win32.x86_64_22.0.2.v20240802-1626\jre\bin\jimage.dll
Event: 0.208 Loaded shared library C:\Users\hp\.p2\pool\plugins\org.eclipse.justj.openjdk.hotspot.jre.full.win32.x86_64_22.0.2.v20240802-1626\jre\bin\net.dll
Event: 0.210 Loaded shared library C:\Users\hp\.p2\pool\plugins\org.eclipse.justj.openjdk.hotspot.jre.full.win32.x86_64_22.0.2.v20240802-1626\jre\bin\nio.dll
Event: 0.220 Loaded shared library C:\Users\hp\.p2\pool\plugins\org.eclipse.justj.openjdk.hotspot.jre.full.win32.x86_64_22.0.2.v20240802-1626\jre\bin\zip.dll
Event: 0.242 Loaded shared library C:\Users\hp\.p2\pool\plugins\org.eclipse.justj.openjdk.hotspot.jre.full.win32.x86_64_22.0.2.v20240802-1626\jre\bin\awt.dll
Event: 0.421 Loaded shared library C:\Users\hp\.p2\pool\plugins\org.eclipse.justj.openjdk.hotspot.jre.full.win32.x86_64_22.0.2.v20240802-1626\jre\bin\freetype.dll
Event: 0.422 Loaded shared library C:\Users\hp\.p2\pool\plugins\org.eclipse.justj.openjdk.hotspot.jre.full.win32.x86_64_22.0.2.v20240802-1626\jre\bin\fontmanager.dll

Deoptimization events (20 events):
Event: 0.524 Thread 0x000001804379d210 DEOPT PACKING pc=0x000001802e388e7c sp=0x0000001be60fca50
Event: 0.524 Thread 0x000001804379d210 DEOPT UNPACKING pc=0x00000180358e4e42 sp=0x0000001be60fbe70 mode 0
Event: 0.527 Thread 0x000001804379d210 Uncommon trap: trap_request=0xffffff45 fr.pc=0x0000018035e5b8b4 relative=0x0000000000000454
Event: 0.527 Thread 0x000001804379d210 Uncommon trap: reason=unstable_if action=reinterpret pc=0x0000018035e5b8b4 method=java.lang.CharacterDataLatin1.isUpperCase(I)Z @ 7 c2
Event: 0.527 Thread 0x000001804379d210 DEOPT PACKING pc=0x0000018035e5b8b4 sp=0x0000001be60fd140
Event: 0.527 Thread 0x000001804379d210 DEOPT UNPACKING pc=0x00000180358e46a2 sp=0x0000001be60fd048 mode 2
Event: 0.581 Thread 0x000001804379d210 DEOPT PACKING pc=0x000001802e3763cc sp=0x0000001be60fcd20
Event: 0.581 Thread 0x000001804379d210 DEOPT UNPACKING pc=0x00000180358e4e42 sp=0x0000001be60fc188 mode 0
Event: 0.662 Thread 0x000001804379d210 Uncommon trap: trap_request=0xffffff45 fr.pc=0x0000018035e39fcc relative=0x00000000000000ac
Event: 0.662 Thread 0x000001804379d210 Uncommon trap: reason=unstable_if action=reinterpret pc=0x0000018035e39fcc method=java.lang.String.hashCode()I @ 20 c2
Event: 0.662 Thread 0x000001804379d210 DEOPT PACKING pc=0x0000018035e39fcc sp=0x0000001be60fcf40
Event: 0.662 Thread 0x000001804379d210 DEOPT UNPACKING pc=0x00000180358e46a2 sp=0x0000001be60fced0 mode 2
Event: 0.662 Thread 0x000001804379d210 Uncommon trap: trap_request=0xffffff45 fr.pc=0x0000018035e54ab4 relative=0x0000000000000194
Event: 0.662 Thread 0x000001804379d210 Uncommon trap: reason=unstable_if action=reinterpret pc=0x0000018035e54ab4 method=jdk.internal.util.ArraysSupport.vectorizedHashCode(Ljava/lang/Object;IIII)I @ 2 c2
Event: 0.662 Thread 0x000001804379d210 DEOPT PACKING pc=0x0000018035e54ab4 sp=0x0000001be60fce40
Event: 0.662 Thread 0x000001804379d210 DEOPT UNPACKING pc=0x00000180358e46a2 sp=0x0000001be60fcdf0 mode 2
Event: 0.681 Thread 0x000001804379d210 Uncommon trap: trap_request=0xffffff45 fr.pc=0x0000018035e6a438 relative=0x00000000000003d8
Event: 0.681 Thread 0x000001804379d210 Uncommon trap: reason=unstable_if action=reinterpret pc=0x0000018035e6a438 method=java.lang.Character.isSurrogate(C)Z @ 3 c2
Event: 0.681 Thread 0x000001804379d210 DEOPT PACKING pc=0x0000018035e6a438 sp=0x0000001be60fcc00
Event: 0.681 Thread 0x000001804379d210 DEOPT UNPACKING pc=0x00000180358e46a2 sp=0x0000001be60fcb08 mode 2

Classes loaded (20 events):
Event: 0.746 Loading class sun/awt/im/CompositionAreaHandler
Event: 0.746 Loading class java/awt/event/InputMethodListener
Event: 0.746 Loading class java/awt/event/InputMethodListener done
Event: 0.746 Loading class sun/awt/im/CompositionAreaHandler done
Event: 0.746 Loading class java/text/AttributedString
Event: 0.747 Loading class java/text/AttributedString done
Event: 0.747 Loading class java/text/AttributedString$AttributedStringIterator
Event: 0.747 Loading class java/text/AttributedCharacterIterator
Event: 0.747 Loading class java/text/CharacterIterator
Event: 0.747 Loading class java/text/CharacterIterator done
Event: 0.747 Loading class java/text/AttributedCharacterIterator done
Event: 0.747 Loading class java/text/AttributedString$AttributedStringIterator done
Event: 3.204 Loading class java/awt/KeyboardFocusManager$2
Event: 3.204 Loading class java/awt/KeyboardFocusManager$2 done
Event: 3.205 Loading class sun/awt/SunToolkit$1
Event: 3.205 Loading class sun/awt/SunToolkit$1 done
Event: 12783.775 Loading class java/awt/desktop/SystemSleepListener
Event: 12783.807 Loading class java/awt/desktop/SystemEventListener
Event: 12783.828 Loading class java/awt/desktop/SystemEventListener done
Event: 12783.842 Loading class java/awt/desktop/SystemSleepListener done

Classes unloaded (0 events):
No events

Classes redefined (0 events):
No events

Internal exceptions (13 events):
Event: 0.229 Thread 0x0000018028f40c50 Exception <a 'java/lang/ClassNotFoundException'{0x0000000089ae4128}: sun/awt/resources/spi/awtProvider> (0x0000000089ae4128) 
thrown [s\src\hotspot\share\classfile\systemDictionary.cpp, line 313]
Event: 0.254 Thread 0x0000018028f40c50 Exception <a 'java/io/FileNotFoundException'{0x00000000899490a0}> (0x00000000899490a0) 
thrown [s\src\hotspot\share\prims\jni.cpp, line 520]
Event: 0.262 Thread 0x0000018028f40c50 Exception <a 'java/io/FileNotFoundException'{0x0000000089977340}> (0x0000000089977340) 
thrown [s\src\hotspot\share\prims\jni.cpp, line 520]
Event: 0.350 Thread 0x0000018028f40c50 Exception <a 'java/lang/NoSuchMethodError'{0x000000008989d138}: 'void java.lang.invoke.DirectMethodHandle$Holder.invokeSpecial(java.lang.Object, java.lang.Object, java.lang.Object)'> (0x000000008989d138) 
thrown [s\src\hotspot\share\interpreter\linkResolver.cpp, line 774]
Event: 0.358 Thread 0x0000018028f40c50 Exception <a 'java/lang/NoSuchMethodError'{0x00000000898c3658}: 'java.lang.Object java.lang.invoke.DirectMethodHandle$Holder.newInvokeSpecial(java.lang.Object, java.lang.Object, java.lang.Object, java.lang.Object, java.lang.Object)'> (0x00000000898c3658) 
thrown [s\src\hotspot\share\interpreter\linkResolver.cpp, line 774]
Event: 0.362 Thread 0x0000018028f40c50 Exception <a 'java/lang/NoSuchMethodError'{0x00000000898eff70}: 'java.lang.Object java.lang.invoke.DirectMethodHandle$Holder.invokeStatic(java.lang.Object, int, java.lang.Object)'> (0x00000000898eff70) 
thrown [s\src\hotspot\share\interpreter\linkResolver.cpp, line 774]
Event: 0.382 Thread 0x0000018028f40c50 Exception <a 'java/lang/ClassNotFoundException'{0x0000000089792438}: com/sun/swing/internal/plaf/metal/resources/spi/metalProvider> (0x0000000089792438) 
thrown [s\src\hotspot\share\classfile\systemDictionary.cpp, line 313]
Event: 0.383 Thread 0x0000018028f40c50 Exception <a 'java/lang/ClassNotFoundException'{0x0000000089796468}: com/sun/swing/internal/plaf/basic/resources/spi/basicProvider> (0x0000000089796468) 
thrown [s\src\hotspot\share\classfile\systemDictionary.cpp, line 313]
Event: 0.392 Thread 0x0000018028f40c50 Exception <a 'java/lang/NoSuchMethodError'{0x00000000897b63f0}: 'int java.lang.invoke.Invokers$Holder.invokeExact_MT(java.lang.Object, java.lang.Object)'> (0x00000000897b63f0) 
thrown [s\src\hotspot\share\interpreter\linkResolver.cpp, line 774]
Event: 0.402 Thread 0x0000018043721e20 Exception <a 'java/lang/NoSuchMethodError'{0x000000008980ee98}: 'void java.lang.invoke.DirectMethodHandle$Holder.invokeVirtual(java.lang.Object, java.lang.Object)'> (0x000000008980ee98) 
thrown [s\src\hotspot\share\interpreter\linkResolver.cpp, line 774]
Event: 0.417 Thread 0x0000018028f40c50 Exception <a 'java/lang/NoSuchMethodError'{0x00000000897db7f8}: 'void java.lang.invoke.DirectMethodHandle$Holder.invokeStaticInit(java.lang.Object)'> (0x00000000897db7f8) 
thrown [s\src\hotspot\share\interpreter\linkResolver.cpp, line 774]
Event: 0.524 Thread 0x000001804379d210 Exception <a 'java/io/FileNotFoundException'{0x000000008954c130}> (0x000000008954c130) 
thrown [s\src\hotspot\share\prims\jni.cpp, line 520]
Event: 0.531 Thread 0x000001804379d210 Exception <a 'java/io/FileNotFoundException'{0x0000000089564d50}> (0x0000000089564d50) 
thrown [s\src\hotspot\share\prims\jni.cpp, line 520]

ZGC Phase Switch (0 events):
No events

VM Operations (18 events):
Event: 0.382 Executing VM operation: HandshakeAllThreads (Deoptimize)
Event: 0.382 Executing VM operation: HandshakeAllThreads (Deoptimize) done
Event: 0.408 Executing VM operation: HandshakeAllThreads (Deoptimize)
Event: 0.408 Executing VM operation: HandshakeAllThreads (Deoptimize) done
Event: 0.717 Executing VM operation: HandshakeAllThreads (Deoptimize)
Event: 0.717 Executing VM operation: HandshakeAllThreads (Deoptimize) done
Event: 0.717 Executing VM operation: HandshakeAllThreads (Deoptimize)
Event: 0.717 Executing VM operation: HandshakeAllThreads (Deoptimize) done
Event: 1.729 Executing VM operation: Cleanup
Event: 1.729 Executing VM operation: Cleanup done
Event: 2.739 Executing VM operation: Cleanup
Event: 2.739 Executing VM operation: Cleanup done
Event: 60.084 Executing VM operation: HandshakeAllThreads (HandshakeForDeflation)
Event: 60.084 Executing VM operation: HandshakeAllThreads (HandshakeForDeflation) done
Event: 60.084 Executing VM operation: RendezvousGCThreads
Event: 60.084 Executing VM operation: RendezvousGCThreads done
Event: 12121.920 Executing VM operation: Cleanup
Event: 12121.924 Executing VM operation: Cleanup done

Memory protections (0 events):
No events

Nmethod flushes (0 events):
No events

Events (19 events):
Event: 0.016 Thread 0x0000018028f40c50 Thread added: 0x0000018028f40c50
Event: 0.074 Thread 0x0000018028f40c50 Thread added: 0x0000018043119210
Event: 0.074 Thread 0x0000018028f40c50 Thread added: 0x000001804311b040
Event: 0.076 Thread 0x0000018028f40c50 Thread added: 0x000001804316c0f0
Event: 0.076 Thread 0x0000018028f40c50 Thread added: 0x000001804316f8f0
Event: 0.076 Thread 0x0000018028f40c50 Thread added: 0x000001804316a420
Event: 0.076 Thread 0x0000018028f40c50 Thread added: 0x000001804314c470
Event: 0.076 Thread 0x0000018028f40c50 Thread added: 0x000001804314eee0
Event: 0.076 Thread 0x0000018028f40c50 Thread added: 0x0000018043139fe0
Event: 0.119 Thread 0x0000018028f40c50 Thread added: 0x0000018043300430
Event: 0.138 Thread 0x0000018028f40c50 Thread added: 0x000001804332e520
Event: 0.315 Thread 0x0000018028f40c50 Thread added: 0x00000180437205e0
Event: 0.316 Thread 0x0000018028f40c50 Thread added: 0x00000180437213a0
Event: 0.317 Thread 0x0000018028f40c50 Thread added: 0x0000018043721e20
Event: 0.401 Thread 0x0000018043721e20 Thread added: 0x000001804379d210
Event: 0.484 Thread 0x0000018028f40c50 Thread exited: 0x0000018028f40c50
Event: 0.484 Thread 0x0000018028f40c50 Thread added: 0x0000018028f40c50
Event: 0.672 Thread 0x0000018043139fe0 Thread added: 0x0000018043960790
Event: 1.416 Thread 0x0000018043960790 Thread exited: 0x0000018043960790


Dynamic libraries:
0x00007ff6d12a0000 - 0x00007ff6d12ae000 	C:\Users\hp\.p2\pool\plugins\org.eclipse.justj.openjdk.hotspot.jre.full.win32.x86_64_22.0.2.v20240802-1626\jre\bin\javaw.exe
0x00007ffa69910000 - 0x00007ffa69b27000 	C:\Windows\SYSTEM32\ntdll.dll
0x00007ffa693d0000 - 0x00007ffa69494000 	C:\Windows\System32\KERNEL32.DLL
0x00007ffa670c0000 - 0x00007ffa6746d000 	C:\Windows\System32\KERNELBASE.dll
0x00007ffa67470000 - 0x00007ffa67581000 	C:\Windows\System32\ucrtbase.dll
0x00007ffa5eda0000 - 0x00007ffa5edb7000 	C:\Users\hp\.p2\pool\plugins\org.eclipse.justj.openjdk.hotspot.jre.full.win32.x86_64_22.0.2.v20240802-1626\jre\bin\jli.dll
0x00007ffa61540000 - 0x00007ffa6155b000 	C:\Users\hp\.p2\pool\plugins\org.eclipse.justj.openjdk.hotspot.jre.full.win32.x86_64_22.0.2.v20240802-1626\jre\bin\VCRUNTIME140.dll
0x00007ffa69120000 - 0x00007ffa692ce000 	C:\Windows\System32\USER32.dll
0x00007ffa45060000 - 0x00007ffa452f3000 	C:\Windows\WinSxS\amd64_microsoft.windows.common-controls_6595b64144ccf1df_6.0.22621.3672_none_2713b9d173822955\COMCTL32.dll
0x00007ffa67610000 - 0x00007ffa67636000 	C:\Windows\System32\win32u.dll
0x00007ffa697e0000 - 0x00007ffa69887000 	C:\Windows\System32\msvcrt.dll
0x00007ffa69890000 - 0x00007ffa698b9000 	C:\Windows\System32\GDI32.dll
0x00007ffa66c30000 - 0x00007ffa66d49000 	C:\Windows\System32\gdi32full.dll
0x00007ffa66dc0000 - 0x00007ffa66e5a000 	C:\Windows\System32\msvcp_win.dll
0x00007ffa68ca0000 - 0x00007ffa68cd1000 	C:\Windows\System32\IMM32.DLL
0x00007ffa62420000 - 0x00007ffa6242c000 	C:\Users\hp\.p2\pool\plugins\org.eclipse.justj.openjdk.hotspot.jre.full.win32.x86_64_22.0.2.v20240802-1626\jre\bin\vcruntime140_1.dll
0x00007ffa5ba10000 - 0x00007ffa5ba9e000 	C:\Users\hp\.p2\pool\plugins\org.eclipse.justj.openjdk.hotspot.jre.full.win32.x86_64_22.0.2.v20240802-1626\jre\bin\msvcp140.dll
0x00007ff9fd010000 - 0x00007ff9fddd3000 	C:\Users\hp\.p2\pool\plugins\org.eclipse.justj.openjdk.hotspot.jre.full.win32.x86_64_22.0.2.v20240802-1626\jre\bin\server\jvm.dll
0x00007ffa67c70000 - 0x00007ffa67d22000 	C:\Windows\System32\ADVAPI32.dll
0x00007ffa67ac0000 - 0x00007ffa67b69000 	C:\Windows\System32\sechost.dll
0x00007ffa67090000 - 0x00007ffa670b8000 	C:\Windows\System32\bcrypt.dll
0x00007ffa68600000 - 0x00007ffa68714000 	C:\Windows\System32\RPCRT4.dll
0x00007ffa68b00000 - 0x00007ffa68b71000 	C:\Windows\System32\WS2_32.dll
0x00007ffa65ac0000 - 0x00007ffa65b0d000 	C:\Windows\SYSTEM32\POWRPROF.dll
0x00007ffa61790000 - 0x00007ffa6179a000 	C:\Windows\SYSTEM32\VERSION.dll
0x00007ffa61500000 - 0x00007ffa61534000 	C:\Windows\SYSTEM32\WINMM.dll
0x00007ffa65aa0000 - 0x00007ffa65ab3000 	C:\Windows\SYSTEM32\UMPDC.dll
0x00007ffa65d50000 - 0x00007ffa65d68000 	C:\Windows\SYSTEM32\kernel.appcore.dll
0x00007ffa62210000 - 0x00007ffa6221a000 	C:\Users\hp\.p2\pool\plugins\org.eclipse.justj.openjdk.hotspot.jre.full.win32.x86_64_22.0.2.v20240802-1626\jre\bin\jimage.dll
0x00007ffa64510000 - 0x00007ffa64742000 	C:\Windows\SYSTEM32\DBGHELP.DLL
0x00007ffa68cf0000 - 0x00007ffa6907d000 	C:\Windows\System32\combase.dll
0x00007ffa68720000 - 0x00007ffa687f7000 	C:\Windows\System32\OLEAUT32.dll
0x00007ffa5c9f0000 - 0x00007ffa5ca22000 	C:\Windows\SYSTEM32\dbgcore.DLL
0x00007ffa67590000 - 0x00007ffa6760b000 	C:\Windows\System32\bcryptPrimitives.dll
0x00007ffa621c0000 - 0x00007ffa621de000 	C:\Users\hp\.p2\pool\plugins\org.eclipse.justj.openjdk.hotspot.jre.full.win32.x86_64_22.0.2.v20240802-1626\jre\bin\java.dll
0x00007ffa67d30000 - 0x00007ffa68598000 	C:\Windows\System32\SHELL32.dll
0x00007ffa68800000 - 0x00007ffa689a5000 	C:\Windows\System32\ole32.dll
0x00007ffa61590000 - 0x00007ffa615a7000 	C:\Users\hp\.p2\pool\plugins\org.eclipse.justj.openjdk.hotspot.jre.full.win32.x86_64_22.0.2.v20240802-1626\jre\bin\zip.dll
0x00007ffa64b80000 - 0x00007ffa6547e000 	C:\Windows\SYSTEM32\windows.storage.dll
0x00007ffa64a40000 - 0x00007ffa64b7f000 	C:\Windows\SYSTEM32\wintypes.dll
0x00007ffa67b70000 - 0x00007ffa67c69000 	C:\Windows\System32\SHCORE.dll
0x00007ffa68a20000 - 0x00007ffa68a7e000 	C:\Windows\System32\shlwapi.dll
0x00007ffa66b60000 - 0x00007ffa66b81000 	C:\Windows\SYSTEM32\profapi.dll
0x00007ffa62200000 - 0x00007ffa62210000 	C:\Users\hp\.p2\pool\plugins\org.eclipse.justj.openjdk.hotspot.jre.full.win32.x86_64_22.0.2.v20240802-1626\jre\bin\net.dll
0x00007ffa661c0000 - 0x00007ffa66229000 	C:\Windows\system32\mswsock.dll
0x00007ffa4e7e0000 - 0x00007ffa4e7f6000 	C:\Users\hp\.p2\pool\plugins\org.eclipse.justj.openjdk.hotspot.jre.full.win32.x86_64_22.0.2.v20240802-1626\jre\bin\nio.dll
0x00007ffa39bf0000 - 0x00007ffa39d7d000 	C:\Users\hp\.p2\pool\plugins\org.eclipse.justj.openjdk.hotspot.jre.full.win32.x86_64_22.0.2.v20240802-1626\jre\bin\awt.dll
0x00007ffa61440000 - 0x00007ffa614d7000 	C:\Windows\SYSTEM32\apphelp.dll
0x00007ffa64000000 - 0x00007ffa6402b000 	C:\Windows\system32\DWMAPI.DLL
0x00007ffa63db0000 - 0x00007ffa63e60000 	C:\Windows\system32\uxtheme.dll
0x00007ffa368e0000 - 0x00007ffa369e0000 	C:\Windows\system32\opengl32.dll
0x00007ffa4bc20000 - 0x00007ffa4bc4d000 	C:\Windows\SYSTEM32\GLU32.dll
0x00007ffa63eb0000 - 0x00007ffa63ee7000 	C:\Windows\SYSTEM32\dxcore.dll
0x00007ffa69680000 - 0x00007ffa697db000 	C:\Windows\System32\MSCTF.dll
0x00007ffa4d5d0000 - 0x00007ffa4d657000 	C:\Users\hp\.p2\pool\plugins\org.eclipse.justj.openjdk.hotspot.jre.full.win32.x86_64_22.0.2.v20240802-1626\jre\bin\freetype.dll
0x00007ffa4c2d0000 - 0x00007ffa4c3a8000 	C:\Users\hp\.p2\pool\plugins\org.eclipse.justj.openjdk.hotspot.jre.full.win32.x86_64_22.0.2.v20240802-1626\jre\bin\fontmanager.dll
0x00007ffa4d740000 - 0x00007ffa4d88e000 	C:\Windows\SYSTEM32\textinputframework.dll
0x00007ffa60a20000 - 0x00007ffa60b53000 	C:\Windows\SYSTEM32\CoreMessaging.dll
0x00007ffa5dc70000 - 0x00007ffa5dfdd000 	C:\Windows\SYSTEM32\CoreUIComponents.dll
0x00007ffa66440000 - 0x00007ffa6644c000 	C:\Windows\SYSTEM32\CRYPTBASE.DLL

dbghelp: loaded successfully - version: 4.0.5 - missing functions: none
symbol engine: initialized successfully - sym options: 0x614 - pdb path: .;C:\Users\hp\.p2\pool\plugins\org.eclipse.justj.openjdk.hotspot.jre.full.win32.x86_64_22.0.2.v20240802-1626\jre\bin;C:\Windows\SYSTEM32;C:\Windows\WinSxS\amd64_microsoft.windows.common-controls_6595b64144ccf1df_6.0.22621.3672_none_2713b9d173822955;C:\Users\hp\.p2\pool\plugins\org.eclipse.justj.openjdk.hotspot.jre.full.win32.x86_64_22.0.2.v20240802-1626\jre\bin\server

VM Arguments:
jvm_args: -Dfile.encoding=UTF-8 -Dstdout.encoding=UTF-8 -Dstderr.encoding=UTF-8 -XX:+ShowCodeDetailsInExceptionMessages 
java_command: event_Management.add_newitem
java_class_path (initial): D:\AsifKhan\Java Development\Technical_Event_Manager\build\classes;C:\Users\hp\Downloads\mysql-connector-java-8.0.28.jar
Launcher Type: SUN_STANDARD

[Global flags]
     intx CICompilerCount                          = 4                                         {product} {ergonomic}
     uint ConcGCThreads                            = 2                                         {product} {ergonomic}
     uint G1ConcRefinementThreads                  = 8                                         {product} {ergonomic}
   size_t G1HeapRegionSize                         = 1048576                                   {product} {ergonomic}
   size_t InitialHeapSize                          = 134217728                                 {product} {ergonomic}
   size_t MarkStackSize                            = 4194304                                   {product} {ergonomic}
   size_t MaxHeapSize                              = 2118123520                                {product} {ergonomic}
   size_t MaxNewSize                               = 1270874112                                {product} {ergonomic}
   size_t MinHeapDeltaBytes                        = 1048576                                   {product} {ergonomic}
   size_t MinHeapSize                              = 8388608                                   {product} {ergonomic}
    uintx NonNMethodCodeHeapSize                   = 5839372                                {pd product} {ergonomic}
    uintx NonProfiledCodeHeapSize                  = 122909434                              {pd product} {ergonomic}
    uintx ProfiledCodeHeapSize                     = 122909434                              {pd product} {ergonomic}
    uintx ReservedCodeCacheSize                    = 251658240                              {pd product} {ergonomic}
     bool SegmentedCodeCache                       = true                                      {product} {ergonomic}
     bool ShowCodeDetailsInExceptionMessages       = true                                   {manageable} {command line}
   size_t SoftMaxHeapSize                          = 2118123520                             {manageable} {ergonomic}
     bool UseCompressedOops                        = true                           {product lp64_product} {ergonomic}
     bool UseG1GC                                  = true                                      {product} {ergonomic}
     bool UseLargePagesIndividualAllocation        = false                                  {pd product} {ergonomic}

Logging:
Log output configuration:
 #0: stdout all=warning uptime,level,tags foldmultilines=false
 #1: stderr all=off uptime,level,tags foldmultilines=false

Environment Variables:
PATH=C:/Users/hp/.p2/pool/plugins/org.eclipse.justj.openjdk.hotspot.jre.full.win32.x86_64_22.0.2.v20240802-1626/jre/bin/server;C:/Users/hp/.p2/pool/plugins/org.eclipse.justj.openjdk.hotspot.jre.full.win32.x86_64_22.0.2.v20240802-1626/jre/bin;C:\Windows\system32;C:\Windows;C:\Windows\System32\Wbem;C:\Windows\System32\WindowsPowerShell\v1.0\;C:\Windows\System32\OpenSSH\;C:\Program Files\dotnet\;C:\Program Files\MySQL\MySQL Shell 8.0\bin\;C:\Users\hp\AppData\Local\Programs\Python\Python312\Scripts\;C:\Users\hp\AppData\Local\Programs\Python\Python312\;C:\Users\hp\AppData\Local\Programs\Python\Launcher\;C:\Users\hp\AppData\Local\Microsoft\WindowsApps;C:\Users\hp\AppData\Local\Muse Hub\lib;C:\Users\hp\OneDrive\Desktop;
USERNAME=hp
OS=Windows_NT
PROCESSOR_IDENTIFIER=Intel64 Family 6 Model 142 Stepping 11, GenuineIntel
TMP=C:\Users\hp\AppData\Local\Temp
TEMP=C:\Users\hp\AppData\Local\Temp




Periodic native trim disabled

---------------  S Y S T E M  ---------------

OS:
 Windows 11 , 64 bit Build 22621 (10.0.22621.3958)
OS uptime: 1 days 10:12 hours

CPU: total 8 (initial active 8) (4 cores per cpu, 2 threads per core) family 6 model 142 stepping 11 microcode 0xde, cx8, cmov, fxsr, ht, mmx, 3dnowpref, sse, sse2, sse3, ssse3, sse4.1, sse4.2, popcnt, lzcnt, tsc, tscinvbit, avx, avx2, aes, erms, clmul, bmi1, bmi2, adx, fma, vzeroupper, clflush, clflushopt, rdtscp, f16c
Processor Information for all 8 processors :
  Max Mhz: 1800, Current Mhz: 1600, Mhz Limit: 1584

Memory: 4k page, system-wide physical 8079M (348M free)
TotalPageFile size 32655M (AvailPageFile size 1251M)
current process WorkingSet (physical memory assigned to process): 24M, peak: 82M
current process commit charge ("private bytes"): 218M, peak: 228M

vm_info: OpenJDK 64-Bit Server VM (22.0.2+9) for windows-amd64 JRE (22.0.2+9), built on 2024-07-16T00:00:00Z by "admin" with MS VC++ 17.7 (VS2022)

END.
