#
# A fatal error has been detected by the Java Runtime Environment:
#
#  EXCEPTION_ACCESS_VIOLATION (0xc0000005) at pc=0x00007ffa39ccb0f6, pid=8912, tid=19132
#
# JRE version: OpenJDK Runtime Environment Temurin-22.0.2+9 (22.0.2+9) (build 22.0.2+9)
# Java VM: OpenJDK 64-Bit Server VM Temurin-22.0.2+9 (22.0.2+9, mixed mode, tiered, compressed oops, compressed class ptrs, g1 gc, windows-amd64)
# Problematic frame:
# C  [awt.dll+0xdb0f6]
#
# No core dump will be written. Minidumps are not enabled by default on client versions of Windows
#
# If you would like to submit a bug report, please visit:
#   https://github.com/adoptium/adoptium-support/issues
# The crash happened outside the Java Virtual Machine in native code.
# See problematic frame for where to report the bug.
#

---------------  S U M M A R Y ------------

Command Line: -Dfile.encoding=UTF-8 -Dstdout.encoding=UTF-8 -Dstderr.encoding=UTF-8 -XX:+ShowCodeDetailsInExceptionMessages event_Management.add_newitem

Host: Intel(R) Core(TM) i5-8265U CPU @ 1.60GHz, 8 cores, 7G,  Windows 11 , 64 bit Build 22621 (10.0.22621.3958)
Time: Thu Sep  5 23:09:06 2024 India Standard Time elapsed time: 13869.600864 seconds (0d 3h 51m 9s)

---------------  T H R E A D  ---------------

Current thread (0x00000204255da770):  JavaThread "AWT-EventQueue-0"        [_thread_in_native, id=19132, stack(0x0000006363d00000,0x0000006363e00000) (1024K)]

Stack: [0x0000006363d00000,0x0000006363e00000],  sp=0x0000006363dfea20,  free space=1018k
Native frames: (J=compiled Java code, j=interpreted, Vv=VM code, C=native code)
C  [awt.dll+0xdb0f6]  (no source info available)
C  [awt.dll+0xdc932]  (no source info available)
C  0x00000204136bcf87  (no source info available)

The last pc belongs to native method entry point (kind = native) (printed below).
Java frames: (J=compiled Java code, j=interpreted, Vv=VM code)
j  sun.awt.Win32GraphicsDevice.initNativeScale(I)V+0 java.desktop@22.0.2
j  sun.awt.Win32GraphicsDevice.initScaleFactors()V+60 java.desktop@22.0.2
j  sun.awt.Win32GraphicsDevice.displayChanged()V+16 java.desktop@22.0.2
j  sun.awt.Win32GraphicsEnvironment.displayChanged()V+271 java.desktop@22.0.2
j  sun.awt.windows.WToolkit.lambda$displayChanged$4()V+15 java.desktop@22.0.2
j  sun.awt.windows.WToolkit$$Lambda+0x0000000015181bd0.run()V+0 java.desktop@22.0.2
j  java.awt.event.InvocationEvent.dispatch()V+47 java.desktop@22.0.2
j  java.awt.EventQueue.dispatchEventImpl(Ljava/awt/AWTEvent;Ljava/lang/Object;)V+21 java.desktop@22.0.2
j  java.awt.EventQueue$4.run()Ljava/lang/Void;+32 java.desktop@22.0.2
j  java.awt.EventQueue$4.run()Ljava/lang/Object;+1 java.desktop@22.0.2
J 1098 c1 java.security.ProtectionDomain$JavaSecurityAccessImpl.doIntersectionPrivilege(Ljava/security/PrivilegedAction;Ljava/security/AccessControlContext;Ljava/security/AccessControlContext;)Ljava/lang/Object; java.base@22.0.2 (22 bytes) @ 0x000002040c321d54 [0x000002040c321ac0+0x0000000000000294]
j  java.awt.EventQueue.dispatchEvent(Ljava/awt/AWTEvent;)V+46 java.desktop@22.0.2
j  java.awt.EventDispatchThread.pumpOneEventForFilters(I)V+81 java.desktop@22.0.2
j  java.awt.EventDispatchThread.pumpEventsForFilter(ILjava/awt/Conditional;Ljava/awt/EventFilter;)V+35 java.desktop@22.0.2
j  java.awt.EventDispatchThread.pumpEventsForHierarchy(ILjava/awt/Conditional;Ljava/awt/Component;)V+11 java.desktop@22.0.2
j  java.awt.EventDispatchThread.pumpEvents(ILjava/awt/Conditional;)V+4 java.desktop@22.0.2
j  java.awt.EventDispatchThread.pumpEvents(Ljava/awt/Conditional;)V+3 java.desktop@22.0.2
j  java.awt.EventDispatchThread.run()V+9 java.desktop@22.0.2
v  ~StubRoutines::call_stub 0x00000204136b100d

siginfo: EXCEPTION_ACCESS_VIOLATION (0xc0000005), reading address 0x00003e74696e698c


Registers:
RAX=0x00003e74696e693c, RBX=0x0000020428327ba0, RCX=0x00003e74696e693c, RDX=0x0000000000000000
RSP=0x0000006363dfea20, RBP=0x0000006363dfeb00, RSI=0x0000000000000000, RDI=0x0000000000000000
R8 =0x0000000000000001, R9 =0x00000000000000dd, R10=0x00000204136bcf58, R11=0x0000000000000100
R12=0x0000000000000000, R13=0x0000020421869070, R14=0x0000006363dfeb28, R15=0x00000204255da770
RIP=0x00007ffa39ccb0f6, EFLAGS=0x0000000000010202


Register to memory mapping:

RAX=0x00003e74696e693c is an unknown value
RBX=0x0000020428327ba0 points into unknown readable memory: 0x0000020425665e50 | 50 5e 66 25 04 02 00 00
RCX=0x00003e74696e693c is an unknown value
RDX=0x0 is null
RSP=0x0000006363dfea20 is pointing into the stack for thread: 0x00000204255da770
RBP=0x0000006363dfeb00 is pointing into the stack for thread: 0x00000204255da770
RSI=0x0 is null
RDI=0x0 is null
R8 =0x0000000000000001 is an unknown value
R9 =0x00000000000000dd is an unknown value
R10=0x00000204136bcf58 is at code_begin+1016 in an Interpreter codelet
native method entry point (kind = native)  [0x00000204136bcb60, 0x00000204136bd680]  2848 bytes
R11=0x0000000000000100 is an unknown value
R12=0x0 is null
R13={method} {0x0000020421869078} 'initNativeScale' '(I)V' in 'sun/awt/Win32GraphicsDevice'
R14=0x0000006363dfeb28 is pointing into the stack for thread: 0x00000204255da770
R15=0x00000204255da770 is a thread

Top of Stack: (sp=0x0000006363dfea20)
0x0000006363dfea20:   0000020421d59e68 00007ff9fd23b34c
0x0000006363dfea30:   0000020428327ba0 0000000000000000
0x0000006363dfea40:   0000020428327ba0 00007ffa39ccc932
0x0000006363dfea50:   00007ffa39d29848 0000020421869070
0x0000006363dfea60:   0000006363dfeb10 0000020420cbea40
0x0000006363dfea70:   00000204136b8a40 00000204136bcf87
0x0000006363dfea80:   0000020421869070 00000204136cabe7
0x0000006363dfea90:   00000204255da770 00000204136b8a40
0x0000006363dfeaa0:   0000000000000000 00007ff9fd6addf9
0x0000006363dfeab0:   0000006363dfebf0 fffffffffffffff7
0x0000006363dfeac0:   0000000000000000 0000000000000005
0x0000006363dfead0:   000002042186c738 0000000000000000
0x0000006363dfeae0:   00000000899e9060 0000020421869070
0x0000006363dfeaf0:   0000000000000000 0000006363dfeb20
0x0000006363dfeb00:   0000006363dfeb78 00000204136b88a6
0x0000006363dfeb10:   0000000000000000 00000204136ba4d7
0x0000006363dfeb20:   0000000000000000 000000008987d608
0x0000006363dfeb30:   fffffffffffffff7 00000204218696c4
0x0000006363dfeb40:   0000000000000002 000002042186c738
0x0000006363dfeb50:   0000000000000000 00000000899e9060
0x0000006363dfeb60:   0000020421869710 fffffffffffffff5
0x0000006363dfeb70:   0000006363dfeb88 0000006363dfebd8
0x0000006363dfeb80:   00000204136b88a6 000000008987d608
0x0000006363dfeb90:   fffffffffffffff7 000002042186af88
0x0000006363dfeba0:   0000000000000003 000002042186c738
0x0000006363dfebb0:   0000000000000000 00000000899e9060
0x0000006363dfebc0:   000002042186afd0 fffffffffffffff6
0x0000006363dfebd0:   0000006363dfebf0 0000006363dfec40
0x0000006363dfebe0:   00000204136b88a6 0000000000000000
0x0000006363dfebf0:   000000008987d608 fffffffffffffff7
0x0000006363dfec00:   000002042177248f 0000000000000008
0x0000006363dfec10:   00000204217766e8 0000000000000000 

Instructions: (pc=0x00007ffa39ccb0f6)
0x00007ffa39ccaff6:   11 45 d4 0f 11 45 e4 0f 11 45 f4 89 45 04 c7 45
0x00007ffa39ccb006:   a0 68 00 00 00 0f 11 44 24 34 0f 11 44 24 44 0f
0x00007ffa39ccb016:   11 44 24 54 0f 11 44 24 64 0f 11 44 24 74 0f 11
0x00007ffa39ccb026:   45 84 89 45 94 c7 44 24 30 68 00 00 00 48 8d 55
0x00007ffa39ccb036:   a0 49 8b ce ff 15 88 7d 06 00 85 c0 74 41 48 8d
0x00007ffa39ccb046:   54 24 30 48 8b ce ff 15 76 7d 06 00 85 c0 74 2f
0x00007ffa39ccb056:   48 8d 54 24 34 48 8d 4d a4 ff 15 ab 78 06 00 85
0x00007ffa39ccb066:   c0 74 1c 48 8d 54 24 44 48 8d 4d b4 ff 15 98 78
0x00007ffa39ccb076:   06 00 85 c0 74 09 8b 44 24 54 39 45 c4 74 11 ff
0x00007ffa39ccb086:   c7 3b 7b 0c 0f 8c 40 ff ff ff 8b 3d 0a b3 06 00
0x00007ffa39ccb096:   48 8b cb e8 02 ce f4 ff 90 8b c7 48 8b 4d 10 48
0x00007ffa39ccb0a6:   33 cc e8 53 02 01 00 4c 8d 9c 24 20 01 00 00 49
0x00007ffa39ccb0b6:   8b 5b 28 49 8b 73 30 49 8b e3 41 5e 5f 5d c3 cc
0x00007ffa39ccb0c6:   cc cc cc cc cc cc cc cc cc cc 48 8b 41 08 48 8b
0x00007ffa39ccb0d6:   80 18 0c 00 00 c3 cc cc cc cc 48 8b 41 08 48 05
0x00007ffa39ccb0e6:   00 04 00 00 c3 cc cc cc cc cc 40 53 48 83 ec 20
0x00007ffa39ccb0f6:   83 79 50 00 48 8b d9 75 56 48 8b 49 28 4c 8d 44
0x00007ffa39ccb106:   24 38 48 8d 54 24 30 c7 44 24 30 00 00 80 bf c7
0x00007ffa39ccb116:   44 24 38 00 00 80 bf e8 be e1 00 00 f3 0f 10 54
0x00007ffa39ccb126:   24 30 0f 57 c0 0f 2f d0 76 25 f3 0f 10 4c 24 38
0x00007ffa39ccb136:   0f 2f c8 76 1a f3 0f 5e 15 d9 9b 02 00 f3 0f 5e
0x00007ffa39ccb146:   0d d1 9b 02 00 f3 0f 11 53 48 f3 0f 11 4b 4c 48
0x00007ffa39ccb156:   83 c4 20 5b c3 cc cc cc cc cc 48 89 5c 24 10 48
0x00007ffa39ccb166:   89 74 24 18 48 89 7c 24 20 41 56 48 83 ec 40 48
0x00007ffa39ccb176:   8b d9 48 83 79 18 00 75 14 b9 28 04 00 00 e8 97
0x00007ffa39ccb186:   97 00 00 48 89 43 18 c7 00 28 00 00 00 48 8b 43
0x00007ffa39ccb196:   18 33 ff 66 89 78 0e 48 8b 4b 28 e8 5a 03 00 00
0x00007ffa39ccb1a6:   48 8b f0 ba 01 00 00 00 44 8b c2 48 8b c8 ff 15
0x00007ffa39ccb1b6:   76 74 06 00 4c 8b f0 89 7c 24 30 48 8b 4b 18 48
0x00007ffa39ccb1c6:   89 4c 24 28 48 89 7c 24 20 44 8d 4f 01 45 33 c0
0x00007ffa39ccb1d6:   48 8b d0 48 8b ce ff 15 2e 75 06 00 48 8b 53 30
0x00007ffa39ccb1e6:   48 8b 0b 83 79 04 08 0f 8e 01 02 00 00 f6 42 24 


Stack slot to memory mapping:

stack at sp + 0 slots: 0x0000020421d59e68 is pointing into metadata
stack at sp + 1 slots: 0x00007ff9fd23b34c jvm.dll
stack at sp + 2 slots: 0x0000020428327ba0 points into unknown readable memory: 0x0000020425665e50 | 50 5e 66 25 04 02 00 00
stack at sp + 3 slots: 0x0 is null
stack at sp + 4 slots: 0x0000020428327ba0 points into unknown readable memory: 0x0000020425665e50 | 50 5e 66 25 04 02 00 00
stack at sp + 5 slots: 0x00007ffa39ccc932 awt.dll
stack at sp + 6 slots: 0x00007ffa39d29848 awt.dll
stack at sp + 7 slots: {method} {0x0000020421869078} 'initNativeScale' '(I)V' in 'sun/awt/Win32GraphicsDevice'

native method entry point (kind = native)  [0x00000204136bcb60, 0x00000204136bd680]  2848 bytes
[MachCode]
  0x00000204136bcb60: 488b 4b08 | 0fb7 492e | 584c 8d74 | ccf8 6800 | 0000 0068 | 0000 0000 | 5055 488b | ec41 5568 
  0x00000204136bcb80: 0000 0000 | 4c8b 6b08 | 4d8d 6d38 | 5348 8b53 | 0848 8b52 | 0848 8b52 | 1848 8b52 | 7048 8b12 
  0x00000204136bcba0: 5248 8b53 | 1048 85d2 | 0f84 0700 | 0000 4881 | c210 0100 | 0052 488b | 5308 488b | 5208 488b 
  0x00000204136bcbc0: 5210 5249 | 8bc6 482b | c548 c1e8 | 0350 6800 | 0000 0068 | f7ff ffff | 41c6 8781 | 0400 0001 
  0x00000204136bcbe0: 488b 4310 | 4885 c074 | 208b 88cc | 0000 0083 | c102 8988 | cc00 0000 | 2388 e000 | 0000 0f84 
  0x00000204136bcc00: cb09 0000 | e9cf 0000 | 0048 8b43 | 1848 85c0 | 0f85 b000 | 0000 e805 | 0000 00e9 | 9900 0000 
  0x00000204136bcc20: 488b d348 | 8d44 2408 | 4c89 6dc0 | 498b cfc5 | f877 4989 | afb0 0300 | 0049 8987 | a003 0000 
  0x00000204136bcc40: 4883 ec20 | 40f6 c40f | 0f84 1900 | 0000 4883 | ec08 48b8 | 800f 3ffd | f97f 0000 | ffd0 4883 
  0x00000204136bcc60: c408 e90c | 0000 0048 | b880 0f3f | fdf9 7f00 | 00ff d048 | 83c4 2049 | c787 a003 | 0000 0000 
  0x00000204136bcc80: 0000 49c7 | 87b0 0300 | 0000 0000 | 0049 c787 | a803 0000 | 0000 0000 | c5f8 7749 | 837f 0800 
  0x00000204136bcca0: 0f84 0500 | 0000 e955 | 42ff ff4c | 8b6d c04c | 8b75 c84e | 8d74 f500 | c348 8b43 | 1848 85c0 
  0x00000204136bccc0: 0f84 1200 | 0000 8b48 | 0883 c102 | 8948 0823 | 481c 0f84 | f708 0000 | 493b a7f0 | 0400 000f 
  0x00000204136bcce0: 8748 0000 | 0089 8424 | 00f0 ffff | 8984 2400 | e0ff ff89 | 8424 00d0 | ffff 8984 | 2400 c0ff 
  0x00000204136bcd00: ff89 8424 | 00b0 ffff | 8984 2400 | a0ff ff89 | 8424 0090 | ffff 8984 | 2400 80ff | ff49 3ba7 
  0x00000204136bcd20: e804 0000 | 7607 4989 | a7f0 0400 | 0041 c687 | 8104 0000 | 0049 ba4c | 84cc fdf9 | 7f00 0041 
  0x00000204136bcd40: 803a 000f | 843e 0000 | 0048 8b55 | e849 8bcf | 4883 ec20 | 40f6 c40f | 0f84 1900 | 0000 4883 
  0x00000204136bcd60: ec08 48b8 | 5046 76fd | f97f 0000 | ffd0 4883 | c408 e90c | 0000 0048 | b850 4676 | fdf9 7f00 
  0x00000204136bcd80: 00ff d048 | 83c4 2048 | 8b5d e84c | 8b5b 0845 | 0fb7 5b2e | 41c1 e303 | 492b e348 | 83ec 2048 
  0x00000204136bcda0: 83e4 f04c | 8b5b 604d | 85db 0f85 | ab00 0000 | e805 0000 | 00e9 9900 | 0000 488b | d348 8d44 
  0x00000204136bcdc0: 2408 4c89 | 6dc0 498b | cfc5 f877 | 4989 afb0 | 0300 0049 | 8987 a003 | 0000 4883 | ec20 40f6 
  0x00000204136bcde0: c40f 0f84 | 1900 0000 | 4883 ec08 | 48b8 a036 | 3ffd f97f | 0000 ffd0 | 4883 c408 | e90c 0000 
  0x00000204136bce00: 0048 b8a0 | 363f fdf9 | 7f00 00ff | d048 83c4 | 2049 c787 | a003 0000 | 0000 0000 | 49c7 87b0 
  0x00000204136bce20: 0300 0000 | 0000 0049 | c787 a803 | 0000 0000 | 0000 c5f8 | 7749 837f | 0800 0f84 | 0500 0000 
  0x00000204136bce40: e9bb 40ff | ff4c 8b6d | c04c 8b75 | c84e 8d74 | f500 c348 | 8b5d e84c | 8b5b 6041 | ffd3 488b 
  0x00000204136bce60: 5de8 4889 | 4518 448b | 5b28 41f6 | c308 0f84 | 1b00 0000 | 4c8b 5b08 | 4d8b 5b08 | 4d8b 5b18 
  0x00000204136bce80: 4d8b 5b70 | 4d8b 1b4c | 895d 1048 | 8d55 1048 | 8b43 5849 | ba40 9c76 | fdf9 7f00 | 0049 3bc2 
  0x00000204136bcea0: 0f85 ab00 | 0000 e805 | 0000 00e9 | 9900 0000 | 488b d348 | 8d44 2408 | 4c89 6dc0 | 498b cfc5 
  0x00000204136bcec0: f877 4989 | afb0 0300 | 0049 8987 | a003 0000 | 4883 ec20 | 40f6 c40f | 0f84 1900 | 0000 4883 
  0x00000204136bcee0: ec08 48b8 | a036 3ffd | f97f 0000 | ffd0 4883 | c408 e90c | 0000 0048 | b8a0 363f | fdf9 7f00 
  0x00000204136bcf00: 00ff d048 | 83c4 2049 | c787 a003 | 0000 0000 | 0000 49c7 | 87b0 0300 | 0000 0000 | 0049 c787 
  0x00000204136bcf20: a803 0000 | 0000 0000 | c5f8 7749 | 837f 0800 | 0f84 0500 | 0000 e9c5 | 3fff ff4c | 8b6d c04c 
  0x00000204136bcf40: 8b75 c84e | 8d74 f500 | c348 8b5d | e848 8b43 | 5849 8d8f | c003 0000 | c5f8 7749 | 89af b003 
  0x00000204136bcf60: 0000 49ba | 58cf 6b13 | 0402 0000 | 4d89 97a8 | 0300 0049 | 89a7 a003 | 0000 41c7 | 8754 0400 
  0x00000204136bcf80: 0004 0000 | 00ff d0c5 | f877 4883 | ec10 c5fb | 1104 2448 | 83ec 1048 | 8904 2448 | c744 2408 
  0x00000204136bcfa0: 0000 0000 | 41c7 8754 | 0400 0005 | 0000 00f0 | 8344 24c0 | 0049 3baf | 5804 0000 | 0f87 0e00 
  0x00000204136bcfc0: 0000 4183 | bf50 0400 | 0000 0f84 | 2000 0000 | 498b cf4c | 8be4 4883 | ec20 4883 | e4f0 48b8 
  0x00000204136bcfe0: d08b 40fd | f97f 0000 | ffd0 498b | e44d 33e4 | 41c7 8754 | 0400 0008 | 0000 0049 | c787 a003 
  0x00000204136bd000: 0000 0000 | 0000 49c7 | 87b0 0300 | 0000 0000 | 0049 c787 | a803 0000 | 0000 0000 | c5f8 774d 
  0x00000204136bd020: 8b9f 3004 | 0000 41c7 | 8300 0100 | 0000 0000 | 0049 bbda | a46b 1304 | 0200 004c | 3b5d 180f 
  0x00000204136bd040: 8524 0200 | 0048 8b04 | 2448 83c4 | 1048 85c0 | 0f84 fe01 | 0000 a803 | 0f85 0800 | 0000 488b 
  0x00000204136bd060: 00e9 ee01 | 0000 a801 | 0f85 0900 | 0000 488b | 40fe e9dd | 0100 0048 | 8b40 ff41 | 807f 3800 
  0x00000204136bd080: 0f84 ce01 | 0000 4883 | f800 0f84 | c401 0000 | 4d8b 5f28 | 4983 fb00 | 0f84 1400 | 0000 4983 
  0x00000204136bd0a0: eb08 4d89 | 5f28 4d03 | 5f30 4989 | 03e9 a201 | 0000 4881 | ecd0 0000 | 0048 8904 | 2448 894c 
  0x00000204136bd0c0: 2408 4889 | 5424 1048 | 8974 2418 | 4889 7c24 | 204c 8944 | 2428 4c89 | 4c24 304c | 8954 2438 
  0x00000204136bd0e0: 4c89 5c24 | 40c5 fb11 | 4424 50c5 | fb11 4c24 | 58c5 fb11 | 5424 60c5 | fb11 5c24 | 68c5 fb11 
  0x00000204136bd100: 6424 70c5 | fb11 6c24 | 78c5 fb11 | b424 8000 | 0000 c5fb | 11bc 2488 | 0000 00c5 | 7b11 8424 
  0x00000204136bd120: 9000 0000 | c57b 118c | 2498 0000 | 00c5 7b11 | 9424 a000 | 0000 c57b | 119c 24a8 | 0000 00c5 
  0x00000204136bd140: 7b11 a424 | b000 0000 | c57b 11ac | 24b8 0000 | 00c5 7b11 | b424 c000 | 0000 c57b | 11bc 24c8 
  0x00000204136bd160: 0000 0049 | 8bd7 488b | c848 83ec | 2040 f6c4 | 0f0f 8419 | 0000 0048 | 83ec 0848 | b800 b633 
  0x00000204136bd180: fdf9 7f00 | 00ff d048 | 83c4 08e9 | 0c00 0000 | 48b8 00b6 | 33fd f97f | 0000 ffd0 | 4883 c420 
  0x00000204136bd1a0: c57b 10bc | 24c8 0000 | 00c5 7b10 | b424 c000 | 0000 c57b | 10ac 24b8 | 0000 00c5 | 7b10 a424 
  0x00000204136bd1c0: b000 0000 | c57b 109c | 24a8 0000 | 00c5 7b10 | 9424 a000 | 0000 c57b | 108c 2498 | 0000 00c5 
  0x00000204136bd1e0: 7b10 8424 | 9000 0000 | c5fb 10bc | 2488 0000 | 00c5 fb10 | b424 8000 | 0000 c5fb | 106c 2478 
  0x00000204136bd200: c5fb 1064 | 2470 c5fb | 105c 2468 | c5fb 1054 | 2460 c5fb | 104c 2458 | c5fb 1044 | 2450 4c8b 
  0x00000204136bd220: 5c24 404c | 8b54 2438 | 4c8b 4c24 | 304c 8b44 | 2428 488b | 7c24 2048 | 8b74 2418 | 488b 5424 
  0x00000204136bd240: 1048 8b4c | 2408 488b | 0424 4881 | c4d0 0000 | 00c5 f877 | 4889 4510 | 4883 ec10 | 4889 0424 
  0x00000204136bd260: 48c7 4424 | 0800 0000 | 0041 83bf | d004 0000 | 020f 85bf | 0000 0048 | 81ec 8000 | 0000 4889 
  0x00000204136bd280: 4424 7848 | 894c 2470 | 4889 5424 | 6848 895c | 2460 4889 | 6c24 5048 | 8974 2448 | 4889 7c24 
  0x00000204136bd2a0: 404c 8944 | 2438 4c89 | 4c24 304c | 8954 2428 | 4c89 5c24 | 204c 8964 | 2418 4c89 | 6c24 104c 
  0x00000204136bd2c0: 8974 2408 | 4c89 3c24 | 4c8b e448 | 83ec 2048 | 83e4 f048 | b890 7e76 | fdf9 7f00 | 00ff d049 
  0x00000204136bd2e0: 8be4 4c8b | 3c24 4c8b | 7424 084c | 8b6c 2410 | 4c8b 6424 | 184c 8b5c | 2420 4c8b | 5424 284c 
  0x00000204136bd300: 8b4c 2430 | 4c8b 4424 | 3848 8b7c | 2440 488b | 7424 4848 | 8b6c 2450 | 488b 5c24 | 6048 8b54 
  0x00000204136bd320: 2468 488b | 4c24 7048 | 8b44 2478 | 4881 c480 | 0000 004d | 33e4 488b | 5de8 4c8b | 6b08 4d8d 
  0x00000204136bd340: 6d38 4983 | 7f08 000f | 84bb 0000 | 00e8 0500 | 0000 e996 | 0000 0048 | 8d44 2408 | 4c89 6dc0 
  0x00000204136bd360: 498b cfc5 | f877 4989 | afb0 0300 | 0049 8987 | a003 0000 | 4883 ec20 | 40f6 c40f | 0f84 1900 
  0x00000204136bd380: 0000 4883 | ec08 48b8 | f054 3ffd | f97f 0000 | ffd0 4883 | c408 e90c | 0000 0048 | b8f0 543f 
  0x00000204136bd3a0: fdf9 7f00 | 00ff d048 | 83c4 2049 | c787 a003 | 0000 0000 | 0000 49c7 | 87b0 0300 | 0000 0000 
  0x00000204136bd3c0: 0049 c787 | a803 0000 | 0000 0000 | c5f8 7749 | 837f 0800 | 0f84 0500 | 0000 e921 | 3bff ff4c 
  0x00000204136bd3e0: 8b6d c04c | 8b75 c84e | 8d74 f500 | c348 b978 | b1a2 fdf9 | 7f00 0048 | 83e4 f048 | b8a0 fe64 
  0x00000204136bd400: fdf9 7f00 | 00ff d0f4 | 448b 5b28 | 41f6 c320 | 0f84 4401 | 0000 488d | 55a8 4c8b | 5a08 4d85 
  0x00000204136bd420: db0f 85bb | 0000 00e8 | 0500 0000 | e996 0000 | 0048 8d44 | 2408 4c89 | 6dc0 498b | cfc5 f877 
  0x00000204136bd440: 4989 afb0 | 0300 0049 | 8987 a003 | 0000 4883 | ec20 40f6 | c40f 0f84 | 1900 0000 | 4883 ec08 
  0x00000204136bd460: 48b8 2054 | 3ffd f97f | 0000 ffd0 | 4883 c408 | e90c 0000 | 0048 b820 | 543f fdf9 | 7f00 00ff 
  0x00000204136bd480: d048 83c4 | 2049 c787 | a003 0000 | 0000 0000 | 49c7 87b0 | 0300 0000 | 0000 0049 | c787 a803 
  0x00000204136bd4a0: 0000 0000 | 0000 c5f8 | 7749 837f | 0800 0f84 | 0500 0000 | e947 3aff | ff4c 8b6d | c04c 8b75 
  0x00000204136bd4c0: c84e 8d74 | f500 c348 | b978 b1a2 | fdf9 7f00 | 0048 83e4 | f048 b8a0 | fe64 fdf9 | 7f00 00ff 
  0x00000204136bd4e0: d0f4 4c89 | 6dc0 488d | 024c 8b4a | 0848 c742 | 0800 0000 | 004c 8b00 | 4d85 c00f | 840b 0000 
  0x00000204136bd500: 00f0 4d0f | b101 0f85 | 0c00 0000 | 49ff 8f58 | 0500 00e9 | 3e00 0000 | 4c89 4a08 | 488b ca48 
  0x00000204136bd520: 83ec 2040 | f6c4 0f0f | 8419 0000 | 0048 83ec | 0848 b8a0 | 263f fdf9 | 7f00 00ff | d048 83c4 
  0x00000204136bd540: 08e9 0c00 | 0000 48b8 | a026 3ffd | f97f 0000 | ffd0 4883 | c420 4c8b | 6dc0 49ba | 4c84 ccfd 
  0x00000204136bd560: f97f 0000 | 4180 3a00 | 0f84 3e00 | 0000 488b | 55e8 498b | cf48 83ec | 2040 f6c4 | 0f0f 8419 
  0x00000204136bd580: 0000 0048 | 83ec 0848 | b850 4676 | fdf9 7f00 | 00ff d048 | 83c4 08e9 | 0c00 0000 | 48b8 5046 
  0x00000204136bd5a0: 76fd f97f | 0000 ffd0 | 4883 c420 | 488b 0424 | 4883 c410 | c5fb 1004 | 2448 83c4 | 104c 8b5d 
  0x00000204136bd5c0: 1841 ffd3 | 4c8b 5df8 | c95f 498b | e3ff e7ba | 0000 0000 | e805 0000 | 00e9 9600 | 0000 488d 
  0x00000204136bd5e0: 4424 084c | 896d c049 | 8bcf c5f8 | 7749 89af | b003 0000 | 4989 87a0 | 0300 0048 | 83ec 2040 
  0x00000204136bd600: f6c4 0f0f | 8419 0000 | 0048 83ec | 0848 b860 | 1a3f fdf9 | 7f00 00ff | d048 83c4 | 08e9 0c00 
  0x00000204136bd620: 0000 48b8 | 601a 3ffd | f97f 0000 | ffd0 4883 | c420 49c7 | 87a0 0300 | 0000 0000 | 0049 c787 
  0x00000204136bd640: b003 0000 | 0000 0000 | 49c7 87a8 | 0300 0000 | 0000 00c5 | f877 4983 | 7f08 000f | 8405 0000 
  0x00000204136bd660: 00e9 9a38 | ffff 4c8b | 6dc0 4c8b | 75c8 4e8d | 74f5 00c3 | 488b 5de8 | e95b f6ff | ff66 6690 
[/MachCode]

Compiled method (c1) 13870453 1098       3       java.security.ProtectionDomain$JavaSecurityAccessImpl::doIntersectionPrivilege (22 bytes)
 total in heap  [0x000002040c321890,0x000002040c3222a0] = 2576
 relocation     [0x000002040c3219e8,0x000002040c321ab8] = 208
 main code      [0x000002040c321ac0,0x000002040c321fd0] = 1296
 stub code      [0x000002040c321fd0,0x000002040c322060] = 144
 metadata       [0x000002040c322060,0x000002040c322080] = 32
 scopes data    [0x000002040c322080,0x000002040c322178] = 248
 scopes pcs     [0x000002040c322178,0x000002040c322288] = 272
 dependencies   [0x000002040c322288,0x000002040c322290] = 8
 nul chk table  [0x000002040c322290,0x000002040c3222a0] = 16

[Constant Pool (empty)]

[MachCode]
[Entry Point]
  # {method} {0x0000020421346c30} 'doIntersectionPrivilege' '(Ljava/security/PrivilegedAction;Ljava/security/AccessControlContext;Ljava/security/AccessControlContext;)Ljava/lang/Object;' in 'java/security/ProtectionDomain$JavaSecurityAccessImpl'
  # this:     rdx:rdx   = 'java/security/ProtectionDomain$JavaSecurityAccessImpl'
  # parm0:    r8:r8     = 'java/security/PrivilegedAction'
  # parm1:    r9:r9     = 'java/security/AccessControlContext'
  # parm2:    rdi:rdi   = 'java/security/AccessControlContext'
  #           [sp+0xb0]  (sp of caller)
  0x000002040c321ac0: 448b 5208 

  0x000002040c321ac4: ;   {runtime_call ic_miss_stub}
  0x000002040c321ac4: 4c3b d00f | 85b3 cc3d | 0766 6666 | 0f1f 8400 | 0000 0000 | 6666 6690 | 0f1f 4000 
[Verified Entry Point]
  0x000002040c321ae0: 8984 2400 | 80ff ff55 | 4881 eca0 | 0000 0090 | 4181 7f20 | 0100 0000 

  0x000002040c321af8: ;   {runtime_call StubRoutines (final stubs)}
  0x000002040c321af8: 7405 e801 

  0x000002040c321afc: ;   {metadata(method data for {method} {0x0000020421346c30} 'doIntersectionPrivilege' '(Ljava/security/PrivilegedAction;Ljava/security/AccessControlContext;Ljava/security/AccessControlContext;)Ljava/lang/Object;' in 'java/security/ProtectionDomain$JavaSecurityAccessImpl')}
  0x000002040c321afc: 323c 0748 | be80 5ad5 | 2104 0200 | 008b 9ecc | 0000 0083 | c302 899e | cc00 0000 | 81e3 fe07 
  0x000002040c321b1c: 0000 85db | 0f84 9303 | 0000 4d85 

  0x000002040c321b28: ;   {metadata(method data for {method} {0x0000020421346c30} 'doIntersectionPrivilege' '(Ljava/security/PrivilegedAction;Ljava/security/AccessControlContext;Ljava/security/AccessControlContext;)Ljava/lang/Object;' in 'java/security/ProtectionDomain$JavaSecurityAccessImpl')}
  0x000002040c321b28: c048 ba80 | 5ad5 2104 | 0200 0048 | c7c6 2801 | 0000 7407 | 48c7 c618 | 0100 0048 | 8b1c 3248 
  0x000002040c321b48: 8d5b 0148 | 891c 320f | 84d7 0200 | 004c 8944 

  0x000002040c321b58: ;   {metadata(method data for {method} {0x0000020421346c30} 'doIntersectionPrivilege' '(Ljava/security/PrivilegedAction;Ljava/security/AccessControlContext;Ljava/security/AccessControlContext;)Ljava/lang/Object;' in 'java/security/ProtectionDomain$JavaSecurityAccessImpl')}
  0x000002040c321b58: 2460 48ba | 805a d521 | 0402 0000 | 4883 8248 | 0100 0001 | 488b d74d | 8bc1 0f1f 

  0x000002040c321b74: ;   {static_call}
  0x000002040c321b74: 4400 00e8 

  0x000002040c321b78: ; ImmutableOopMap {[96]=Oop }
                      ;*invokestatic getCombinedACC {reexecute=0 rethrow=0 return_oop=0}
                      ; - java.security.ProtectionDomain$JavaSecurityAccessImpl::doIntersectionPrivilege@15 (line 89)
  0x000002040c321b78: 6409 0000 

  0x000002040c321b7c: ;   {other}
  0x000002040c321b7c: 0f1f 8400 | ec02 0000 

  0x000002040c321b84: ;   {metadata(method data for {method} {0x0000020421346c30} 'doIntersectionPrivilege' '(Ljava/security/PrivilegedAction;Ljava/security/AccessControlContext;Ljava/security/AccessControlContext;)Ljava/lang/Object;' in 'java/security/ProtectionDomain$JavaSecurityAccessImpl')}
  0x000002040c321b84: 48be 805a | d521 0402 | 0000 4883 | 8658 0100 

  0x000002040c321b94: ;   {metadata(method data for {method} {0x000002042103f2d8} 'doPrivileged' '(Ljava/security/PrivilegedAction;Ljava/security/AccessControlContext;)Ljava/lang/Object;' in 'java/security/AccessController')}
  0x000002040c321b94: 0001 48be | 9855 d521 | 0402 0000 | 8bbe cc00 | 0000 83c7 | 0289 becc | 0000 0081 | e7fe ff1f 
  0x000002040c321bb4: 0085 ff0f | 841d 0300 

  0x000002040c321bbc: ;   {metadata(method data for {method} {0x000002042103f2d8} 'doPrivileged' '(Ljava/security/PrivilegedAction;Ljava/security/AccessControlContext;)Ljava/lang/Object;' in 'java/security/AccessController')}
  0x000002040c321bbc: 0048 be98 | 55d5 2104 | 0200 0048 | 8386 1801 | 0000 0148 | 8944 2468 

  0x000002040c321bd4: ;   {static_call}
  0x000002040c321bd4: 6666 90e8 

  0x000002040c321bd8: ; ImmutableOopMap {[96]=Oop [104]=Oop }
                      ;*invokestatic getCallerClass {reexecute=0 rethrow=0 return_oop=0}
                      ; - java.security.AccessController::doPrivileged@0 (line 398)
                      ; - java.security.ProtectionDomain$JavaSecurityAccessImpl::doIntersectionPrivilege@18 (line 87)
  0x000002040c321bd8: dc52 9507 

  0x000002040c321bdc: ;   {other}
  0x000002040c321bdc: 0f1f 8400 | 4c03 0001 | 4889 4424 

  0x000002040c321be8: ;   {metadata(method data for {method} {0x000002042103f2d8} 'doPrivileged' '(Ljava/security/PrivilegedAction;Ljava/security/AccessControlContext;)Ljava/lang/Object;' in 'java/security/AccessController')}
  0x000002040c321be8: 7048 ba98 | 55d5 2104 | 0200 0048 | 8382 2801 | 0000 0148 | 8b54 2468 | 4c8b c00f 

  0x000002040c321c04: ;   {static_call}
  0x000002040c321c04: 1f40 00e8 

  0x000002040c321c08: ; ImmutableOopMap {[96]=Oop [112]=Oop }
                      ;*invokestatic checkContext {reexecute=0 rethrow=0 return_oop=0}
                      ; - java.security.AccessController::doPrivileged@6 (line 399)
                      ; - java.security.ProtectionDomain$JavaSecurityAccessImpl::doIntersectionPrivilege@18 (line 87)
  0x000002040c321c08: 34e9 ffff 

  0x000002040c321c0c: ;   {other}
  0x000002040c321c0c: 0f1f 8400 | 7c03 0002 | 4889 4424 

  0x000002040c321c18: ;   {metadata(method data for {method} {0x000002042103f2d8} 'doPrivileged' '(Ljava/security/PrivilegedAction;Ljava/security/AccessControlContext;)Ljava/lang/Object;' in 'java/security/AccessController')}
  0x000002040c321c18: 7848 ba98 | 55d5 2104 | 0200 0048 | 8382 3801 

  0x000002040c321c28: ;   {metadata(method data for {method} {0x0000020421040020} 'executePrivileged' '(Ljava/security/PrivilegedAction;Ljava/security/AccessControlContext;Ljava/lang/Class;)Ljava/lang/Object;' in 'java/security/AccessController')}
  0x000002040c321c28: 0000 0148 | bab8 d46c | 2104 0200 | 008b b2cc | 0000 0083 | c602 89b2 | cc00 0000 | 81e6 feff 
  0x000002040c321c48: 1f00 85f6 | 0f84 a902 | 0000 4885 

  0x000002040c321c54: ;   {metadata(method data for {method} {0x0000020421040020} 'executePrivileged' '(Ljava/security/PrivilegedAction;Ljava/security/AccessControlContext;Ljava/lang/Class;)Ljava/lang/Object;' in 'java/security/AccessController')}
  0x000002040c321c54: c048 bab8 | d46c 2104 | 0200 0048 | c7c6 1801 | 0000 7407 | 48c7 c628 | 0100 0048 | 8b3c 3248 
  0x000002040c321c74: 8d7f 0148 | 893c 320f | 8423 0000 

  0x000002040c321c80: ;   {metadata(method data for {method} {0x0000020421040020} 'executePrivileged' '(Ljava/security/PrivilegedAction;Ljava/security/AccessControlContext;Ljava/lang/Class;)Ljava/lang/Object;' in 'java/security/AccessController')}
  0x000002040c321c80: 0048 bab8 | d46c 2104 | 0200 0048 | 8382 3801 | 0000 0148 

  0x000002040c321c94: ;   {static_call}
  0x000002040c321c94: 8bd0 90e8 

  0x000002040c321c98: ; ImmutableOopMap {[96]=Oop [112]=Oop [120]=Oop }
                      ;*invokestatic ensureMaterializedForStackWalk {reexecute=0 rethrow=0 return_oop=0}
                      ; - java.security.AccessController::executePrivileged@5 (line 774)
                      ; - java.security.AccessController::doPrivileged@13 (line 400)
                      ; - java.security.ProtectionDomain$JavaSecurityAccessImpl::doIntersectionPrivilege@18 (line 87)
  0x000002040c321c98: 9cac 9507 

  0x000002040c321c9c: ;   {other}
  0x000002040c321c9c: 0f1f 8400 | 0c04 0003 

  0x000002040c321ca4: ;   {metadata(method data for {method} {0x0000020421040020} 'executePrivileged' '(Ljava/security/PrivilegedAction;Ljava/security/AccessControlContext;Ljava/lang/Class;)Ljava/lang/Object;' in 'java/security/AccessController')}
  0x000002040c321ca4: 48ba b8d4 | 6c21 0402 | 0000 ff82 | 4801 0000 | 4c8b 4424 | 6049 3b00 

  0x000002040c321cbc: ;   {metadata(method data for {method} {0x0000020421040020} 'executePrivileged' '(Ljava/security/PrivilegedAction;Ljava/security/AccessControlContext;Ljava/lang/Class;)Ljava/lang/Object;' in 'java/security/AccessController')}
  0x000002040c321cbc: 498b d048 | beb8 d46c | 2104 0200 | 008b 5208 | 483b 96b0 | 0100 0075 | 0d48 8386 | b801 0000 
  0x000002040c321cdc: 01e9 6000 | 0000 483b | 96c0 0100 | 0075 0d48 | 8386 c801 | 0000 01e9 | 4a00 0000 | 4883 beb0 
  0x000002040c321cfc: 0100 0000 | 7517 4889 | 96b0 0100 | 0048 c786 | b801 0000 | 0100 0000 | e929 0000 | 0048 83be 
  0x000002040c321d1c: c001 0000 | 0075 1748 | 8996 c001 | 0000 48c7 | 86c8 0100 | 0001 0000 | 00e9 0800 | 0000 4883 
  0x000002040c321d3c: 86a8 0100 | 0001 498b | d048 b890 | 7875 2504 

  0x000002040c321d4c: ;   {virtual_call}
  0x000002040c321d4c: 0200 00e8 

  0x000002040c321d50: ; ImmutableOopMap {[112]=Oop [120]=Oop }
                      ;*invokeinterface run {reexecute=0 rethrow=0 return_oop=0}
                      ; - java.security.AccessController::executePrivileged@29 (line 778)
                      ; - java.security.AccessController::doPrivileged@13 (line 400)
                      ; - java.security.ProtectionDomain$JavaSecurityAccessImpl::doIntersectionPrivilege@18 (line 87)
  0x000002040c321d50: 5ceb 4a07 

  0x000002040c321d54: ;   {other}
  0x000002040c321d54: 0f1f 8400 | c404 0004 

  0x000002040c321d5c: ;   {metadata(method data for {method} {0x0000020421040020} 'executePrivileged' '(Ljava/security/PrivilegedAction;Ljava/security/AccessControlContext;Ljava/lang/Class;)Ljava/lang/Object;' in 'java/security/AccessController')}
  0x000002040c321d5c: 48ba b8d4 | 6c21 0402 | 0000 ff82 | d801 0000 

  0x000002040c321d6c: ;   {metadata(method data for {method} {0x0000020421040020} 'executePrivileged' '(Ljava/security/PrivilegedAction;Ljava/security/AccessControlContext;Ljava/lang/Class;)Ljava/lang/Object;' in 'java/security/AccessController')}
  0x000002040c321d6c: 48ba b8d4 | 6c21 0402 | 0000 4883 | 8238 0200 | 0001 488b | d048 8984 | 2480 0000 | 0066 0f1f 
  0x000002040c321d8c: ;   {static_call}
  0x000002040c321d8c: 4400 00e8 

  0x000002040c321d90: ; ImmutableOopMap {[112]=Oop [120]=Oop [128]=Oop }
                      ;*invokestatic ensureMaterializedForStackWalk {reexecute=0 rethrow=0 return_oop=0}
                      ; - java.security.AccessController::executePrivileged@56 (line 786)
                      ; - java.security.AccessController::doPrivileged@13 (line 400)
                      ; - java.security.ProtectionDomain$JavaSecurityAccessImpl::doIntersectionPrivilege@18 (line 87)
  0x000002040c321d90: a4ab 9507 

  0x000002040c321d94: ;   {other}
  0x000002040c321d94: 0f1f 8400 | 0405 0005 

  0x000002040c321d9c: ;   {metadata(method data for {method} {0x0000020421040020} 'executePrivileged' '(Ljava/security/PrivilegedAction;Ljava/security/AccessControlContext;Ljava/lang/Class;)Ljava/lang/Object;' in 'java/security/AccessController')}
  0x000002040c321d9c: 48b8 b8d4 | 6c21 0402 | 0000 4883 | 8048 0200 

  0x000002040c321dac: ;   {metadata(method data for {method} {0x0000020421046108} 'reachabilityFence' '(Ljava/lang/Object;)V' in 'java/lang/ref/Reference')}
  0x000002040c321dac: 0001 48b8 | f8f4 4221 | 0402 0000 | 8b90 cc00 | 0000 83c2 | 0289 90cc | 0000 0081 | e2fe ff1f 
  0x000002040c321dcc: 0085 d20f | 844c 0100 

  0x000002040c321dd4: ;   {metadata(method data for {method} {0x0000020421040020} 'executePrivileged' '(Ljava/security/PrivilegedAction;Ljava/security/AccessControlContext;Ljava/lang/Class;)Ljava/lang/Object;' in 'java/security/AccessController')}
  0x000002040c321dd4: 0048 b8b8 | d46c 2104 | 0200 0048 | 8380 5802 

  0x000002040c321de4: ;   {metadata(method data for {method} {0x0000020421046108} 'reachabilityFence' '(Ljava/lang/Object;)V' in 'java/lang/ref/Reference')}
  0x000002040c321de4: 0000 0148 | b8f8 f442 | 2104 0200 | 008b 90cc | 0000 0083 | c202 8990 | cc00 0000 | 81e2 feff 
  0x000002040c321e04: 1f00 85d2 | 0f84 3401 | 0000 488b | 8424 8000 | 0000 4881 | c4a0 0000 

  0x000002040c321e1c: ;   {poll_return}
  0x000002040c321e1c: 005d 493b | a758 0400 | 000f 8738 | 0100 00c3 | 0f1f 4000 

  0x000002040c321e30: ;   {no_reloc}
  0x000002040c321e30: e953 0100 | 0000 0000 | 0000 498b | 87b8 0100 | 0048 8d78 | 3049 3bbf | c801 0000 | 0f87 4001 
  0x000002040c321e50: 0000 4989 | bfb8 0100 | 0048 c700 | 0100 0000 | 488b ca89 | 4808 4833 | c989 480c | 4833 c948 
  0x000002040c321e70: 8948 1048 | 8948 1848 | 8948 2048 | 8948 2848 

  0x000002040c321e80: ;   {metadata(method data for {method} {0x0000020421346c30} 'doIntersectionPrivilege' '(Ljava/security/PrivilegedAction;Ljava/security/AccessControlContext;Ljava/security/AccessControlContext;)Ljava/lang/Object;' in 'java/security/ProtectionDomain$JavaSecurityAccessImpl')}
  0x000002040c321e80: 8bd0 48be | 805a d521 | 0402 0000 | 4883 8638 | 0100 0001 | 488b d048 | 8984 2488 

  0x000002040c321e9c: ;   {optimized virtual_call}
  0x000002040c321e9c: 0000 00e8 

  0x000002040c321ea0: ; ImmutableOopMap {[136]=Oop }
                      ;*invokespecial <init> {reexecute=0 rethrow=0 return_oop=0}
                      ; - java.security.ProtectionDomain$JavaSecurityAccessImpl::doIntersectionPrivilege@8 (line 84)
  0x000002040c321ea0: dccb 3d07 

  0x000002040c321ea4: ;   {other}
  0x000002040c321ea4: 0f1f 8400 | 1406 0006 | 488b 8424 | 8800 0000 | e903 0100 

  0x000002040c321eb8: ;   {metadata({method} {0x0000020421346c30} 'doIntersectionPrivilege' '(Ljava/security/PrivilegedAction;Ljava/security/AccessControlContext;Ljava/security/AccessControlContext;)Ljava/lang/Object;' in 'java/security/ProtectionDomain$JavaSecurityAccessImpl')}
  0x000002040c321eb8: 0049 ba28 | 6c34 2104 | 0200 004c | 8954 2408 | 48c7 0424 | ffff ffff 

  0x000002040c321ed0: ;   {runtime_call counter_overflow Runtime1 stub}
  0x000002040c321ed0: e82b 364a 

  0x000002040c321ed4: ; ImmutableOopMap {rdx=Oop r8=Oop r9=Oop rdi=Oop }
                      ;*synchronization entry
                      ; - java.security.ProtectionDomain$JavaSecurityAccessImpl::doIntersectionPrivilege@-1 (line 83)
  0x000002040c321ed4: 07e9 4cfc 

  0x000002040c321ed8: ;   {metadata({method} {0x000002042103f2d8} 'doPrivileged' '(Ljava/security/PrivilegedAction;Ljava/security/AccessControlContext;)Ljava/lang/Object;' in 'java/security/AccessController')}
  0x000002040c321ed8: ffff 49ba | d0f2 0321 | 0402 0000 | 4c89 5424 | 0848 c704 | 24ff ffff 

  0x000002040c321ef0: ;   {runtime_call counter_overflow Runtime1 stub}
  0x000002040c321ef0: ffe8 0a36 

  0x000002040c321ef4: ; ImmutableOopMap {rax=Oop [96]=Oop }
                      ;*synchronization entry
                      ; - java.security.AccessController::doPrivileged@-1 (line 398)
                      ; - java.security.ProtectionDomain$JavaSecurityAccessImpl::doIntersectionPrivilege@18 (line 87)
  0x000002040c321ef4: 4a07 e9c2 

  0x000002040c321ef8: ;   {metadata({method} {0x0000020421040020} 'executePrivileged' '(Ljava/security/PrivilegedAction;Ljava/security/AccessControlContext;Ljava/lang/Class;)Ljava/lang/Object;' in 'java/security/AccessController')}
  0x000002040c321ef8: fcff ff49 | ba18 0004 | 2104 0200 | 004c 8954 | 2408 48c7 | 0424 ffff 

  0x000002040c321f10: ;   {runtime_call counter_overflow Runtime1 stub}
  0x000002040c321f10: ffff e8e9 

  0x000002040c321f14: ; ImmutableOopMap {rax=Oop [96]=Oop [112]=Oop [120]=Oop }
                      ;*synchronization entry
                      ; - java.security.AccessController::executePrivileged@-1 (line 773)
                      ; - java.security.AccessController::doPrivileged@13 (line 400)
                      ; - java.security.ProtectionDomain$JavaSecurityAccessImpl::doIntersectionPrivilege@18 (line 87)
  0x000002040c321f14: 354a 07e9 | 36fd ffff 

  0x000002040c321f1c: ;   {runtime_call throw_null_pointer_exception Runtime1 stub}
  0x000002040c321f1c: e8df e449 

  0x000002040c321f20: ; ImmutableOopMap {r8=Oop [112]=Oop [120]=Oop }
                      ;*invokeinterface run {reexecute=0 rethrow=0 return_oop=0}
                      ; - java.security.AccessController::executePrivileged@29 (line 778)
                      ; - java.security.AccessController::doPrivileged@13 (line 400)
                      ; - java.security.ProtectionDomain$JavaSecurityAccessImpl::doIntersectionPrivilege@18 (line 87)
                      ;   {metadata({method} {0x0000020421046108} 'reachabilityFence' '(Ljava/lang/Object;)V' in 'java/lang/ref/Reference')}
  0x000002040c321f20: 0749 ba00 | 6104 2104 | 0200 004c | 8954 2408 | 48c7 0424 | ffff ffff 

  0x000002040c321f38: ;   {runtime_call counter_overflow Runtime1 stub}
  0x000002040c321f38: e8c3 354a 

  0x000002040c321f3c: ; ImmutableOopMap {[112]=Oop [128]=Oop }
                      ;*synchronization entry
                      ; - java.lang.ref.Reference::reachabilityFence@-1 (line 628)
                      ; - java.security.AccessController::executePrivileged@60 (line 790)
                      ; - java.security.AccessController::doPrivileged@13 (line 400)
                      ; - java.security.ProtectionDomain$JavaSecurityAccessImpl::doIntersectionPrivilege@18 (line 87)
  0x000002040c321f3c: 07e9 93fe 

  0x000002040c321f40: ;   {metadata({method} {0x0000020421046108} 'reachabilityFence' '(Ljava/lang/Object;)V' in 'java/lang/ref/Reference')}
  0x000002040c321f40: ffff 49ba | 0061 0421 | 0402 0000 | 4c89 5424 | 0848 c704 | 24ff ffff 

  0x000002040c321f58: ;   {runtime_call counter_overflow Runtime1 stub}
  0x000002040c321f58: ffe8 a235 

  0x000002040c321f5c: ; ImmutableOopMap {[128]=Oop }
                      ;*synchronization entry
                      ; - java.lang.ref.Reference::reachabilityFence@-1 (line 628)
                      ; - java.security.AccessController::executePrivileged@64 (line 791)
                      ; - java.security.AccessController::doPrivileged@13 (line 400)
                      ; - java.security.ProtectionDomain$JavaSecurityAccessImpl::doIntersectionPrivilege@18 (line 87)
  0x000002040c321f5c: 4a07 e9ab 

  0x000002040c321f60: ;   {internal_word}
  0x000002040c321f60: feff ff49 | ba1e 1e32 | 0c04 0200 | 004d 8997 | 7004 0000 

  0x000002040c321f74: ;   {runtime_call SafepointBlob}
  0x000002040c321f74: e987 373e 

  0x000002040c321f78: ;   {metadata(nullptr)}
  0x000002040c321f78: 0748 ba00 | 0000 0000 | 0000 00b8 | 000f 050a 

  0x000002040c321f88: ;   {runtime_call load_klass_patching Runtime1 stub}
  0x000002040c321f88: e8f3 244a 

  0x000002040c321f8c: ; ImmutableOopMap {}
                      ;*new {reexecute=1 rethrow=0 return_oop=0}
                      ; - (reexecute) java.security.ProtectionDomain$JavaSecurityAccessImpl::doIntersectionPrivilege@4 (line 84)
  0x000002040c321f8c: 07e9 9efe | ffff 488b 

  0x000002040c321f94: ;   {runtime_call fast_new_instance Runtime1 stub}
  0x000002040c321f94: d2e8 66ed 

  0x000002040c321f98: ; ImmutableOopMap {}
                      ;*new {reexecute=0 rethrow=0 return_oop=0}
                      ; - java.security.ProtectionDomain$JavaSecurityAccessImpl::doIntersectionPrivilege@4 (line 84)
  0x000002040c321f98: 4907 e9e0 | feff ff49 | 8b87 0805 | 0000 49c7 | 8708 0500 | 0000 0000 | 0049 c787 | 1005 0000 
  0x000002040c321fb8: 0000 0000 | 4881 c4a0 | 0000 005d 

  0x000002040c321fc4: ;   {runtime_call unwind_exception Runtime1 stub}
  0x000002040c321fc4: e937 d549 | 07f4 f4f4 | f4f4 f4f4 
[Stub Code]
  0x000002040c321fd0: ;   {no_reloc}
  0x000002040c321fd0: 0f1f 4400 

  0x000002040c321fd4: ;   {static_stub}
  0x000002040c321fd4: 0048 bb00 | 0000 0000 

  0x000002040c321fdc: ;   {runtime_call}
  0x000002040c321fdc: 0000 00e9 | fbff ffff 

  0x000002040c321fe4: ;   {static_stub}
  0x000002040c321fe4: 48bb 0000 | 0000 0000 

  0x000002040c321fec: ;   {runtime_call}
  0x000002040c321fec: 0000 e9fb 

  0x000002040c321ff0: ;   {static_stub}
  0x000002040c321ff0: ffff ff48 | bb00 0000 | 0000 0000 

  0x000002040c321ffc: ;   {runtime_call}
  0x000002040c321ffc: 00e9 fbff 

  0x000002040c322000: ;   {static_stub}
  0x000002040c322000: ffff 48bb | 0000 0000 | 0000 0000 

  0x000002040c32200c: ;   {runtime_call}
  0x000002040c32200c: e9fb ffff 

  0x000002040c322010: ;   {static_stub}
  0x000002040c322010: ff48 bb00 | 0000 0000 

  0x000002040c322018: ;   {runtime_call}
  0x000002040c322018: 0000 00e9 | fbff ffff 

  0x000002040c322020: ;   {static_stub}
  0x000002040c322020: 48bb 0000 | 0000 0000 

  0x000002040c322028: ;   {runtime_call}
  0x000002040c322028: 0000 e9fb 

  0x000002040c32202c: ;   {runtime_call handle_exception_from_callee Runtime1 stub}
  0x000002040c32202c: ffff ffe8 | cc01 4a07 

  0x000002040c322034: ;   {external_word}
  0x000002040c322034: 48b9 78b1 | a2fd f97f | 0000 4883 

  0x000002040c322040: ;   {runtime_call}
  0x000002040c322040: e4f0 48b8 | a0fe 64fd | f97f 0000 

  0x000002040c32204c: ;   {section_word}
  0x000002040c32204c: ffd0 f449 | ba4f 2032 | 0c04 0200 

  0x000002040c322058: ;   {runtime_call DeoptimizationBlob}
  0x000002040c322058: 0041 52e9 | 4029 3e07 
[/MachCode]


---------------  P R O C E S S  ---------------

Threads class SMR info:
_java_thread_list=0x000002042575a200, length=15, elements={
0x0000020425069b60, 0x000002042506c270, 0x000002042506f3a0, 0x000002042509f410,
0x00000204250a0610, 0x00000204250784f0, 0x0000020425095ef0, 0x0000020425084370,
0x000002042523a920, 0x000002042524a7f0, 0x00000204253fca40, 0x00000204253fd0b0,
0x00000204253fe730, 0x00000204255da770, 0x0000020406c6ef60
}

Java Threads: ( => current thread )
  0x0000020425069b60 JavaThread "Reference Handler"          daemon [_thread_blocked, id=11584, stack(0x0000006363000000,0x0000006363100000) (1024K)]
  0x000002042506c270 JavaThread "Finalizer"                  daemon [_thread_blocked, id=16188, stack(0x0000006363100000,0x0000006363200000) (1024K)]
  0x000002042506f3a0 JavaThread "Signal Dispatcher"          daemon [_thread_blocked, id=15232, stack(0x0000006363200000,0x0000006363300000) (1024K)]
  0x000002042509f410 JavaThread "Attach Listener"            daemon [_thread_blocked, id=8284, stack(0x0000006363300000,0x0000006363400000) (1024K)]
  0x00000204250a0610 JavaThread "Service Thread"             daemon [_thread_blocked, id=24716, stack(0x0000006363400000,0x0000006363500000) (1024K)]
  0x00000204250784f0 JavaThread "Monitor Deflation Thread"   daemon [_thread_blocked, id=20628, stack(0x0000006363500000,0x0000006363600000) (1024K)]
  0x0000020425095ef0 JavaThread "C2 CompilerThread0"         daemon [_thread_blocked, id=24028, stack(0x0000006363600000,0x0000006363700000) (1024K)]
  0x0000020425084370 JavaThread "C1 CompilerThread0"         daemon [_thread_blocked, id=23628, stack(0x0000006363700000,0x0000006363800000) (1024K)]
  0x000002042523a920 JavaThread "Notification Thread"        daemon [_thread_blocked, id=21972, stack(0x0000006363800000,0x0000006363900000) (1024K)]
  0x000002042524a7f0 JavaThread "Common-Cleaner"             daemon [_thread_blocked, id=11200, stack(0x0000006363900000,0x0000006363a00000) (1024K)]
  0x00000204253fca40 JavaThread "Java2D Disposer"            daemon [_thread_blocked, id=21296, stack(0x0000006363a00000,0x0000006363b00000) (1024K)]
  0x00000204253fd0b0 JavaThread "AWT-Shutdown"                      [_thread_blocked, id=6984, stack(0x0000006363b00000,0x0000006363c00000) (1024K)]
  0x00000204253fe730 JavaThread "AWT-Windows"                daemon [_thread_in_native, id=13352, stack(0x0000006363c00000,0x0000006363d00000) (1024K)]
=>0x00000204255da770 JavaThread "AWT-EventQueue-0"                  [_thread_in_native, id=19132, stack(0x0000006363d00000,0x0000006363e00000) (1024K)]
  0x0000020406c6ef60 JavaThread "DestroyJavaVM"                     [_thread_blocked, id=10416, stack(0x0000006362800000,0x0000006362900000) (1024K)]
Total: 15

Other Threads:
  0x0000020425008690 VMThread "VM Thread"                           [id=9848, stack(0x0000006362f00000,0x0000006363000000) (1024K)]
  0x0000020420dfc310 WatcherThread "VM Periodic Task Thread"        [id=21300, stack(0x0000006362e00000,0x0000006362f00000) (1024K)]
  0x0000020406ee0970 WorkerThread "GC Thread#0"                     [id=4376, stack(0x0000006362900000,0x0000006362a00000) (1024K)]
  0x0000020406ef25f0 ConcurrentGCThread "G1 Main Marker"            [id=23932, stack(0x0000006362a00000,0x0000006362b00000) (1024K)]
  0x0000020406ef5a60 WorkerThread "G1 Conc#0"                       [id=9532, stack(0x0000006362b00000,0x0000006362c00000) (1024K)]
  0x0000020420cc1560 ConcurrentGCThread "G1 Refine#0"               [id=15664, stack(0x0000006362c00000,0x0000006362d00000) (1024K)]
  0x0000020420cc20e0 ConcurrentGCThread "G1 Service"                [id=9856, stack(0x0000006362d00000,0x0000006362e00000) (1024K)]
Total: 7

Threads with active compile tasks:
Total: 0

VM state: not at safepoint (normal execution)

VM Mutex/Monitor currently owned by a thread: None

Heap address: 0x0000000081c00000, size: 2020 MB, Compressed Oops mode: 32-bit

CDS archive(s) not mapped
Compressed class space mapped at: 0x0000000015000000-0x0000000055000000, reserved size: 1073741824
Narrow klass base: 0x0000000000000000, Narrow klass shift: 0, Narrow klass range: 0x55000000

GC Precious Log:
 CardTable entry size: 512
 Card Set container configuration: InlinePtr #cards 5 size 8 Array Of Cards #cards 12 size 40 Howl #buckets 4 coarsen threshold 1843 Howl Bitmap #cards 512 size 80 coarsen threshold 460 Card regions per heap region 1 cards per card region 2048
 CPUs: 8 total, 8 available
 Memory: 8079M
 Large Page Support: Disabled
 NUMA Support: Disabled
 Compressed Oops: Enabled (32-bit)
 Heap Region Size: 1M
 Heap Min Capacity: 8M
 Heap Initial Capacity: 128M
 Heap Max Capacity: 2020M
 Pre-touch: Disabled
 Parallel Workers: 8
 Concurrent Workers: 2
 Concurrent Refinement Workers: 8
 Periodic GC: Disabled

Heap:
 garbage-first heap   total reserved 2068480K, committed 131072K, used 17408K [0x0000000081c00000, 0x0000000100000000)
  region size 1024K, 15 young (15360K), 0 survivors (0K)
 Metaspace       used 15125K, committed 15296K, reserved 1114112K
  class space    used 1504K, committed 1600K, reserved 1048576K

Heap Regions: E=young(eden), S=young(survivor), O=old, HS=humongous(starts), HC=humongous(continues), CS=collection set, F=free, TAMS=top-at-mark-start, PB=parsable bottom
|   0|0x0000000081c00000, 0x0000000081d00000, 0x0000000081d00000|100%|HS|  |TAMS 0x0000000081c00000| PB 0x0000000081c00000| Complete |  0
|   1|0x0000000081d00000, 0x0000000081e00000, 0x0000000081e00000|100%|HC|  |TAMS 0x0000000081d00000| PB 0x0000000081d00000| Complete |  0
|   2|0x0000000081e00000, 0x0000000081f00000, 0x0000000081f00000|100%|HC|  |TAMS 0x0000000081e00000| PB 0x0000000081e00000| Complete |  0
|   3|0x0000000081f00000, 0x0000000081f00000, 0x0000000082000000|  0%| F|  |TAMS 0x0000000081f00000| PB 0x0000000081f00000| Untracked |  0
|   4|0x0000000082000000, 0x0000000082000000, 0x0000000082100000|  0%| F|  |TAMS 0x0000000082000000| PB 0x0000000082000000| Untracked |  0
|   5|0x0000000082100000, 0x0000000082100000, 0x0000000082200000|  0%| F|  |TAMS 0x0000000082100000| PB 0x0000000082100000| Untracked |  0
|   6|0x0000000082200000, 0x0000000082200000, 0x0000000082300000|  0%| F|  |TAMS 0x0000000082200000| PB 0x0000000082200000| Untracked |  0
|   7|0x0000000082300000, 0x0000000082300000, 0x0000000082400000|  0%| F|  |TAMS 0x0000000082300000| PB 0x0000000082300000| Untracked |  0
|   8|0x0000000082400000, 0x0000000082400000, 0x0000000082500000|  0%| F|  |TAMS 0x0000000082400000| PB 0x0000000082400000| Untracked |  0
|   9|0x0000000082500000, 0x0000000082500000, 0x0000000082600000|  0%| F|  |TAMS 0x0000000082500000| PB 0x0000000082500000| Untracked |  0
|  10|0x0000000082600000, 0x0000000082600000, 0x0000000082700000|  0%| F|  |TAMS 0x0000000082600000| PB 0x0000000082600000| Untracked |  0
|  11|0x0000000082700000, 0x0000000082700000, 0x0000000082800000|  0%| F|  |TAMS 0x0000000082700000| PB 0x0000000082700000| Untracked |  0
|  12|0x0000000082800000, 0x0000000082800000, 0x0000000082900000|  0%| F|  |TAMS 0x0000000082800000| PB 0x0000000082800000| Untracked |  0
|  13|0x0000000082900000, 0x0000000082900000, 0x0000000082a00000|  0%| F|  |TAMS 0x0000000082900000| PB 0x0000000082900000| Untracked |  0
|  14|0x0000000082a00000, 0x0000000082a00000, 0x0000000082b00000|  0%| F|  |TAMS 0x0000000082a00000| PB 0x0000000082a00000| Untracked |  0
|  15|0x0000000082b00000, 0x0000000082b00000, 0x0000000082c00000|  0%| F|  |TAMS 0x0000000082b00000| PB 0x0000000082b00000| Untracked |  0
|  16|0x0000000082c00000, 0x0000000082c00000, 0x0000000082d00000|  0%| F|  |TAMS 0x0000000082c00000| PB 0x0000000082c00000| Untracked |  0
|  17|0x0000000082d00000, 0x0000000082d00000, 0x0000000082e00000|  0%| F|  |TAMS 0x0000000082d00000| PB 0x0000000082d00000| Untracked |  0
|  18|0x0000000082e00000, 0x0000000082e00000, 0x0000000082f00000|  0%| F|  |TAMS 0x0000000082e00000| PB 0x0000000082e00000| Untracked |  0
|  19|0x0000000082f00000, 0x0000000082f00000, 0x0000000083000000|  0%| F|  |TAMS 0x0000000082f00000| PB 0x0000000082f00000| Untracked |  0
|  20|0x0000000083000000, 0x0000000083000000, 0x0000000083100000|  0%| F|  |TAMS 0x0000000083000000| PB 0x0000000083000000| Untracked |  0
|  21|0x0000000083100000, 0x0000000083100000, 0x0000000083200000|  0%| F|  |TAMS 0x0000000083100000| PB 0x0000000083100000| Untracked |  0
|  22|0x0000000083200000, 0x0000000083200000, 0x0000000083300000|  0%| F|  |TAMS 0x0000000083200000| PB 0x0000000083200000| Untracked |  0
|  23|0x0000000083300000, 0x0000000083300000, 0x0000000083400000|  0%| F|  |TAMS 0x0000000083300000| PB 0x0000000083300000| Untracked |  0
|  24|0x0000000083400000, 0x0000000083400000, 0x0000000083500000|  0%| F|  |TAMS 0x0000000083400000| PB 0x0000000083400000| Untracked |  0
|  25|0x0000000083500000, 0x0000000083500000, 0x0000000083600000|  0%| F|  |TAMS 0x0000000083500000| PB 0x0000000083500000| Untracked |  0
|  26|0x0000000083600000, 0x0000000083600000, 0x0000000083700000|  0%| F|  |TAMS 0x0000000083600000| PB 0x0000000083600000| Untracked |  0
|  27|0x0000000083700000, 0x0000000083700000, 0x0000000083800000|  0%| F|  |TAMS 0x0000000083700000| PB 0x0000000083700000| Untracked |  0
|  28|0x0000000083800000, 0x0000000083800000, 0x0000000083900000|  0%| F|  |TAMS 0x0000000083800000| PB 0x0000000083800000| Untracked |  0
|  29|0x0000000083900000, 0x0000000083900000, 0x0000000083a00000|  0%| F|  |TAMS 0x0000000083900000| PB 0x0000000083900000| Untracked |  0
|  30|0x0000000083a00000, 0x0000000083a00000, 0x0000000083b00000|  0%| F|  |TAMS 0x0000000083a00000| PB 0x0000000083a00000| Untracked |  0
|  31|0x0000000083b00000, 0x0000000083b00000, 0x0000000083c00000|  0%| F|  |TAMS 0x0000000083b00000| PB 0x0000000083b00000| Untracked |  0
|  32|0x0000000083c00000, 0x0000000083c00000, 0x0000000083d00000|  0%| F|  |TAMS 0x0000000083c00000| PB 0x0000000083c00000| Untracked |  0
|  33|0x0000000083d00000, 0x0000000083d00000, 0x0000000083e00000|  0%| F|  |TAMS 0x0000000083d00000| PB 0x0000000083d00000| Untracked |  0
|  34|0x0000000083e00000, 0x0000000083e00000, 0x0000000083f00000|  0%| F|  |TAMS 0x0000000083e00000| PB 0x0000000083e00000| Untracked |  0
|  35|0x0000000083f00000, 0x0000000083f00000, 0x0000000084000000|  0%| F|  |TAMS 0x0000000083f00000| PB 0x0000000083f00000| Untracked |  0
|  36|0x0000000084000000, 0x0000000084000000, 0x0000000084100000|  0%| F|  |TAMS 0x0000000084000000| PB 0x0000000084000000| Untracked |  0
|  37|0x0000000084100000, 0x0000000084100000, 0x0000000084200000|  0%| F|  |TAMS 0x0000000084100000| PB 0x0000000084100000| Untracked |  0
|  38|0x0000000084200000, 0x0000000084200000, 0x0000000084300000|  0%| F|  |TAMS 0x0000000084200000| PB 0x0000000084200000| Untracked |  0
|  39|0x0000000084300000, 0x0000000084300000, 0x0000000084400000|  0%| F|  |TAMS 0x0000000084300000| PB 0x0000000084300000| Untracked |  0
|  40|0x0000000084400000, 0x0000000084400000, 0x0000000084500000|  0%| F|  |TAMS 0x0000000084400000| PB 0x0000000084400000| Untracked |  0
|  41|0x0000000084500000, 0x0000000084500000, 0x0000000084600000|  0%| F|  |TAMS 0x0000000084500000| PB 0x0000000084500000| Untracked |  0
|  42|0x0000000084600000, 0x0000000084600000, 0x0000000084700000|  0%| F|  |TAMS 0x0000000084600000| PB 0x0000000084600000| Untracked |  0
|  43|0x0000000084700000, 0x0000000084700000, 0x0000000084800000|  0%| F|  |TAMS 0x0000000084700000| PB 0x0000000084700000| Untracked |  0
|  44|0x0000000084800000, 0x0000000084800000, 0x0000000084900000|  0%| F|  |TAMS 0x0000000084800000| PB 0x0000000084800000| Untracked |  0
|  45|0x0000000084900000, 0x0000000084900000, 0x0000000084a00000|  0%| F|  |TAMS 0x0000000084900000| PB 0x0000000084900000| Untracked |  0
|  46|0x0000000084a00000, 0x0000000084a00000, 0x0000000084b00000|  0%| F|  |TAMS 0x0000000084a00000| PB 0x0000000084a00000| Untracked |  0
|  47|0x0000000084b00000, 0x0000000084b00000, 0x0000000084c00000|  0%| F|  |TAMS 0x0000000084b00000| PB 0x0000000084b00000| Untracked |  0
|  48|0x0000000084c00000, 0x0000000084c00000, 0x0000000084d00000|  0%| F|  |TAMS 0x0000000084c00000| PB 0x0000000084c00000| Untracked |  0
|  49|0x0000000084d00000, 0x0000000084d00000, 0x0000000084e00000|  0%| F|  |TAMS 0x0000000084d00000| PB 0x0000000084d00000| Untracked |  0
|  50|0x0000000084e00000, 0x0000000084e00000, 0x0000000084f00000|  0%| F|  |TAMS 0x0000000084e00000| PB 0x0000000084e00000| Untracked |  0
|  51|0x0000000084f00000, 0x0000000084f00000, 0x0000000085000000|  0%| F|  |TAMS 0x0000000084f00000| PB 0x0000000084f00000| Untracked |  0
|  52|0x0000000085000000, 0x0000000085000000, 0x0000000085100000|  0%| F|  |TAMS 0x0000000085000000| PB 0x0000000085000000| Untracked |  0
|  53|0x0000000085100000, 0x0000000085100000, 0x0000000085200000|  0%| F|  |TAMS 0x0000000085100000| PB 0x0000000085100000| Untracked |  0
|  54|0x0000000085200000, 0x0000000085200000, 0x0000000085300000|  0%| F|  |TAMS 0x0000000085200000| PB 0x0000000085200000| Untracked |  0
|  55|0x0000000085300000, 0x0000000085300000, 0x0000000085400000|  0%| F|  |TAMS 0x0000000085300000| PB 0x0000000085300000| Untracked |  0
|  56|0x0000000085400000, 0x0000000085400000, 0x0000000085500000|  0%| F|  |TAMS 0x0000000085400000| PB 0x0000000085400000| Untracked |  0
|  57|0x0000000085500000, 0x0000000085500000, 0x0000000085600000|  0%| F|  |TAMS 0x0000000085500000| PB 0x0000000085500000| Untracked |  0
|  58|0x0000000085600000, 0x0000000085600000, 0x0000000085700000|  0%| F|  |TAMS 0x0000000085600000| PB 0x0000000085600000| Untracked |  0
|  59|0x0000000085700000, 0x0000000085700000, 0x0000000085800000|  0%| F|  |TAMS 0x0000000085700000| PB 0x0000000085700000| Untracked |  0
|  60|0x0000000085800000, 0x0000000085800000, 0x0000000085900000|  0%| F|  |TAMS 0x0000000085800000| PB 0x0000000085800000| Untracked |  0
|  61|0x0000000085900000, 0x0000000085900000, 0x0000000085a00000|  0%| F|  |TAMS 0x0000000085900000| PB 0x0000000085900000| Untracked |  0
|  62|0x0000000085a00000, 0x0000000085a00000, 0x0000000085b00000|  0%| F|  |TAMS 0x0000000085a00000| PB 0x0000000085a00000| Untracked |  0
|  63|0x0000000085b00000, 0x0000000085b00000, 0x0000000085c00000|  0%| F|  |TAMS 0x0000000085b00000| PB 0x0000000085b00000| Untracked |  0
|  64|0x0000000085c00000, 0x0000000085c00000, 0x0000000085d00000|  0%| F|  |TAMS 0x0000000085c00000| PB 0x0000000085c00000| Untracked |  0
|  65|0x0000000085d00000, 0x0000000085d00000, 0x0000000085e00000|  0%| F|  |TAMS 0x0000000085d00000| PB 0x0000000085d00000| Untracked |  0
|  66|0x0000000085e00000, 0x0000000085e00000, 0x0000000085f00000|  0%| F|  |TAMS 0x0000000085e00000| PB 0x0000000085e00000| Untracked |  0
|  67|0x0000000085f00000, 0x0000000085f00000, 0x0000000086000000|  0%| F|  |TAMS 0x0000000085f00000| PB 0x0000000085f00000| Untracked |  0
|  68|0x0000000086000000, 0x0000000086000000, 0x0000000086100000|  0%| F|  |TAMS 0x0000000086000000| PB 0x0000000086000000| Untracked |  0
|  69|0x0000000086100000, 0x0000000086100000, 0x0000000086200000|  0%| F|  |TAMS 0x0000000086100000| PB 0x0000000086100000| Untracked |  0
|  70|0x0000000086200000, 0x0000000086200000, 0x0000000086300000|  0%| F|  |TAMS 0x0000000086200000| PB 0x0000000086200000| Untracked |  0
|  71|0x0000000086300000, 0x0000000086300000, 0x0000000086400000|  0%| F|  |TAMS 0x0000000086300000| PB 0x0000000086300000| Untracked |  0
|  72|0x0000000086400000, 0x0000000086400000, 0x0000000086500000|  0%| F|  |TAMS 0x0000000086400000| PB 0x0000000086400000| Untracked |  0
|  73|0x0000000086500000, 0x0000000086500000, 0x0000000086600000|  0%| F|  |TAMS 0x0000000086500000| PB 0x0000000086500000| Untracked |  0
|  74|0x0000000086600000, 0x0000000086600000, 0x0000000086700000|  0%| F|  |TAMS 0x0000000086600000| PB 0x0000000086600000| Untracked |  0
|  75|0x0000000086700000, 0x0000000086700000, 0x0000000086800000|  0%| F|  |TAMS 0x0000000086700000| PB 0x0000000086700000| Untracked |  0
|  76|0x0000000086800000, 0x0000000086800000, 0x0000000086900000|  0%| F|  |TAMS 0x0000000086800000| PB 0x0000000086800000| Untracked |  0
|  77|0x0000000086900000, 0x0000000086900000, 0x0000000086a00000|  0%| F|  |TAMS 0x0000000086900000| PB 0x0000000086900000| Untracked |  0
|  78|0x0000000086a00000, 0x0000000086a00000, 0x0000000086b00000|  0%| F|  |TAMS 0x0000000086a00000| PB 0x0000000086a00000| Untracked |  0
|  79|0x0000000086b00000, 0x0000000086b00000, 0x0000000086c00000|  0%| F|  |TAMS 0x0000000086b00000| PB 0x0000000086b00000| Untracked |  0
|  80|0x0000000086c00000, 0x0000000086c00000, 0x0000000086d00000|  0%| F|  |TAMS 0x0000000086c00000| PB 0x0000000086c00000| Untracked |  0
|  81|0x0000000086d00000, 0x0000000086d00000, 0x0000000086e00000|  0%| F|  |TAMS 0x0000000086d00000| PB 0x0000000086d00000| Untracked |  0
|  82|0x0000000086e00000, 0x0000000086e00000, 0x0000000086f00000|  0%| F|  |TAMS 0x0000000086e00000| PB 0x0000000086e00000| Untracked |  0
|  83|0x0000000086f00000, 0x0000000086f00000, 0x0000000087000000|  0%| F|  |TAMS 0x0000000086f00000| PB 0x0000000086f00000| Untracked |  0
|  84|0x0000000087000000, 0x0000000087000000, 0x0000000087100000|  0%| F|  |TAMS 0x0000000087000000| PB 0x0000000087000000| Untracked |  0
|  85|0x0000000087100000, 0x0000000087100000, 0x0000000087200000|  0%| F|  |TAMS 0x0000000087100000| PB 0x0000000087100000| Untracked |  0
|  86|0x0000000087200000, 0x0000000087200000, 0x0000000087300000|  0%| F|  |TAMS 0x0000000087200000| PB 0x0000000087200000| Untracked |  0
|  87|0x0000000087300000, 0x0000000087300000, 0x0000000087400000|  0%| F|  |TAMS 0x0000000087300000| PB 0x0000000087300000| Untracked |  0
|  88|0x0000000087400000, 0x0000000087400000, 0x0000000087500000|  0%| F|  |TAMS 0x0000000087400000| PB 0x0000000087400000| Untracked |  0
|  89|0x0000000087500000, 0x0000000087500000, 0x0000000087600000|  0%| F|  |TAMS 0x0000000087500000| PB 0x0000000087500000| Untracked |  0
|  90|0x0000000087600000, 0x0000000087600000, 0x0000000087700000|  0%| F|  |TAMS 0x0000000087600000| PB 0x0000000087600000| Untracked |  0
|  91|0x0000000087700000, 0x0000000087700000, 0x0000000087800000|  0%| F|  |TAMS 0x0000000087700000| PB 0x0000000087700000| Untracked |  0
|  92|0x0000000087800000, 0x0000000087800000, 0x0000000087900000|  0%| F|  |TAMS 0x0000000087800000| PB 0x0000000087800000| Untracked |  0
|  93|0x0000000087900000, 0x0000000087900000, 0x0000000087a00000|  0%| F|  |TAMS 0x0000000087900000| PB 0x0000000087900000| Untracked |  0
|  94|0x0000000087a00000, 0x0000000087a00000, 0x0000000087b00000|  0%| F|  |TAMS 0x0000000087a00000| PB 0x0000000087a00000| Untracked |  0
|  95|0x0000000087b00000, 0x0000000087b00000, 0x0000000087c00000|  0%| F|  |TAMS 0x0000000087b00000| PB 0x0000000087b00000| Untracked |  0
|  96|0x0000000087c00000, 0x0000000087c00000, 0x0000000087d00000|  0%| F|  |TAMS 0x0000000087c00000| PB 0x0000000087c00000| Untracked |  0
|  97|0x0000000087d00000, 0x0000000087d00000, 0x0000000087e00000|  0%| F|  |TAMS 0x0000000087d00000| PB 0x0000000087d00000| Untracked |  0
|  98|0x0000000087e00000, 0x0000000087e00000, 0x0000000087f00000|  0%| F|  |TAMS 0x0000000087e00000| PB 0x0000000087e00000| Untracked |  0
|  99|0x0000000087f00000, 0x0000000087f00000, 0x0000000088000000|  0%| F|  |TAMS 0x0000000087f00000| PB 0x0000000087f00000| Untracked |  0
| 100|0x0000000088000000, 0x0000000088000000, 0x0000000088100000|  0%| F|  |TAMS 0x0000000088000000| PB 0x0000000088000000| Untracked |  0
| 101|0x0000000088100000, 0x0000000088100000, 0x0000000088200000|  0%| F|  |TAMS 0x0000000088100000| PB 0x0000000088100000| Untracked |  0
| 102|0x0000000088200000, 0x0000000088200000, 0x0000000088300000|  0%| F|  |TAMS 0x0000000088200000| PB 0x0000000088200000| Untracked |  0
| 103|0x0000000088300000, 0x0000000088300000, 0x0000000088400000|  0%| F|  |TAMS 0x0000000088300000| PB 0x0000000088300000| Untracked |  0
| 104|0x0000000088400000, 0x0000000088400000, 0x0000000088500000|  0%| F|  |TAMS 0x0000000088400000| PB 0x0000000088400000| Untracked |  0
| 105|0x0000000088500000, 0x0000000088500000, 0x0000000088600000|  0%| F|  |TAMS 0x0000000088500000| PB 0x0000000088500000| Untracked |  0
| 106|0x0000000088600000, 0x0000000088600000, 0x0000000088700000|  0%| F|  |TAMS 0x0000000088600000| PB 0x0000000088600000| Untracked |  0
| 107|0x0000000088700000, 0x0000000088700000, 0x0000000088800000|  0%| F|  |TAMS 0x0000000088700000| PB 0x0000000088700000| Untracked |  0
| 108|0x0000000088800000, 0x0000000088800000, 0x0000000088900000|  0%| F|  |TAMS 0x0000000088800000| PB 0x0000000088800000| Untracked |  0
| 109|0x0000000088900000, 0x0000000088900000, 0x0000000088a00000|  0%| F|  |TAMS 0x0000000088900000| PB 0x0000000088900000| Untracked |  0
| 110|0x0000000088a00000, 0x0000000088a00000, 0x0000000088b00000|  0%| F|  |TAMS 0x0000000088a00000| PB 0x0000000088a00000| Untracked |  0
| 111|0x0000000088b00000, 0x0000000088b00000, 0x0000000088c00000|  0%| F|  |TAMS 0x0000000088b00000| PB 0x0000000088b00000| Untracked |  0
| 112|0x0000000088c00000, 0x0000000088c00000, 0x0000000088d00000|  0%| F|  |TAMS 0x0000000088c00000| PB 0x0000000088c00000| Untracked |  0
| 113|0x0000000088d00000, 0x0000000088df61e8, 0x0000000088e00000| 96%| E|  |TAMS 0x0000000088d00000| PB 0x0000000088d00000| Complete |  0
| 114|0x0000000088e00000, 0x0000000088f00000, 0x0000000088f00000|100%| E|CS|TAMS 0x0000000088e00000| PB 0x0000000088e00000| Complete |  0
| 115|0x0000000088f00000, 0x0000000089000000, 0x0000000089000000|100%| E|CS|TAMS 0x0000000088f00000| PB 0x0000000088f00000| Complete |  0
| 116|0x0000000089000000, 0x0000000089100000, 0x0000000089100000|100%| E|CS|TAMS 0x0000000089000000| PB 0x0000000089000000| Complete |  0
| 117|0x0000000089100000, 0x0000000089200000, 0x0000000089200000|100%| E|CS|TAMS 0x0000000089100000| PB 0x0000000089100000| Complete |  0
| 118|0x0000000089200000, 0x0000000089300000, 0x0000000089300000|100%| E|CS|TAMS 0x0000000089200000| PB 0x0000000089200000| Complete |  0
| 119|0x0000000089300000, 0x0000000089400000, 0x0000000089400000|100%| E|CS|TAMS 0x0000000089300000| PB 0x0000000089300000| Complete |  0
| 120|0x0000000089400000, 0x0000000089500000, 0x0000000089500000|100%| E|CS|TAMS 0x0000000089400000| PB 0x0000000089400000| Complete |  0
| 121|0x0000000089500000, 0x0000000089600000, 0x0000000089600000|100%| E|CS|TAMS 0x0000000089500000| PB 0x0000000089500000| Complete |  0
| 122|0x0000000089600000, 0x0000000089700000, 0x0000000089700000|100%| E|CS|TAMS 0x0000000089600000| PB 0x0000000089600000| Complete |  0
| 123|0x0000000089700000, 0x0000000089800000, 0x0000000089800000|100%| E|CS|TAMS 0x0000000089700000| PB 0x0000000089700000| Complete |  0
| 124|0x0000000089800000, 0x0000000089900000, 0x0000000089900000|100%| E|CS|TAMS 0x0000000089800000| PB 0x0000000089800000| Complete |  0
| 125|0x0000000089900000, 0x0000000089a00000, 0x0000000089a00000|100%| E|CS|TAMS 0x0000000089900000| PB 0x0000000089900000| Complete |  0
| 126|0x0000000089a00000, 0x0000000089b00000, 0x0000000089b00000|100%| E|CS|TAMS 0x0000000089a00000| PB 0x0000000089a00000| Complete |  0
| 127|0x0000000089b00000, 0x0000000089c00000, 0x0000000089c00000|100%| E|CS|TAMS 0x0000000089b00000| PB 0x0000000089b00000| Complete |  0

Card table byte_map: [0x000002041bfe0000,0x000002041c3e0000] _byte_map_base: 0x000002041bbd2000

Marking Bits: (CMBitMap*) 0x0000020406ee1080
 Bits: [0x000002041c3e0000, 0x000002041e370000)

Polling page: 0x0000020406f50000

Metaspace:

Usage:
  Non-class:     13.30 MB used.
      Class:      1.47 MB used.
       Both:     14.77 MB used.

Virtual space:
  Non-class space:       64.00 MB reserved,      13.38 MB ( 21%) committed,  1 nodes.
      Class space:        1.00 GB reserved,       1.56 MB ( <1%) committed,  1 nodes.
             Both:        1.06 GB reserved,      14.94 MB (  1%) committed. 

Chunk freelists:
   Non-Class:  2.00 MB
       Class:  14.25 MB
        Both:  16.25 MB

MaxMetaspaceSize: unlimited
CompressedClassSpaceSize: 1.00 GB
Initial GC threshold: 21.00 MB
Current GC threshold: 21.00 MB
CDS: off
 - commit_granule_bytes: 65536.
 - commit_granule_words: 8192.
 - virtual_space_node_default_size: 8388608.
 - enlarge_chunks_in_place: 1.
 - use_allocation_guard: 0.


Internal statistics:

num_allocs_failed_limit: 0.
num_arena_births: 140.
num_arena_deaths: 0.
num_vsnodes_births: 2.
num_vsnodes_deaths: 0.
num_space_committed: 239.
num_space_uncommitted: 0.
num_chunks_returned_to_freelist: 0.
num_chunks_taken_from_freelist: 219.
num_chunk_merges: 0.
num_chunk_splits: 110.
num_chunks_enlarged: 39.
num_inconsistent_stats: 0.

CodeHeap 'non-profiled nmethods': size=120000Kb used=332Kb max_used=332Kb free=119668Kb
 bounds [0x0000020413c50000, 0x0000020413ec0000, 0x000002041b180000]
CodeHeap 'profiled nmethods': size=120000Kb used=1702Kb max_used=1702Kb free=118297Kb
 bounds [0x000002040c180000, 0x000002040c3f0000, 0x00000204136b0000]
CodeHeap 'non-nmethods': size=5760Kb used=1546Kb max_used=1587Kb free=4213Kb
 bounds [0x00000204136b0000, 0x0000020413920000, 0x0000020413c50000]
 total_blobs=1739 nmethods=1122 adapters=522
 compilation: enabled
              stopped_count=0, restarted_count=0
 full_count=0

Compilation events (20 events):
Event: 9788.501 Thread 0x0000020425084370 1112       3       java.util.concurrent.locks.AbstractQueuedSynchronizer$Node::getAndUnsetStatus (14 bytes)
Event: 9788.507 Thread 0x0000020425084370 nmethod 1112 0x000002040c325590 code [0x000002040c325740, 0x000002040c325a10]
Event: 12068.732 Thread 0x0000020425084370 1114       3       java.util.concurrent.locks.AbstractQueuedSynchronizer$Node::<init> (5 bytes)
Event: 12068.735 Thread 0x0000020425084370 nmethod 1114 0x000002040c325b10 code [0x000002040c325ca0, 0x000002040c325e08]
Event: 12248.752 Thread 0x0000020425084370 1115   !   3       java.util.concurrent.locks.AbstractQueuedSynchronizer$ConditionObject::newConditionNode (78 bytes)
Event: 12248.760 Thread 0x0000020425084370 nmethod 1115 0x000002040c325f10 code [0x000002040c326160, 0x000002040c326910]
Event: 12248.760 Thread 0x0000020425084370 1116   !   3       java.util.concurrent.locks.AbstractQueuedSynchronizer::tryInitializeHead (66 bytes)
Event: 12248.761 Thread 0x0000020425084370 nmethod 1116 0x000002040c326c10 code [0x000002040c326e00, 0x000002040c327398]
Event: 12248.761 Thread 0x0000020425084370 1117       3       java.util.concurrent.locks.AbstractQueuedSynchronizer$ConditionNode::<init> (5 bytes)
Event: 12248.761 Thread 0x0000020425084370 nmethod 1117 0x000002040c327510 code [0x000002040c3276c0, 0x000002040c327888]
Event: 12428.767 Thread 0x0000020425084370 1118       3       java.util.concurrent.locks.AbstractQueuedSynchronizer$Node::clearStatus (12 bytes)
Event: 12428.769 Thread 0x0000020425084370 nmethod 1118 0x000002040c327990 code [0x000002040c327b40, 0x000002040c327cf0]
Event: 12428.769 Thread 0x0000020425084370 1119       3       jdk.internal.misc.Unsafe::putIntOpaque (9 bytes)
Event: 12428.771 Thread 0x0000020425084370 nmethod 1119 0x000002040c327d90 code [0x000002040c327f20, 0x000002040c328038]
Event: 12428.771 Thread 0x0000020425084370 1120       3       java.util.concurrent.locks.ReentrantLock$NonfairSync::tryAcquire (27 bytes)
Event: 12428.775 Thread 0x0000020425084370 nmethod 1120 0x000002040c328110 code [0x000002040c3282c0, 0x000002040c328540]
Event: 13508.877 Thread 0x0000020425095ef0 1121       4       java.util.concurrent.locks.AbstractQueuedSynchronizer::compareAndSetState (13 bytes)
Event: 13508.884 Thread 0x0000020425095ef0 nmethod 1121 0x0000020413ca2d10 code [0x0000020413ca2e80, 0x0000020413ca2f10]
Event: 13868.124 Thread 0x0000020425084370 1122       3       jdk.internal.org.objectweb.asm.MethodWriter::<init> (232 bytes)
Event: 13868.228 Thread 0x0000020425084370 nmethod 1122 0x000002040c328610 code [0x000002040c3288a0, 0x000002040c3295a8]

GC Heap History (0 events):
No events

Dll operation events (9 events):
Event: 0.012 Loaded shared library C:\Users\hp\.p2\pool\plugins\org.eclipse.justj.openjdk.hotspot.jre.full.win32.x86_64_22.0.2.v20240802-1626\jre\bin\java.dll
Event: 0.017 Loaded shared library C:\Users\hp\.p2\pool\plugins\org.eclipse.justj.openjdk.hotspot.jre.full.win32.x86_64_22.0.2.v20240802-1626\jre\bin\zip.dll
Event: 0.173 Loaded shared library C:\Users\hp\.p2\pool\plugins\org.eclipse.justj.openjdk.hotspot.jre.full.win32.x86_64_22.0.2.v20240802-1626\jre\bin\jimage.dll
Event: 0.188 Loaded shared library C:\Users\hp\.p2\pool\plugins\org.eclipse.justj.openjdk.hotspot.jre.full.win32.x86_64_22.0.2.v20240802-1626\jre\bin\net.dll
Event: 0.190 Loaded shared library C:\Users\hp\.p2\pool\plugins\org.eclipse.justj.openjdk.hotspot.jre.full.win32.x86_64_22.0.2.v20240802-1626\jre\bin\nio.dll
Event: 0.201 Loaded shared library C:\Users\hp\.p2\pool\plugins\org.eclipse.justj.openjdk.hotspot.jre.full.win32.x86_64_22.0.2.v20240802-1626\jre\bin\zip.dll
Event: 0.220 Loaded shared library C:\Users\hp\.p2\pool\plugins\org.eclipse.justj.openjdk.hotspot.jre.full.win32.x86_64_22.0.2.v20240802-1626\jre\bin\awt.dll
Event: 0.397 Loaded shared library C:\Users\hp\.p2\pool\plugins\org.eclipse.justj.openjdk.hotspot.jre.full.win32.x86_64_22.0.2.v20240802-1626\jre\bin\freetype.dll
Event: 0.398 Loaded shared library C:\Users\hp\.p2\pool\plugins\org.eclipse.justj.openjdk.hotspot.jre.full.win32.x86_64_22.0.2.v20240802-1626\jre\bin\fontmanager.dll

Deoptimization events (20 events):
Event: 0.727 Thread 0x0000020406c6ef60 Uncommon trap: trap_request=0xffffff45 fr.pc=0x0000020413c8e2a0 relative=0x0000000000000440
Event: 0.727 Thread 0x0000020406c6ef60 Uncommon trap: reason=unstable_if action=reinterpret pc=0x0000020413c8e2a0 method=java.lang.Character.isSurrogate(C)Z @ 3 c2
Event: 0.727 Thread 0x0000020406c6ef60 DEOPT PACKING pc=0x0000020413c8e2a0 sp=0x00000063628fe440
Event: 0.727 Thread 0x0000020406c6ef60 DEOPT UNPACKING pc=0x00000204137046a2 sp=0x00000063628fe358 mode 2
Event: 0.788 Thread 0x00000204255da770 Uncommon trap: trap_request=0xffffffde fr.pc=0x0000020413c8a9a4 relative=0x0000000000000084
Event: 0.788 Thread 0x00000204255da770 Uncommon trap: reason=class_check action=maybe_recompile pc=0x0000020413c8a9a4 method=jdk.internal.misc.Blocker.begin()J @ 11 c2
Event: 0.788 Thread 0x00000204255da770 DEOPT PACKING pc=0x0000020413c8a9a4 sp=0x0000006363dfc530
Event: 0.788 Thread 0x00000204255da770 DEOPT UNPACKING pc=0x00000204137046a2 sp=0x0000006363dfc488 mode 2
Event: 0.788 Thread 0x00000204255da770 Uncommon trap: trap_request=0xffffffde fr.pc=0x0000020413c8a9a4 relative=0x0000000000000084
Event: 0.788 Thread 0x00000204255da770 Uncommon trap: reason=class_check action=maybe_recompile pc=0x0000020413c8a9a4 method=jdk.internal.misc.Blocker.begin()J @ 11 c2
Event: 0.788 Thread 0x00000204255da770 DEOPT PACKING pc=0x0000020413c8a9a4 sp=0x0000006363dfc530
Event: 0.788 Thread 0x00000204255da770 DEOPT UNPACKING pc=0x00000204137046a2 sp=0x0000006363dfc488 mode 2
Event: 0.788 Thread 0x00000204255da770 Uncommon trap: trap_request=0xffffffde fr.pc=0x0000020413c8a9a4 relative=0x0000000000000084
Event: 0.788 Thread 0x00000204255da770 Uncommon trap: reason=class_check action=maybe_recompile pc=0x0000020413c8a9a4 method=jdk.internal.misc.Blocker.begin()J @ 11 c2
Event: 0.788 Thread 0x00000204255da770 DEOPT PACKING pc=0x0000020413c8a9a4 sp=0x0000006363dfc4f0
Event: 0.788 Thread 0x00000204255da770 DEOPT UNPACKING pc=0x00000204137046a2 sp=0x0000006363dfc448 mode 2
Event: 0.788 Thread 0x00000204255da770 Uncommon trap: trap_request=0xffffffde fr.pc=0x0000020413c8a9a4 relative=0x0000000000000084
Event: 0.788 Thread 0x00000204255da770 Uncommon trap: reason=class_check action=maybe_recompile pc=0x0000020413c8a9a4 method=jdk.internal.misc.Blocker.begin()J @ 11 c2
Event: 0.788 Thread 0x00000204255da770 DEOPT PACKING pc=0x0000020413c8a9a4 sp=0x0000006363dfc4f0
Event: 0.788 Thread 0x00000204255da770 DEOPT UNPACKING pc=0x00000204137046a2 sp=0x0000006363dfc448 mode 2

Classes loaded (20 events):
Event: 0.917 Loading class java/awt/event/AWTEventListenerProxy
Event: 0.917 Loading class java/awt/event/AWTEventListenerProxy done
Event: 0.917 Loading class java/awt/Toolkit$SelectiveAWTEventListener
Event: 0.918 Loading class java/awt/Toolkit$SelectiveAWTEventListener done
Event: 0.918 Loading class java/awt/Toolkit$ToolkitEventMulticaster
Event: 0.918 Loading class java/awt/Toolkit$ToolkitEventMulticaster done
Event: 0.918 Loading class java/awt/event/MouseWheelEvent
Event: 0.919 Loading class java/awt/event/MouseWheelEvent done
Event: 0.940 Loading class java/awt/event/ContainerEvent
Event: 0.941 Loading class java/awt/event/ContainerEvent done
Event: 2.440 Loading class java/awt/LightweightDispatcher$2
Event: 2.440 Loading class java/awt/LightweightDispatcher$2 done
Event: 3.393 Loading class java/awt/KeyboardFocusManager$2
Event: 3.393 Loading class java/awt/KeyboardFocusManager$2 done
Event: 3.393 Loading class sun/awt/SunToolkit$1
Event: 3.394 Loading class sun/awt/SunToolkit$1 done
Event: 6289.788 Loading class java/awt/desktop/SystemSleepListener
Event: 6289.828 Loading class java/awt/desktop/SystemEventListener
Event: 6289.845 Loading class java/awt/desktop/SystemEventListener done
Event: 6289.855 Loading class java/awt/desktop/SystemSleepListener done

Classes unloaded (0 events):
No events

Classes redefined (0 events):
No events

Internal exceptions (13 events):
Event: 0.209 Thread 0x0000020406c6ef60 Exception <a 'java/lang/ClassNotFoundException'{0x0000000089ae5e90}: sun/awt/resources/spi/awtProvider> (0x0000000089ae5e90) 
thrown [s\src\hotspot\share\classfile\systemDictionary.cpp, line 313]
Event: 0.232 Thread 0x0000020406c6ef60 Exception <a 'java/io/FileNotFoundException'{0x000000008994ae40}> (0x000000008994ae40) 
thrown [s\src\hotspot\share\prims\jni.cpp, line 520]
Event: 0.237 Thread 0x0000020406c6ef60 Exception <a 'java/io/FileNotFoundException'{0x00000000899790e0}> (0x00000000899790e0) 
thrown [s\src\hotspot\share\prims\jni.cpp, line 520]
Event: 0.322 Thread 0x0000020406c6ef60 Exception <a 'java/lang/NoSuchMethodError'{0x000000008989eec8}: 'void java.lang.invoke.DirectMethodHandle$Holder.invokeSpecial(java.lang.Object, java.lang.Object, java.lang.Object)'> (0x000000008989eec8) 
thrown [s\src\hotspot\share\interpreter\linkResolver.cpp, line 774]
Event: 0.329 Thread 0x0000020406c6ef60 Exception <a 'java/lang/NoSuchMethodError'{0x00000000898c5350}: 'java.lang.Object java.lang.invoke.DirectMethodHandle$Holder.newInvokeSpecial(java.lang.Object, java.lang.Object, java.lang.Object, java.lang.Object, java.lang.Object)'> (0x00000000898c5350) 
thrown [s\src\hotspot\share\interpreter\linkResolver.cpp, line 774]
Event: 0.334 Thread 0x0000020406c6ef60 Exception <a 'java/lang/NoSuchMethodError'{0x00000000898f1c68}: 'java.lang.Object java.lang.invoke.DirectMethodHandle$Holder.invokeStatic(java.lang.Object, int, java.lang.Object)'> (0x00000000898f1c68) 
thrown [s\src\hotspot\share\interpreter\linkResolver.cpp, line 774]
Event: 0.354 Thread 0x0000020406c6ef60 Exception <a 'java/lang/ClassNotFoundException'{0x00000000897940d0}: com/sun/swing/internal/plaf/metal/resources/spi/metalProvider> (0x00000000897940d0) 
thrown [s\src\hotspot\share\classfile\systemDictionary.cpp, line 313]
Event: 0.355 Thread 0x0000020406c6ef60 Exception <a 'java/lang/ClassNotFoundException'{0x0000000089798100}: com/sun/swing/internal/plaf/basic/resources/spi/basicProvider> (0x0000000089798100) 
thrown [s\src\hotspot\share\classfile\systemDictionary.cpp, line 313]
Event: 0.364 Thread 0x0000020406c6ef60 Exception <a 'java/lang/NoSuchMethodError'{0x00000000897b7fb8}: 'int java.lang.invoke.Invokers$Holder.invokeExact_MT(java.lang.Object, java.lang.Object)'> (0x00000000897b7fb8) 
thrown [s\src\hotspot\share\interpreter\linkResolver.cpp, line 774]
Event: 0.376 Thread 0x00000204253fe730 Exception <a 'java/lang/NoSuchMethodError'{0x000000008980ee98}: 'void java.lang.invoke.DirectMethodHandle$Holder.invokeVirtual(java.lang.Object, java.lang.Object)'> (0x000000008980ee98) 
thrown [s\src\hotspot\share\interpreter\linkResolver.cpp, line 774]
Event: 0.392 Thread 0x0000020406c6ef60 Exception <a 'java/lang/NoSuchMethodError'{0x00000000897dd3c0}: 'void java.lang.invoke.DirectMethodHandle$Holder.invokeStaticInit(java.lang.Object)'> (0x00000000897dd3c0) 
thrown [s\src\hotspot\share\interpreter\linkResolver.cpp, line 774]
Event: 0.554 Thread 0x0000020406c6ef60 Exception <a 'java/io/FileNotFoundException'{0x0000000089538008}> (0x0000000089538008) 
thrown [s\src\hotspot\share\prims\jni.cpp, line 520]
Event: 0.559 Thread 0x0000020406c6ef60 Exception <a 'java/io/FileNotFoundException'{0x0000000089550990}> (0x0000000089550990) 
thrown [s\src\hotspot\share\prims\jni.cpp, line 520]

ZGC Phase Switch (0 events):
No events

VM Operations (16 events):
Event: 0.249 Executing VM operation: HandshakeAllThreads (Deoptimize)
Event: 0.249 Executing VM operation: HandshakeAllThreads (Deoptimize) done
Event: 0.353 Executing VM operation: HandshakeAllThreads (Deoptimize)
Event: 0.353 Executing VM operation: HandshakeAllThreads (Deoptimize) done
Event: 0.383 Executing VM operation: HandshakeAllThreads (Deoptimize)
Event: 0.383 Executing VM operation: HandshakeAllThreads (Deoptimize) done
Event: 0.528 Executing VM operation: HandshakeAllThreads (Deoptimize)
Event: 0.528 Executing VM operation: HandshakeAllThreads (Deoptimize) done
Event: 1.540 Executing VM operation: Cleanup
Event: 1.541 Executing VM operation: Cleanup done
Event: 2.544 Executing VM operation: Cleanup
Event: 2.545 Executing VM operation: Cleanup done
Event: 60.160 Executing VM operation: HandshakeAllThreads (HandshakeForDeflation)
Event: 60.160 Executing VM operation: HandshakeAllThreads (HandshakeForDeflation) done
Event: 60.160 Executing VM operation: RendezvousGCThreads
Event: 60.160 Executing VM operation: RendezvousGCThreads done

Memory protections (0 events):
No events

Nmethod flushes (0 events):
No events

Events (19 events):
Event: 0.016 Thread 0x0000020406c6ef60 Thread added: 0x0000020406c6ef60
Event: 0.070 Thread 0x0000020406c6ef60 Thread added: 0x0000020425069b60
Event: 0.070 Thread 0x0000020406c6ef60 Thread added: 0x000002042506c270
Event: 0.071 Thread 0x0000020406c6ef60 Thread added: 0x000002042506f3a0
Event: 0.071 Thread 0x0000020406c6ef60 Thread added: 0x000002042509f410
Event: 0.071 Thread 0x0000020406c6ef60 Thread added: 0x00000204250a0610
Event: 0.071 Thread 0x0000020406c6ef60 Thread added: 0x00000204250784f0
Event: 0.072 Thread 0x0000020406c6ef60 Thread added: 0x0000020425095ef0
Event: 0.072 Thread 0x0000020406c6ef60 Thread added: 0x0000020425084370
Event: 0.109 Thread 0x0000020406c6ef60 Thread added: 0x000002042523a920
Event: 0.125 Thread 0x0000020406c6ef60 Thread added: 0x000002042524a7f0
Event: 0.287 Thread 0x0000020406c6ef60 Thread added: 0x00000204253fca40
Event: 0.288 Thread 0x0000020406c6ef60 Thread added: 0x00000204253fd0b0
Event: 0.290 Thread 0x0000020406c6ef60 Thread added: 0x00000204253fe730
Event: 0.375 Thread 0x00000204253fe730 Thread added: 0x00000204255da770
Event: 0.568 Thread 0x0000020425084370 Thread added: 0x0000020425735780
Event: 0.792 Thread 0x0000020406c6ef60 Thread exited: 0x0000020406c6ef60
Event: 0.792 Thread 0x0000020406c6ef60 Thread added: 0x0000020406c6ef60
Event: 0.943 Thread 0x0000020425735780 Thread exited: 0x0000020425735780


Dynamic libraries:
0x00007ff6d12a0000 - 0x00007ff6d12ae000 	C:\Users\hp\.p2\pool\plugins\org.eclipse.justj.openjdk.hotspot.jre.full.win32.x86_64_22.0.2.v20240802-1626\jre\bin\javaw.exe
0x00007ffa69910000 - 0x00007ffa69b27000 	C:\Windows\SYSTEM32\ntdll.dll
0x00007ffa693d0000 - 0x00007ffa69494000 	C:\Windows\System32\KERNEL32.DLL
0x00007ffa670c0000 - 0x00007ffa6746d000 	C:\Windows\System32\KERNELBASE.dll
0x00007ffa67470000 - 0x00007ffa67581000 	C:\Windows\System32\ucrtbase.dll
0x00007ffa5eda0000 - 0x00007ffa5edb7000 	C:\Users\hp\.p2\pool\plugins\org.eclipse.justj.openjdk.hotspot.jre.full.win32.x86_64_22.0.2.v20240802-1626\jre\bin\jli.dll
0x00007ffa61540000 - 0x00007ffa6155b000 	C:\Users\hp\.p2\pool\plugins\org.eclipse.justj.openjdk.hotspot.jre.full.win32.x86_64_22.0.2.v20240802-1626\jre\bin\VCRUNTIME140.dll
0x00007ffa69120000 - 0x00007ffa692ce000 	C:\Windows\System32\USER32.dll
0x00007ffa67610000 - 0x00007ffa67636000 	C:\Windows\System32\win32u.dll
0x00007ffa45060000 - 0x00007ffa452f3000 	C:\Windows\WinSxS\amd64_microsoft.windows.common-controls_6595b64144ccf1df_6.0.22621.3672_none_2713b9d173822955\COMCTL32.dll
0x00007ffa69890000 - 0x00007ffa698b9000 	C:\Windows\System32\GDI32.dll
0x00007ffa697e0000 - 0x00007ffa69887000 	C:\Windows\System32\msvcrt.dll
0x00007ffa66c30000 - 0x00007ffa66d49000 	C:\Windows\System32\gdi32full.dll
0x00007ffa66dc0000 - 0x00007ffa66e5a000 	C:\Windows\System32\msvcp_win.dll
0x00007ffa68ca0000 - 0x00007ffa68cd1000 	C:\Windows\System32\IMM32.DLL
0x00007ffa62420000 - 0x00007ffa6242c000 	C:\Users\hp\.p2\pool\plugins\org.eclipse.justj.openjdk.hotspot.jre.full.win32.x86_64_22.0.2.v20240802-1626\jre\bin\vcruntime140_1.dll
0x00007ffa5ba10000 - 0x00007ffa5ba9e000 	C:\Users\hp\.p2\pool\plugins\org.eclipse.justj.openjdk.hotspot.jre.full.win32.x86_64_22.0.2.v20240802-1626\jre\bin\msvcp140.dll
0x00007ff9fd010000 - 0x00007ff9fddd3000 	C:\Users\hp\.p2\pool\plugins\org.eclipse.justj.openjdk.hotspot.jre.full.win32.x86_64_22.0.2.v20240802-1626\jre\bin\server\jvm.dll
0x00007ffa67c70000 - 0x00007ffa67d22000 	C:\Windows\System32\ADVAPI32.dll
0x00007ffa67ac0000 - 0x00007ffa67b69000 	C:\Windows\System32\sechost.dll
0x00007ffa67090000 - 0x00007ffa670b8000 	C:\Windows\System32\bcrypt.dll
0x00007ffa68600000 - 0x00007ffa68714000 	C:\Windows\System32\RPCRT4.dll
0x00007ffa68b00000 - 0x00007ffa68b71000 	C:\Windows\System32\WS2_32.dll
0x00007ffa65ac0000 - 0x00007ffa65b0d000 	C:\Windows\SYSTEM32\POWRPROF.dll
0x00007ffa61500000 - 0x00007ffa61534000 	C:\Windows\SYSTEM32\WINMM.dll
0x00007ffa61790000 - 0x00007ffa6179a000 	C:\Windows\SYSTEM32\VERSION.dll
0x00007ffa65aa0000 - 0x00007ffa65ab3000 	C:\Windows\SYSTEM32\UMPDC.dll
0x00007ffa65d50000 - 0x00007ffa65d68000 	C:\Windows\SYSTEM32\kernel.appcore.dll
0x00007ffa62210000 - 0x00007ffa6221a000 	C:\Users\hp\.p2\pool\plugins\org.eclipse.justj.openjdk.hotspot.jre.full.win32.x86_64_22.0.2.v20240802-1626\jre\bin\jimage.dll
0x00007ffa64510000 - 0x00007ffa64742000 	C:\Windows\SYSTEM32\DBGHELP.DLL
0x00007ffa68cf0000 - 0x00007ffa6907d000 	C:\Windows\System32\combase.dll
0x00007ffa68720000 - 0x00007ffa687f7000 	C:\Windows\System32\OLEAUT32.dll
0x00007ffa5c9f0000 - 0x00007ffa5ca22000 	C:\Windows\SYSTEM32\dbgcore.DLL
0x00007ffa67590000 - 0x00007ffa6760b000 	C:\Windows\System32\bcryptPrimitives.dll
0x00007ffa621c0000 - 0x00007ffa621de000 	C:\Users\hp\.p2\pool\plugins\org.eclipse.justj.openjdk.hotspot.jre.full.win32.x86_64_22.0.2.v20240802-1626\jre\bin\java.dll
0x00007ffa67d30000 - 0x00007ffa68598000 	C:\Windows\System32\SHELL32.dll
0x00007ffa68800000 - 0x00007ffa689a5000 	C:\Windows\System32\ole32.dll
0x00007ffa61590000 - 0x00007ffa615a7000 	C:\Users\hp\.p2\pool\plugins\org.eclipse.justj.openjdk.hotspot.jre.full.win32.x86_64_22.0.2.v20240802-1626\jre\bin\zip.dll
0x00007ffa64b80000 - 0x00007ffa6547e000 	C:\Windows\SYSTEM32\windows.storage.dll
0x00007ffa64a40000 - 0x00007ffa64b7f000 	C:\Windows\SYSTEM32\wintypes.dll
0x00007ffa67b70000 - 0x00007ffa67c69000 	C:\Windows\System32\SHCORE.dll
0x00007ffa68a20000 - 0x00007ffa68a7e000 	C:\Windows\System32\shlwapi.dll
0x00007ffa66b60000 - 0x00007ffa66b81000 	C:\Windows\SYSTEM32\profapi.dll
0x00007ffa62200000 - 0x00007ffa62210000 	C:\Users\hp\.p2\pool\plugins\org.eclipse.justj.openjdk.hotspot.jre.full.win32.x86_64_22.0.2.v20240802-1626\jre\bin\net.dll
0x00007ffa661c0000 - 0x00007ffa66229000 	C:\Windows\system32\mswsock.dll
0x00007ffa4e7e0000 - 0x00007ffa4e7f6000 	C:\Users\hp\.p2\pool\plugins\org.eclipse.justj.openjdk.hotspot.jre.full.win32.x86_64_22.0.2.v20240802-1626\jre\bin\nio.dll
0x00007ffa39bf0000 - 0x00007ffa39d7d000 	C:\Users\hp\.p2\pool\plugins\org.eclipse.justj.openjdk.hotspot.jre.full.win32.x86_64_22.0.2.v20240802-1626\jre\bin\awt.dll
0x00007ffa61440000 - 0x00007ffa614d7000 	C:\Windows\SYSTEM32\apphelp.dll
0x00007ffa64000000 - 0x00007ffa6402b000 	C:\Windows\system32\DWMAPI.DLL
0x00007ffa63db0000 - 0x00007ffa63e60000 	C:\Windows\system32\uxtheme.dll
0x00007ffa368e0000 - 0x00007ffa369e0000 	C:\Windows\system32\opengl32.dll
0x00007ffa4bc20000 - 0x00007ffa4bc4d000 	C:\Windows\SYSTEM32\GLU32.dll
0x00007ffa63eb0000 - 0x00007ffa63ee7000 	C:\Windows\SYSTEM32\dxcore.dll
0x00007ffa69680000 - 0x00007ffa697db000 	C:\Windows\System32\MSCTF.dll
0x00007ffa4d5d0000 - 0x00007ffa4d657000 	C:\Users\hp\.p2\pool\plugins\org.eclipse.justj.openjdk.hotspot.jre.full.win32.x86_64_22.0.2.v20240802-1626\jre\bin\freetype.dll
0x00007ffa4c2d0000 - 0x00007ffa4c3a8000 	C:\Users\hp\.p2\pool\plugins\org.eclipse.justj.openjdk.hotspot.jre.full.win32.x86_64_22.0.2.v20240802-1626\jre\bin\fontmanager.dll
0x00007ffa4d740000 - 0x00007ffa4d88e000 	C:\Windows\SYSTEM32\textinputframework.dll
0x00007ffa60a20000 - 0x00007ffa60b53000 	C:\Windows\SYSTEM32\CoreMessaging.dll
0x00007ffa5dc70000 - 0x00007ffa5dfdd000 	C:\Windows\SYSTEM32\CoreUIComponents.dll
0x00007ffa66440000 - 0x00007ffa6644c000 	C:\Windows\SYSTEM32\CRYPTBASE.DLL
0x00007ffa68bf0000 - 0x00007ffa68ca0000 	C:\Windows\System32\clbcatq.dll
0x00007ffa63bb0000 - 0x00007ffa63d61000 	C:\Windows\SYSTEM32\WindowsCodecs.dll
0x00007ffa355c0000 - 0x00007ffa3561e000 	C:\Windows\system32\dataexchange.dll
0x00007ffa5c350000 - 0x00007ffa5c5da000 	C:\Windows\system32\twinapi.appcore.dll

dbghelp: loaded successfully - version: 4.0.5 - missing functions: none
symbol engine: initialized successfully - sym options: 0x614 - pdb path: .;C:\Users\hp\.p2\pool\plugins\org.eclipse.justj.openjdk.hotspot.jre.full.win32.x86_64_22.0.2.v20240802-1626\jre\bin;C:\Windows\SYSTEM32;C:\Windows\WinSxS\amd64_microsoft.windows.common-controls_6595b64144ccf1df_6.0.22621.3672_none_2713b9d173822955;C:\Users\hp\.p2\pool\plugins\org.eclipse.justj.openjdk.hotspot.jre.full.win32.x86_64_22.0.2.v20240802-1626\jre\bin\server

VM Arguments:
jvm_args: -Dfile.encoding=UTF-8 -Dstdout.encoding=UTF-8 -Dstderr.encoding=UTF-8 -XX:+ShowCodeDetailsInExceptionMessages 
java_command: event_Management.add_newitem
java_class_path (initial): D:\AsifKhan\Java Development\Technical_Event_Manager\build\classes;C:\Users\hp\Downloads\mysql-connector-java-8.0.28.jar
Launcher Type: SUN_STANDARD

[Global flags]
     intx CICompilerCount                          = 4                                         {product} {ergonomic}
     uint ConcGCThreads                            = 2                                         {product} {ergonomic}
     uint G1ConcRefinementThreads                  = 8                                         {product} {ergonomic}
   size_t G1HeapRegionSize                         = 1048576                                   {product} {ergonomic}
   size_t InitialHeapSize                          = 134217728                                 {product} {ergonomic}
   size_t MarkStackSize                            = 4194304                                   {product} {ergonomic}
   size_t MaxHeapSize                              = 2118123520                                {product} {ergonomic}
   size_t MaxNewSize                               = 1270874112                                {product} {ergonomic}
   size_t MinHeapDeltaBytes                        = 1048576                                   {product} {ergonomic}
   size_t MinHeapSize                              = 8388608                                   {product} {ergonomic}
    uintx NonNMethodCodeHeapSize                   = 5839372                                {pd product} {ergonomic}
    uintx NonProfiledCodeHeapSize                  = 122909434                              {pd product} {ergonomic}
    uintx ProfiledCodeHeapSize                     = 122909434                              {pd product} {ergonomic}
    uintx ReservedCodeCacheSize                    = 251658240                              {pd product} {ergonomic}
     bool SegmentedCodeCache                       = true                                      {product} {ergonomic}
     bool ShowCodeDetailsInExceptionMessages       = true                                   {manageable} {command line}
   size_t SoftMaxHeapSize                          = 2118123520                             {manageable} {ergonomic}
     bool UseCompressedOops                        = true                           {product lp64_product} {ergonomic}
     bool UseG1GC                                  = true                                      {product} {ergonomic}
     bool UseLargePagesIndividualAllocation        = false                                  {pd product} {ergonomic}

Logging:
Log output configuration:
 #0: stdout all=warning uptime,level,tags foldmultilines=false
 #1: stderr all=off uptime,level,tags foldmultilines=false

Environment Variables:
PATH=C:/Users/hp/.p2/pool/plugins/org.eclipse.justj.openjdk.hotspot.jre.full.win32.x86_64_22.0.2.v20240802-1626/jre/bin/server;C:/Users/hp/.p2/pool/plugins/org.eclipse.justj.openjdk.hotspot.jre.full.win32.x86_64_22.0.2.v20240802-1626/jre/bin;C:\Windows\system32;C:\Windows;C:\Windows\System32\Wbem;C:\Windows\System32\WindowsPowerShell\v1.0\;C:\Windows\System32\OpenSSH\;C:\Program Files\dotnet\;C:\Program Files\MySQL\MySQL Shell 8.0\bin\;C:\Users\hp\AppData\Local\Programs\Python\Python312\Scripts\;C:\Users\hp\AppData\Local\Programs\Python\Python312\;C:\Users\hp\AppData\Local\Programs\Python\Launcher\;C:\Users\hp\AppData\Local\Microsoft\WindowsApps;C:\Users\hp\AppData\Local\Muse Hub\lib;C:\Users\hp\OneDrive\Desktop;
USERNAME=hp
OS=Windows_NT
PROCESSOR_IDENTIFIER=Intel64 Family 6 Model 142 Stepping 11, GenuineIntel
TMP=C:\Users\hp\AppData\Local\Temp
TEMP=C:\Users\hp\AppData\Local\Temp




Periodic native trim disabled

---------------  S Y S T E M  ---------------

OS:
 Windows 11 , 64 bit Build 22621 (10.0.22621.3958)
OS uptime: 1 days 10:12 hours

CPU: total 8 (initial active 8) (4 cores per cpu, 2 threads per core) family 6 model 142 stepping 11 microcode 0xde, cx8, cmov, fxsr, ht, mmx, 3dnowpref, sse, sse2, sse3, ssse3, sse4.1, sse4.2, popcnt, lzcnt, tsc, tscinvbit, avx, avx2, aes, erms, clmul, bmi1, bmi2, adx, fma, vzeroupper, clflush, clflushopt, rdtscp, f16c
Processor Information for all 8 processors :
  Max Mhz: 1800, Current Mhz: 1600, Mhz Limit: 1584

Memory: 4k page, system-wide physical 8079M (349M free)
TotalPageFile size 32655M (AvailPageFile size 1888M)
current process WorkingSet (physical memory assigned to process): 23M, peak: 87M
current process commit charge ("private bytes"): 222M, peak: 231M

vm_info: OpenJDK 64-Bit Server VM (22.0.2+9) for windows-amd64 JRE (22.0.2+9), built on 2024-07-16T00:00:00Z by "admin" with MS VC++ 17.7 (VS2022)

END.
